#
# There is insufficient memory for the Java Runtime Environment to continue.
# Native memory allocation (mmap) failed to map 2064384 bytes for G1 virtual space
# Possible reasons:
#   The system is out of physical RAM or swap space
#   The process is running with CompressedOops enabled, and the Java Heap may be blocking the growth of the native heap
# Possible solutions:
#   Reduce memory load on the system
#   Increase physical memory or swap space
#   Check if swap backing store is full
#   Decrease Java heap size (-Xmx/-Xms)
#   Decrease number of Java threads
#   Decrease Java thread stack sizes (-Xss)
#   Set larger code cache with -XX:ReservedCodeCacheSize=
#   JVM is running with Unscaled Compressed Oops mode in which the Java heap is
#     placed in the first 4GB address space. The Java Heap base address is the
#     maximum limit for the native heap growth. Please use -XX:HeapBaseMinAddress
#     to set the Java Heap base and to place the Java Heap above 4GB virtual address.
# This output file may be truncated or incomplete.
#
#  Out of Memory Error (os_windows.cpp:3769), pid=4184, tid=14744
#
# JRE version:  (17.0.6) (build )
# Java VM: OpenJDK 64-Bit Server VM (17.0.6+0-b2043.56-10027231, mixed mode, sharing, tiered, compressed oops, compressed class ptrs, g1 gc, windows-amd64)
# No core dump will be written. Minidumps are not enabled by default on client versions of Windows
#

---------------  S U M M A R Y ------------

Command Line: 

Host: 11th Gen Intel(R) Core(TM) i5-1135G7 @ 2.40GHz, 8 cores, 7G,  Windows 10 , 64 bit Build 19041 (10.0.19041.3636)
Time: Fri Jun  7 19:20:08 2024 Türkiye Standart Saati elapsed time: 0.017479 seconds (0d 0h 0m 0s)

---------------  T H R E A D  ---------------

Current thread (0x000001962a421440):  JavaThread "Unknown thread" [_thread_in_vm, id=14744, stack(0x0000001201400000,0x0000001201500000)]

Stack: [0x0000001201400000,0x0000001201500000]
Native frames: (J=compiled Java code, j=interpreted, Vv=VM code, C=native code)
V  [jvm.dll+0x683c9a]
V  [jvm.dll+0x8427a4]
V  [jvm.dll+0x843f9e]
V  [jvm.dll+0x844603]
V  [jvm.dll+0x249b75]
V  [jvm.dll+0x680b69]
V  [jvm.dll+0x67505a]
V  [jvm.dll+0x309acb]
V  [jvm.dll+0x310f86]
V  [jvm.dll+0x360903]
V  [jvm.dll+0x360b1f]
V  [jvm.dll+0x2dfbf8]
V  [jvm.dll+0x2e0b64]
V  [jvm.dll+0x814091]
V  [jvm.dll+0x36e6a1]
V  [jvm.dll+0x7f35cc]
V  [jvm.dll+0x3f0e8f]
V  [jvm.dll+0x3f29d1]
C  [jli.dll+0x526b]
C  [ucrtbase.dll+0x21bb2]
C  [KERNEL32.DLL+0x17344]
C  [ntdll.dll+0x526b1]


---------------  P R O C E S S  ---------------

Threads class SMR info:
_java_thread_list=0x00007ffd8afcc058, length=0, elements={
}

Java Threads: ( => current thread )

Other Threads:
  0x000001962a47a7b0 GCTaskThread "GC Thread#0" [stack: 0x0000001201500000,0x0000001201600000] [id=12540]
  0x000001962a48b0b0 ConcurrentGCThread "G1 Main Marker" [stack: 0x0000001201600000,0x0000001201700000] [id=17780]
  0x000001962a48c260 ConcurrentGCThread "G1 Conc#0" [stack: 0x0000001201700000,0x0000001201800000] [id=6588]

[error occurred during error reporting (printing all threads), id 0xc0000005, EXCEPTION_ACCESS_VIOLATION (0xc0000005) at pc=0x00007ffd8a780797]

VM state: not at safepoint (not fully initialized)

VM Mutex/Monitor currently owned by a thread:  ([mutex/lock_event])
[0x000001962a41d2d0] Heap_lock - owner thread: 0x000001962a421440

Heap address: 0x0000000083200000, size: 1998 MB, Compressed Oops mode: 32-bit

CDS archive(s) mapped at: [0x0000000000000000-0x0000000000000000-0x0000000000000000), size 0, SharedBaseAddress: 0x0000000800000000, ArchiveRelocationMode: 0.
Narrow klass base: 0x0000000000000000, Narrow klass shift: 0, Narrow klass range: 0x0

GC Precious Log:
<Empty>

Heap:
 garbage-first heap   total 0K, used 0K [0x0000000083200000, 0x0000000100000000)
  region size 1024K, 0 young (0K), 0 survivors (0K)

[error occurred during error reporting (printing heap information), id 0xc0000005, EXCEPTION_ACCESS_VIOLATION (0xc0000005) at pc=0x00007ffd8ab6da89]

GC Heap History (0 events):
No events

Dll operation events (1 events):
Event: 0.009 Loaded shared library C:\Program Files\Android\Android Studio\jbr\bin\java.dll

Deoptimization events (0 events):
No events

Classes unloaded (0 events):
No events

Classes redefined (0 events):
No events

Internal exceptions (0 events):
No events

VM Operations (0 events):
No events

Events (0 events):
No events


Dynamic libraries:
0x00007ff7ca1f0000 - 0x00007ff7ca1fa000 	C:\Program Files\Android\Android Studio\jbr\bin\java.EXE
0x00007ffe4dcd0000 - 0x00007ffe4dec8000 	C:\WINDOWS\SYSTEM32\ntdll.dll
0x00007ffe4c9b0000 - 0x00007ffe4ca6d000 	C:\WINDOWS\System32\KERNEL32.DLL
0x00007ffe4b950000 - 0x00007ffe4bc46000 	C:\WINDOWS\System32\KERNELBASE.dll
0x00007ffe4b380000 - 0x00007ffe4b480000 	C:\WINDOWS\System32\ucrtbase.dll
0x00007ffe0ce90000 - 0x00007ffe0ceab000 	C:\Program Files\Android\Android Studio\jbr\bin\VCRUNTIME140.dll
0x00007ffe097e0000 - 0x00007ffe097f7000 	C:\Program Files\Android\Android Studio\jbr\bin\jli.dll
0x00007ffe4daf0000 - 0x00007ffe4dc8f000 	C:\WINDOWS\System32\USER32.dll
0x00007ffe4b8d0000 - 0x00007ffe4b8f2000 	C:\WINDOWS\System32\win32u.dll
0x00007ffe33910000 - 0x00007ffe33baa000 	C:\WINDOWS\WinSxS\amd64_microsoft.windows.common-controls_6595b64144ccf1df_6.0.19041.4355_none_60b8b9eb71f62e16\COMCTL32.dll
0x00007ffe4c710000 - 0x00007ffe4c7ae000 	C:\WINDOWS\System32\msvcrt.dll
0x00007ffe4d270000 - 0x00007ffe4d29b000 	C:\WINDOWS\System32\GDI32.dll
0x00007ffe4b550000 - 0x00007ffe4b667000 	C:\WINDOWS\System32\gdi32full.dll
0x00007ffe4b480000 - 0x00007ffe4b51d000 	C:\WINDOWS\System32\msvcp_win.dll
0x00007ffe4ca70000 - 0x00007ffe4caa2000 	C:\WINDOWS\System32\IMM32.DLL
0x00007ffe43110000 - 0x00007ffe4311c000 	C:\Program Files\Android\Android Studio\jbr\bin\vcruntime140_1.dll
0x00007ffde2ec0000 - 0x00007ffde2f4d000 	C:\Program Files\Android\Android Studio\jbr\bin\msvcp140.dll
0x00007ffd8a490000 - 0x00007ffd8b0fe000 	C:\Program Files\Android\Android Studio\jbr\bin\server\jvm.dll
0x00007ffe4cab0000 - 0x00007ffe4cb60000 	C:\WINDOWS\System32\ADVAPI32.dll
0x00007ffe4bd60000 - 0x00007ffe4be00000 	C:\WINDOWS\System32\sechost.dll
0x00007ffe4cb60000 - 0x00007ffe4cc83000 	C:\WINDOWS\System32\RPCRT4.dll
0x00007ffe4b520000 - 0x00007ffe4b547000 	C:\WINDOWS\System32\bcrypt.dll
0x00007ffe41610000 - 0x00007ffe4161a000 	C:\WINDOWS\SYSTEM32\VERSION.dll
0x00007ffe49350000 - 0x00007ffe49377000 	C:\WINDOWS\SYSTEM32\WINMM.dll
0x00007ffe2ef30000 - 0x00007ffe2ef39000 	C:\WINDOWS\SYSTEM32\WSOCK32.dll
0x00007ffe4cc90000 - 0x00007ffe4ccfb000 	C:\WINDOWS\System32\ws2_32.DLL
0x00007ffe49b90000 - 0x00007ffe49ba2000 	C:\WINDOWS\SYSTEM32\kernel.appcore.dll
0x00007ffe21040000 - 0x00007ffe2104a000 	C:\Program Files\Android\Android Studio\jbr\bin\jimage.dll
0x00007ffe48da0000 - 0x00007ffe48f84000 	C:\WINDOWS\SYSTEM32\DBGHELP.DLL
0x00007ffe395a0000 - 0x00007ffe395d4000 	C:\WINDOWS\SYSTEM32\dbgcore.DLL
0x00007ffe4b840000 - 0x00007ffe4b8c2000 	C:\WINDOWS\System32\bcryptPrimitives.dll
0x00007ffdf5cc0000 - 0x00007ffdf5ce5000 	C:\Program Files\Android\Android Studio\jbr\bin\java.dll

dbghelp: loaded successfully - version: 4.0.5 - missing functions: none
symbol engine: initialized successfully - sym options: 0x614 - pdb path: .;C:\Program Files\Android\Android Studio\jbr\bin;C:\WINDOWS\SYSTEM32;C:\WINDOWS\WinSxS\amd64_microsoft.windows.common-controls_6595b64144ccf1df_6.0.19041.4355_none_60b8b9eb71f62e16;C:\Program Files\Android\Android Studio\jbr\bin\server

VM Arguments:
java_command: <unknown>
java_class_path (initial): <not set>
Launcher Type: SUN_STANDARD

[Global flags]
     intx CICompilerCount                          = 4                                         {product} {ergonomic}
     uint ConcGCThreads                            = 2                                         {product} {ergonomic}
     uint G1ConcRefinementThreads                  = 8                                         {product} {ergonomic}
   size_t G1HeapRegionSize                         = 1048576                                   {product} {ergonomic}
    uintx GCDrainStackTargetSize                   = 64                                        {product} {ergonomic}
   size_t InitialHeapSize                          = 132120576                                 {product} {ergonomic}
   size_t MarkStackSize                            = 4194304                                   {product} {ergonomic}
   size_t MaxHeapSize                              = 2095054848                                {product} {ergonomic}
   size_t MinHeapDeltaBytes                        = 1048576                                   {product} {ergonomic}
   size_t MinHeapSize                              = 8388608                                   {product} {ergonomic}
    uintx NonNMethodCodeHeapSize                   = 5839372                                {pd product} {ergonomic}
    uintx NonProfiledCodeHeapSize                  = 122909434                              {pd product} {ergonomic}
    uintx ProfiledCodeHeapSize                     = 122909434                              {pd product} {ergonomic}
    uintx ReservedCodeCacheSize                    = 251658240                              {pd product} {ergonomic}
     bool SegmentedCodeCache                       = true                                      {product} {ergonomic}
   size_t SoftMaxHeapSize                          = 2095054848                             {manageable} {ergonomic}
     bool UseCompressedClassPointers               = true                           {product lp64_product} {ergonomic}
     bool UseCompressedOops                        = true                           {product lp64_product} {ergonomic}
     bool UseG1GC                                  = true                                      {product} {ergonomic}
     bool UseLargePagesIndividualAllocation        = false                                  {pd product} {ergonomic}

Logging:
Log output configuration:
 #0: stdout all=warning uptime,level,tags
 #1: stderr all=off uptime,level,tags

Environment Variables:
PATH=C:\Python312\Scripts\;C:\Python312\;D:\src\flutter\bin;C:\Program Files\dotnet\;C:\ProgramData\chocolatey\bin;D:\MATRIKS;D:\MATRIKS\System32\;D:\Git\cmd;C:\Windows\System32;C:\Users\zeoon\AppData\Local\Android\Sdk\platform-tools;D:\src\flutter\bin;C:\Users\zeoon\.dotnet\tools;C:\Users\zeoon\AppData\Local\Programs\Microsoft VS Code\bin;C:\Users\zeoon\AppData\Local\GitHubDesktop\bin;D:\src\flutter\bin\mingit\cmd;D:\src\flutter\bin\mingit\cmd
USERNAME=zeoon
OS=Windows_NT
PROCESSOR_IDENTIFIER=Intel64 Family 6 Model 140 Stepping 1, GenuineIntel
TMP=C:\Users\zeoon\AppData\Local\Temp
TEMP=C:\Users\zeoon\AppData\Local\Temp


JNI global refs:

[error occurred during error reporting (JNI global references), id 0xc0000005, EXCEPTION_ACCESS_VIOLATION (0xc0000005) at pc=0x00007ffd8a547a10]


---------------  S Y S T E M  ---------------

OS:
 Windows 10 , 64 bit Build 19041 (10.0.19041.3636)
OS uptime: 0 days 0:48 hours

CPU: total 8 (initial active 8) (4 cores per cpu, 2 threads per core) family 6 model 140 stepping 1 microcode 0x8a, cx8, cmov, fxsr, ht, mmx, 3dnowpref, sse, sse2, sse3, ssse3, sse4.1, sse4.2, popcnt, lzcnt, tsc, tscinvbit, avx, avx2, aes, erms, clmul, bmi1, bmi2, adx, avx512f, avx512dq, avx512cd, avx512bw, avx512vl, sha, fma, vzeroupper, avx512_vpopcntdq, avx512_vpclmulqdq, avx512_vaes, avx512_vnni, clflush, clflushopt, clwb, avx512_vbmi2, avx512_vbmi

Memory: 4k page, system-wide physical 7991M (411M free)
TotalPageFile size 18142M (AvailPageFile size 6M)
current process WorkingSet (physical memory assigned to process): 10M, peak: 10M
current process commit charge ("private bytes"): 186M, peak: 188M

vm_info: OpenJDK 64-Bit Server VM (17.0.6+0-b2043.56-10027231) for windows-amd64 JRE (17.0.6+0-b2043.56-10027231), built on Apr 28 2023 00:43:19 by "androidbuild" with MS VC++ 16.10 / 16.11 (VS2019)

END.
