#
# There is insufficient memory for the Java Runtime Environment to continue.
# Native memory allocation (malloc) failed to allocate 1116384 bytes for Chunk::new
# Possible reasons:
#   The system is out of physical RAM or swap space
#   The process is running with CompressedOops enabled, and the Java Heap may be blocking the growth of the native heap
# Possible solutions:
#   Reduce memory load on the system
#   Increase physical memory or swap space
#   Check if swap backing store is full
#   Decrease Java heap size (-Xmx/-Xms)
#   Decrease number of Java threads
#   Decrease Java thread stack sizes (-Xss)
#   Set larger code cache with -XX:ReservedCodeCacheSize=
#   JVM is running with Unscaled Compressed Oops mode in which the Java heap is
#     placed in the first 4GB address space. The Java Heap base address is the
#     maximum limit for the native heap growth. Please use -XX:HeapBaseMinAddress
#     to set the Java Heap base and to place the Java Heap above 4GB virtual address.
# This output file may be truncated or incomplete.
#
#  Out of Memory Error (arena.cpp:189), pid=17080, tid=5732
#
# JRE version: OpenJDK Runtime Environment (17.0.6) (build 17.0.6+0-b2043.56-10027231)
# Java VM: OpenJDK 64-Bit Server VM (17.0.6+0-b2043.56-10027231, mixed mode, tiered, compressed oops, compressed class ptrs, g1 gc, windows-amd64)
# No core dump will be written. Minidumps are not enabled by default on client versions of Windows
#

---------------  S U M M A R Y ------------

Command Line: --add-opens=java.base/java.util=ALL-UNNAMED --add-opens=java.base/java.lang=ALL-UNNAMED --add-opens=java.base/java.lang.invoke=ALL-UNNAMED --add-opens=java.base/java.util=ALL-UNNAMED --add-opens=java.prefs/java.util.prefs=ALL-UNNAMED --add-opens=java.prefs/java.util.prefs=ALL-UNNAMED --add-opens=java.base/java.nio.charset=ALL-UNNAMED --add-opens=java.base/java.net=ALL-UNNAMED --add-opens=java.base/java.util.concurrent.atomic=ALL-UNNAMED -Xmx1536M -Dfile.encoding=windows-1254 -Duser.country=TR -Duser.language=tr -Duser.variant org.gradle.launcher.daemon.bootstrap.GradleDaemon 7.5

Host: 11th Gen Intel(R) Core(TM) i5-1135G7 @ 2.40GHz, 8 cores, 7G,  Windows 10 , 64 bit Build 19041 (10.0.19041.3636)
Time: Fri Jun  7 14:26:48 2024 Türkiye Standart Saati elapsed time: 9.186320 seconds (0d 0h 0m 9s)

---------------  T H R E A D  ---------------

Current thread (0x0000029cb040cc80):  JavaThread "C2 CompilerThread0" daemon [_thread_in_native, id=5732, stack(0x000000be66400000,0x000000be66500000)]


Current CompileTask:
C2:   9186 3957   !   4       jdk.internal.loader.URLClassPath$JarLoader::getResource (354 bytes)

Stack: [0x000000be66400000,0x000000be66500000]
Native frames: (J=compiled Java code, j=interpreted, Vv=VM code, C=native code)
V  [jvm.dll+0x683c9a]
V  [jvm.dll+0x8427a4]
V  [jvm.dll+0x843f9e]
V  [jvm.dll+0x844603]
V  [jvm.dll+0x249b75]
V  [jvm.dll+0xabcac]
V  [jvm.dll+0xac27c]
V  [jvm.dll+0x368857]
V  [jvm.dll+0x1bcd52]
V  [jvm.dll+0x21c359]
V  [jvm.dll+0x21b621]
V  [jvm.dll+0x1a4fdd]
V  [jvm.dll+0x22b098]
V  [jvm.dll+0x229159]
V  [jvm.dll+0x7f81ec]
V  [jvm.dll+0x7f274a]
V  [jvm.dll+0x682ad5]
C  [ucrtbase.dll+0x21bb2]
C  [KERNEL32.DLL+0x17344]
C  [ntdll.dll+0x526b1]


---------------  P R O C E S S  ---------------

Threads class SMR info:
_java_thread_list=0x0000029cb50ec110, length=39, elements={
0x0000029c96f61480, 0x0000029cafaba560, 0x0000029cafabba40, 0x0000029cafae5b80,
0x0000029cafae8650, 0x0000029cafae8f10, 0x0000029cb040c090, 0x0000029cb040cc80,
0x0000029cb042a0c0, 0x0000029cb042e660, 0x0000029cb05adf80, 0x0000029cb05b5090,
0x0000029cb1e694b0, 0x0000029cb289f090, 0x0000029cb1e72820, 0x0000029cb2855d80,
0x0000029cb28571c0, 0x0000029cb2899020, 0x0000029cb1ed1430, 0x0000029cb1ef3500,
0x0000029cb1ef4840, 0x0000029cb1ef39d0, 0x0000029cb1ef3ea0, 0x0000029cb1ef6520,
0x0000029cb1ef51e0, 0x0000029cb1ef4370, 0x0000029cb1ef6050, 0x0000029cb1ef3030,
0x0000029cb1ef2b60, 0x0000029cb1ef56b0, 0x0000029cb1ef4d10, 0x0000029cb1ef5b80,
0x0000029cb2ebb2f0, 0x0000029cb2ebbc90, 0x0000029cb2eba950, 0x0000029cb2eb8c70,
0x0000029cb2ebf650, 0x0000029cb2ebd970, 0x0000029cb2eb9fb0
}

Java Threads: ( => current thread )
  0x0000029c96f61480 JavaThread "main" [_thread_blocked, id=2136, stack(0x000000be65700000,0x000000be65800000)]
  0x0000029cafaba560 JavaThread "Reference Handler" daemon [_thread_blocked, id=15184, stack(0x000000be65e00000,0x000000be65f00000)]
  0x0000029cafabba40 JavaThread "Finalizer" daemon [_thread_blocked, id=19548, stack(0x000000be65f00000,0x000000be66000000)]
  0x0000029cafae5b80 JavaThread "Signal Dispatcher" daemon [_thread_blocked, id=17700, stack(0x000000be66000000,0x000000be66100000)]
  0x0000029cafae8650 JavaThread "Attach Listener" daemon [_thread_blocked, id=5812, stack(0x000000be66100000,0x000000be66200000)]
  0x0000029cafae8f10 JavaThread "Service Thread" daemon [_thread_blocked, id=8024, stack(0x000000be66200000,0x000000be66300000)]
  0x0000029cb040c090 JavaThread "Monitor Deflation Thread" daemon [_thread_blocked, id=17176, stack(0x000000be66300000,0x000000be66400000)]
=>0x0000029cb040cc80 JavaThread "C2 CompilerThread0" daemon [_thread_in_native, id=5732, stack(0x000000be66400000,0x000000be66500000)]
  0x0000029cb042a0c0 JavaThread "C1 CompilerThread0" daemon [_thread_blocked, id=3372, stack(0x000000be66500000,0x000000be66600000)]
  0x0000029cb042e660 JavaThread "Sweeper thread" daemon [_thread_blocked, id=8788, stack(0x000000be66600000,0x000000be66700000)]
  0x0000029cb05adf80 JavaThread "Common-Cleaner" daemon [_thread_blocked, id=14396, stack(0x000000be66700000,0x000000be66800000)]
  0x0000029cb05b5090 JavaThread "Notification Thread" daemon [_thread_blocked, id=12008, stack(0x000000be66800000,0x000000be66900000)]
  0x0000029cb1e694b0 JavaThread "Daemon health stats" [_thread_blocked, id=19668, stack(0x000000be66e00000,0x000000be66f00000)]
  0x0000029cb289f090 JavaThread "Incoming local TCP Connector on port 48762" [_thread_in_native, id=12512, stack(0x000000be66f00000,0x000000be67000000)]
  0x0000029cb1e72820 JavaThread "Daemon periodic checks" [_thread_blocked, id=17096, stack(0x000000be67000000,0x000000be67100000)]
  0x0000029cb2855d80 JavaThread "Daemon" [_thread_blocked, id=16800, stack(0x000000be67100000,0x000000be67200000)]
  0x0000029cb28571c0 JavaThread "Handler for socket connection from /127.0.0.1:48762 to /127.0.0.1:48763" [_thread_in_native, id=2916, stack(0x000000be67200000,0x000000be67300000)]
  0x0000029cb2899020 JavaThread "Cancel handler" [_thread_blocked, id=1908, stack(0x000000be67300000,0x000000be67400000)]
  0x0000029cb1ed1430 JavaThread "Daemon worker" [_thread_in_vm, id=16552, stack(0x000000be67400000,0x000000be67500000)]
  0x0000029cb1ef3500 JavaThread "Asynchronous log dispatcher for DefaultDaemonConnection: socket connection from /127.0.0.1:48762 to /127.0.0.1:48763" [_thread_blocked, id=16888, stack(0x000000be67500000,0x000000be67600000)]
  0x0000029cb1ef4840 JavaThread "Stdin handler" [_thread_blocked, id=13348, stack(0x000000be67600000,0x000000be67700000)]
  0x0000029cb1ef39d0 JavaThread "Daemon client event forwarder" [_thread_blocked, id=19656, stack(0x000000be67700000,0x000000be67800000)]
  0x0000029cb1ef3ea0 JavaThread "Cache worker for journal cache (C:\Users\zeoon\.gradle\caches\journal-1)" [_thread_blocked, id=2700, stack(0x000000be67800000,0x000000be67900000)]
  0x0000029cb1ef6520 JavaThread "File lock request listener" [_thread_in_native, id=19192, stack(0x000000be67900000,0x000000be67a00000)]
  0x0000029cb1ef51e0 JavaThread "Cache worker for file hash cache (C:\Users\zeoon\.gradle\caches\7.5\fileHashes)" [_thread_blocked, id=19520, stack(0x000000be67e00000,0x000000be67f00000)]
  0x0000029cb1ef4370 JavaThread "File watcher server" daemon [_thread_in_native, id=6616, stack(0x000000be67f00000,0x000000be68000000)]
  0x0000029cb1ef6050 JavaThread "File watcher consumer" daemon [_thread_blocked, id=18116, stack(0x000000be68000000,0x000000be68100000)]
  0x0000029cb1ef3030 JavaThread "Cache worker for checksums cache (D:\GitHub\McQueenCourier\android\.gradle\7.5\checksums)" [_thread_blocked, id=2644, stack(0x000000be68100000,0x000000be68200000)]
  0x0000029cb1ef2b60 JavaThread "Cache worker for cache directory md-rule (C:\Users\zeoon\.gradle\caches\7.5\md-rule)" [_thread_blocked, id=2620, stack(0x000000be68200000,0x000000be68300000)]
  0x0000029cb1ef56b0 JavaThread "Cache worker for file content cache (C:\Users\zeoon\.gradle\caches\7.5\fileContent)" [_thread_blocked, id=6092, stack(0x000000be68300000,0x000000be68400000)]
  0x0000029cb1ef4d10 JavaThread "Cache worker for file hash cache (D:\GitHub\McQueenCourier\android\.gradle\7.5\fileHashes)" [_thread_blocked, id=19764, stack(0x000000be68400000,0x000000be68500000)]
  0x0000029cb1ef5b80 JavaThread "Cache worker for cache directory md-supplier (C:\Users\zeoon\.gradle\caches\7.5\md-supplier)" [_thread_blocked, id=16536, stack(0x000000be68500000,0x000000be68600000)]
  0x0000029cb2ebb2f0 JavaThread "Cache worker for execution history cache (C:\Users\zeoon\.gradle\caches\7.5\executionHistory)" [_thread_blocked, id=4188, stack(0x000000be68600000,0x000000be68700000)]
  0x0000029cb2ebbc90 JavaThread "jar transforms" [_thread_blocked, id=14016, stack(0x000000be68700000,0x000000be68800000)]
  0x0000029cb2eba950 JavaThread "jar transforms Thread 2" [_thread_blocked, id=11752, stack(0x000000be68800000,0x000000be68900000)]
  0x0000029cb2eb8c70 JavaThread "jar transforms Thread 3" [_thread_blocked, id=7424, stack(0x000000be68900000,0x000000be68a00000)]
  0x0000029cb2ebf650 JavaThread "jar transforms Thread 4" [_thread_blocked, id=5332, stack(0x000000be68a00000,0x000000be68b00000)]
  0x0000029cb2ebd970 JavaThread "jar transforms Thread 5" [_thread_blocked, id=3848, stack(0x000000be68b00000,0x000000be68c00000)]
  0x0000029cb2eb9fb0 JavaThread "jar transforms Thread 6" [_thread_blocked, id=13552, stack(0x000000be68c00000,0x000000be68d00000)]

Other Threads:
  0x0000029cafab2c70 VMThread "VM Thread" [stack: 0x000000be65d00000,0x000000be65e00000] [id=13484]
  0x0000029cb05abc50 WatcherThread [stack: 0x000000be66900000,0x000000be66a00000] [id=13724]
  0x0000029c96faf940 GCTaskThread "GC Thread#0" [stack: 0x000000be65800000,0x000000be65900000] [id=16880]
  0x0000029cb0f801a0 GCTaskThread "GC Thread#1" [stack: 0x000000be66a00000,0x000000be66b00000] [id=4656]
  0x0000029cb07773d0 GCTaskThread "GC Thread#2" [stack: 0x000000be66b00000,0x000000be66c00000] [id=2996]
  0x0000029cb1342a60 GCTaskThread "GC Thread#3" [stack: 0x000000be66c00000,0x000000be66d00000] [id=6476]
  0x0000029cb094c180 GCTaskThread "GC Thread#4" [stack: 0x000000be66d00000,0x000000be66e00000] [id=17620]
  0x0000029cb28e9660 GCTaskThread "GC Thread#5" [stack: 0x000000be67a00000,0x000000be67b00000] [id=1952]
  0x0000029cb295fc90 GCTaskThread "GC Thread#6" [stack: 0x000000be67b00000,0x000000be67c00000] [id=14772]
  0x0000029cb1f62590 GCTaskThread "GC Thread#7" [stack: 0x000000be67c00000,0x000000be67d00000] [id=19628]
  0x0000029c96fbc790 ConcurrentGCThread "G1 Main Marker" [stack: 0x000000be65900000,0x000000be65a00000] [id=2664]
  0x0000029c96fbd0b0 ConcurrentGCThread "G1 Conc#0" [stack: 0x000000be65a00000,0x000000be65b00000] [id=2744]
  0x0000029cb1d4efa0 ConcurrentGCThread "G1 Conc#1" [stack: 0x000000be67d00000,0x000000be67e00000] [id=1996]
  0x0000029caf9100a0 ConcurrentGCThread "G1 Refine#0" [stack: 0x000000be65b00000,0x000000be65c00000] [id=14252]
  0x0000029caf9109d0 ConcurrentGCThread "G1 Service" [stack: 0x000000be65c00000,0x000000be65d00000] [id=8276]

Threads with active compile tasks:
C2 CompilerThread0     9292 3957   !   4       jdk.internal.loader.URLClassPath$JarLoader::getResource (354 bytes)

VM state: not at safepoint (normal execution)

VM Mutex/Monitor currently owned by a thread: None

Heap address: 0x00000000a0000000, size: 1536 MB, Compressed Oops mode: 32-bit

CDS archive(s) not mapped
Compressed class space mapped at: 0x0000000100000000-0x0000000140000000, reserved size: 1073741824
Narrow klass base: 0x0000000000000000, Narrow klass shift: 3, Narrow klass range: 0x140000000

GC Precious Log:
 CPUs: 8 total, 8 available
 Memory: 7991M
 Large Page Support: Disabled
 NUMA Support: Disabled
 Compressed Oops: Enabled (32-bit)
 Heap Region Size: 1M
 Heap Min Capacity: 8M
 Heap Initial Capacity: 126M
 Heap Max Capacity: 1536M
 Pre-touch: Disabled
 Parallel Workers: 8
 Concurrent Workers: 2
 Concurrent Refinement Workers: 8
 Periodic GC: Disabled

Heap:
 garbage-first heap   total 65536K, used 45111K [0x00000000a0000000, 0x0000000100000000)
  region size 1024K, 21 young (21504K), 3 survivors (3072K)
 Metaspace       used 42907K, committed 43264K, reserved 1089536K
  class space    used 5580K, committed 5696K, reserved 1048576K

Heap Regions: E=young(eden), S=young(survivor), O=old, HS=humongous(starts), HC=humongous(continues), CS=collection set, F=free, OA=open archive, CA=closed archive, TAMS=top-at-mark-start (previous, next)
|   0|0x00000000a0000000, 0x00000000a0100000, 0x00000000a0100000|100%| O|  |TAMS 0x00000000a0100000, 0x00000000a0000000| Untracked 
|   1|0x00000000a0100000, 0x00000000a0200000, 0x00000000a0200000|100%| O|  |TAMS 0x00000000a0200000, 0x00000000a0100000| Untracked 
|   2|0x00000000a0200000, 0x00000000a0300000, 0x00000000a0300000|100%| O|  |TAMS 0x00000000a0300000, 0x00000000a0200000| Untracked 
|   3|0x00000000a0300000, 0x00000000a0400000, 0x00000000a0400000|100%|HS|  |TAMS 0x00000000a0400000, 0x00000000a0300000| Complete 
|   4|0x00000000a0400000, 0x00000000a0500000, 0x00000000a0500000|100%|HC|  |TAMS 0x00000000a0500000, 0x00000000a0400000| Complete 
|   5|0x00000000a0500000, 0x00000000a0600000, 0x00000000a0600000|100%|HC|  |TAMS 0x00000000a0600000, 0x00000000a0500000| Complete 
|   6|0x00000000a0600000, 0x00000000a0700000, 0x00000000a0700000|100%| O|  |TAMS 0x00000000a0700000, 0x00000000a0600000| Untracked 
|   7|0x00000000a0700000, 0x00000000a0800000, 0x00000000a0800000|100%| O|  |TAMS 0x00000000a0800000, 0x00000000a0700000| Untracked 
|   8|0x00000000a0800000, 0x00000000a0900000, 0x00000000a0900000|100%| O|  |TAMS 0x00000000a0900000, 0x00000000a0800000| Untracked 
|   9|0x00000000a0900000, 0x00000000a09f4200, 0x00000000a0a00000| 95%| O|  |TAMS 0x00000000a09f4200, 0x00000000a0900000| Untracked 
|  10|0x00000000a0a00000, 0x00000000a0b00000, 0x00000000a0b00000|100%| O|  |TAMS 0x00000000a0b00000, 0x00000000a0a00000| Untracked 
|  11|0x00000000a0b00000, 0x00000000a0c00000, 0x00000000a0c00000|100%| O|  |TAMS 0x00000000a0c00000, 0x00000000a0b00000| Untracked 
|  12|0x00000000a0c00000, 0x00000000a0c00000, 0x00000000a0d00000|  0%| F|  |TAMS 0x00000000a0c00000, 0x00000000a0c00000| Untracked 
|  13|0x00000000a0d00000, 0x00000000a0e00000, 0x00000000a0e00000|100%| O|  |TAMS 0x00000000a0e00000, 0x00000000a0d00000| Untracked 
|  14|0x00000000a0e00000, 0x00000000a0f00000, 0x00000000a0f00000|100%| O|  |TAMS 0x00000000a0f00000, 0x00000000a0e00000| Untracked 
|  15|0x00000000a0f00000, 0x00000000a1000000, 0x00000000a1000000|100%| O|  |TAMS 0x00000000a1000000, 0x00000000a0f00000| Untracked 
|  16|0x00000000a1000000, 0x00000000a1100000, 0x00000000a1100000|100%| O|  |TAMS 0x00000000a1100000, 0x00000000a1000000| Untracked 
|  17|0x00000000a1100000, 0x00000000a1200000, 0x00000000a1200000|100%| O|  |TAMS 0x00000000a1200000, 0x00000000a1100000| Untracked 
|  18|0x00000000a1200000, 0x00000000a1300000, 0x00000000a1300000|100%| O|  |TAMS 0x00000000a1300000, 0x00000000a1200000| Untracked 
|  19|0x00000000a1300000, 0x00000000a1400000, 0x00000000a1400000|100%| O|  |TAMS 0x00000000a131cc00, 0x00000000a1300000| Untracked 
|  20|0x00000000a1400000, 0x00000000a1500000, 0x00000000a1500000|100%| O|  |TAMS 0x00000000a1400000, 0x00000000a1400000| Untracked 
|  21|0x00000000a1500000, 0x00000000a1600000, 0x00000000a1600000|100%| O|  |TAMS 0x00000000a1500000, 0x00000000a1500000| Untracked 
|  22|0x00000000a1600000, 0x00000000a1700000, 0x00000000a1700000|100%| O|  |TAMS 0x00000000a1600000, 0x00000000a1600000| Untracked 
|  23|0x00000000a1700000, 0x00000000a1800000, 0x00000000a1800000|100%| O|  |TAMS 0x00000000a1700000, 0x00000000a1700000| Untracked 
|  24|0x00000000a1800000, 0x00000000a1900000, 0x00000000a1900000|100%| O|  |TAMS 0x00000000a1800000, 0x00000000a1800000| Untracked 
|  25|0x00000000a1900000, 0x00000000a195a000, 0x00000000a1a00000| 35%| O|  |TAMS 0x00000000a1900000, 0x00000000a1900000| Untracked 
|  26|0x00000000a1a00000, 0x00000000a1a00000, 0x00000000a1b00000|  0%| F|  |TAMS 0x00000000a1a00000, 0x00000000a1a00000| Untracked 
|  27|0x00000000a1b00000, 0x00000000a1b00000, 0x00000000a1c00000|  0%| F|  |TAMS 0x00000000a1b00000, 0x00000000a1b00000| Untracked 
|  28|0x00000000a1c00000, 0x00000000a1c00000, 0x00000000a1d00000|  0%| F|  |TAMS 0x00000000a1c00000, 0x00000000a1c00000| Untracked 
|  29|0x00000000a1d00000, 0x00000000a1d00000, 0x00000000a1e00000|  0%| F|  |TAMS 0x00000000a1d00000, 0x00000000a1d00000| Untracked 
|  30|0x00000000a1e00000, 0x00000000a1e00000, 0x00000000a1f00000|  0%| F|  |TAMS 0x00000000a1e00000, 0x00000000a1e00000| Untracked 
|  31|0x00000000a1f00000, 0x00000000a1f00000, 0x00000000a2000000|  0%| F|  |TAMS 0x00000000a1f00000, 0x00000000a1f00000| Untracked 
|  32|0x00000000a2000000, 0x00000000a2000000, 0x00000000a2100000|  0%| F|  |TAMS 0x00000000a2000000, 0x00000000a2000000| Untracked 
|  33|0x00000000a2100000, 0x00000000a2100000, 0x00000000a2200000|  0%| F|  |TAMS 0x00000000a2100000, 0x00000000a2100000| Untracked 
|  34|0x00000000a2200000, 0x00000000a2200000, 0x00000000a2300000|  0%| F|  |TAMS 0x00000000a2200000, 0x00000000a2200000| Untracked 
|  35|0x00000000a2300000, 0x00000000a2300000, 0x00000000a2400000|  0%| F|  |TAMS 0x00000000a2300000, 0x00000000a2300000| Untracked 
|  36|0x00000000a2400000, 0x00000000a2400000, 0x00000000a2500000|  0%| F|  |TAMS 0x00000000a2400000, 0x00000000a2400000| Untracked 
|  37|0x00000000a2500000, 0x00000000a2500000, 0x00000000a2600000|  0%| F|  |TAMS 0x00000000a2500000, 0x00000000a2500000| Untracked 
|  38|0x00000000a2600000, 0x00000000a26bfba0, 0x00000000a2700000| 74%| S|CS|TAMS 0x00000000a2600000, 0x00000000a2600000| Complete 
|  39|0x00000000a2700000, 0x00000000a2800000, 0x00000000a2800000|100%| S|CS|TAMS 0x00000000a2700000, 0x00000000a2700000| Complete 
|  40|0x00000000a2800000, 0x00000000a2900000, 0x00000000a2900000|100%| S|CS|TAMS 0x00000000a2800000, 0x00000000a2800000| Complete 
|  41|0x00000000a2900000, 0x00000000a2900000, 0x00000000a2a00000|  0%| F|  |TAMS 0x00000000a2900000, 0x00000000a2900000| Untracked 
|  42|0x00000000a2a00000, 0x00000000a2a00000, 0x00000000a2b00000|  0%| F|  |TAMS 0x00000000a2a00000, 0x00000000a2a00000| Untracked 
|  43|0x00000000a2b00000, 0x00000000a2b00000, 0x00000000a2c00000|  0%| F|  |TAMS 0x00000000a2b00000, 0x00000000a2b00000| Untracked 
|  44|0x00000000a2c00000, 0x00000000a2c00000, 0x00000000a2d00000|  0%| F|  |TAMS 0x00000000a2c00000, 0x00000000a2c00000| Untracked 
|  45|0x00000000a2d00000, 0x00000000a2d00000, 0x00000000a2e00000|  0%| F|  |TAMS 0x00000000a2d00000, 0x00000000a2d00000| Untracked 
|  46|0x00000000a2e00000, 0x00000000a2ebcdc0, 0x00000000a2f00000| 73%| E|  |TAMS 0x00000000a2e00000, 0x00000000a2e00000| Complete 
|  47|0x00000000a2f00000, 0x00000000a3000000, 0x00000000a3000000|100%| E|CS|TAMS 0x00000000a2f00000, 0x00000000a2f00000| Complete 
|  48|0x00000000a3000000, 0x00000000a3100000, 0x00000000a3100000|100%| E|CS|TAMS 0x00000000a3000000, 0x00000000a3000000| Complete 
|  49|0x00000000a3100000, 0x00000000a3200000, 0x00000000a3200000|100%| E|CS|TAMS 0x00000000a3100000, 0x00000000a3100000| Complete 
|  50|0x00000000a3200000, 0x00000000a3300000, 0x00000000a3300000|100%| E|CS|TAMS 0x00000000a3200000, 0x00000000a3200000| Complete 
|  51|0x00000000a3300000, 0x00000000a3400000, 0x00000000a3400000|100%| E|CS|TAMS 0x00000000a3300000, 0x00000000a3300000| Complete 
|  52|0x00000000a3400000, 0x00000000a3500000, 0x00000000a3500000|100%| E|CS|TAMS 0x00000000a3400000, 0x00000000a3400000| Complete 
|  53|0x00000000a3500000, 0x00000000a3600000, 0x00000000a3600000|100%| E|CS|TAMS 0x00000000a3500000, 0x00000000a3500000| Complete 
|  72|0x00000000a4800000, 0x00000000a4900000, 0x00000000a4900000|100%| E|CS|TAMS 0x00000000a4800000, 0x00000000a4800000| Complete 
|  73|0x00000000a4900000, 0x00000000a4a00000, 0x00000000a4a00000|100%| E|CS|TAMS 0x00000000a4900000, 0x00000000a4900000| Complete 
|  74|0x00000000a4a00000, 0x00000000a4b00000, 0x00000000a4b00000|100%| E|CS|TAMS 0x00000000a4a00000, 0x00000000a4a00000| Complete 
|  75|0x00000000a4b00000, 0x00000000a4c00000, 0x00000000a4c00000|100%| E|CS|TAMS 0x00000000a4b00000, 0x00000000a4b00000| Complete 
|  76|0x00000000a4c00000, 0x00000000a4d00000, 0x00000000a4d00000|100%| E|CS|TAMS 0x00000000a4c00000, 0x00000000a4c00000| Complete 
|  77|0x00000000a4d00000, 0x00000000a4e00000, 0x00000000a4e00000|100%| E|CS|TAMS 0x00000000a4d00000, 0x00000000a4d00000| Complete 
|  78|0x00000000a4e00000, 0x00000000a4f00000, 0x00000000a4f00000|100%| E|CS|TAMS 0x00000000a4e00000, 0x00000000a4e00000| Complete 
|  79|0x00000000a4f00000, 0x00000000a5000000, 0x00000000a5000000|100%| E|CS|TAMS 0x00000000a4f00000, 0x00000000a4f00000| Complete 
|  80|0x00000000a5000000, 0x00000000a5100000, 0x00000000a5100000|100%| E|CS|TAMS 0x00000000a5000000, 0x00000000a5000000| Complete 
| 125|0x00000000a7d00000, 0x00000000a7e00000, 0x00000000a7e00000|100%| E|CS|TAMS 0x00000000a7d00000, 0x00000000a7d00000| Complete 

Card table byte_map: [0x0000029ca9a60000,0x0000029ca9d60000] _byte_map_base: 0x0000029ca9560000

Marking Bits (Prev, Next): (CMBitMap*) 0x0000029c96fafe60, (CMBitMap*) 0x0000029c96fafea0
 Prev Bits: [0x0000029caa060000, 0x0000029cab860000)
 Next Bits: [0x0000029cab860000, 0x0000029cad060000)

Polling page: 0x0000029c96730000

Metaspace:

Usage:
  Non-class:     36.46 MB used.
      Class:      5.45 MB used.
       Both:     41.91 MB used.

Virtual space:
  Non-class space:       40.00 MB reserved,      36.69 MB ( 92%) committed,  5 nodes.
      Class space:        1.00 GB reserved,       5.56 MB ( <1%) committed,  1 nodes.
             Both:        1.04 GB reserved,      42.25 MB (  4%) committed. 

Chunk freelists:
   Non-Class:  3.03 MB
       Class:  2.25 MB
        Both:  5.28 MB

MaxMetaspaceSize: unlimited
CompressedClassSpaceSize: 1.00 GB
Initial GC threshold: 21.00 MB
Current GC threshold: 59.00 MB
CDS: off
MetaspaceReclaimPolicy: balanced
 - commit_granule_bytes: 65536.
 - commit_granule_words: 8192.
 - virtual_space_node_default_size: 1048576.
 - enlarge_chunks_in_place: 1.
 - new_chunks_are_fully_committed: 0.
 - uncommit_free_chunks: 1.
 - use_allocation_guard: 0.
 - handle_deallocations: 1.


Internal statistics:

num_allocs_failed_limit: 6.
num_arena_births: 324.
num_arena_deaths: 0.
num_vsnodes_births: 6.
num_vsnodes_deaths: 0.
num_space_committed: 676.
num_space_uncommitted: 0.
num_chunks_returned_to_freelist: 6.
num_chunks_taken_from_freelist: 1497.
num_chunk_merges: 3.
num_chunk_splits: 1007.
num_chunks_enlarged: 741.
num_purges: 0.
num_inconsistent_stats: 0.

CodeHeap 'non-profiled nmethods': size=120000Kb used=2109Kb max_used=2109Kb free=117890Kb
 bounds [0x0000029ca1f00000, 0x0000029ca2170000, 0x0000029ca9430000]
CodeHeap 'profiled nmethods': size=120000Kb used=8330Kb max_used=8330Kb free=111670Kb
 bounds [0x0000029c9a430000, 0x0000029c9ac60000, 0x0000029ca1960000]
CodeHeap 'non-nmethods': size=5760Kb used=2299Kb max_used=2343Kb free=3461Kb
 bounds [0x0000029ca1960000, 0x0000029ca1bd0000, 0x0000029ca1f00000]
 total_blobs=4778 nmethods=3984 adapters=706
 compilation: enabled
              stopped_count=0, restarted_count=0
 full_count=0

Compilation events (20 events):
Event: 9.094 Thread 0x0000029cb042a0c0 3988       3       sun.reflect.generics.parser.SignatureParser::parseZeroOrMoreTypeSignatures (174 bytes)
Event: 9.095 Thread 0x0000029cb042a0c0 nmethod 3988 0x0000029c9ac3ca90 code [0x0000029c9ac3cce0, 0x0000029c9ac3da18]
Event: 9.095 Thread 0x0000029cb042a0c0 3987       3       sun.reflect.generics.parser.SignatureParser::parseFormalParameters (49 bytes)
Event: 9.095 Thread 0x0000029cb042a0c0 nmethod 3987 0x0000029c9ac3de10 code [0x0000029c9ac3e000, 0x0000029c9ac3e328]
Event: 9.095 Thread 0x0000029cb042a0c0 3990   !   3       com.sun.beans.introspect.ClassInfo::get (28 bytes)
Event: 9.096 Thread 0x0000029cb042a0c0 nmethod 3990 0x0000029c9ac3e490 code [0x0000029c9ac3e7a0, 0x0000029c9ac3f908]
Event: 9.096 Thread 0x0000029cb042a0c0 3991   !   3       com.sun.beans.util.Cache::get (256 bytes)
Event: 9.097 Thread 0x0000029cb042a0c0 nmethod 3991 0x0000029c9ac3ff90 code [0x0000029c9ac402e0, 0x0000029c9ac417f8]
Event: 9.097 Thread 0x0000029cb042a0c0 3992       3       sun.reflect.generics.repository.ConstructorRepository::getParameterTypes (27 bytes)
Event: 9.098 Thread 0x0000029cb042a0c0 nmethod 3992 0x0000029c9ac42490 code [0x0000029c9ac42660, 0x0000029c9ac42a18]
Event: 9.099 Thread 0x0000029cb042a0c0 3993       3       java.lang.Class::getEnclosingMethodInfo (20 bytes)
Event: 9.099 Thread 0x0000029cb042a0c0 nmethod 3993 0x0000029c9ac42b10 code [0x0000029c9ac42cc0, 0x0000029c9ac42ef8]
Event: 9.103 Thread 0x0000029cb042a0c0 3994       3       groovyjarjarasm.asm.Frame::push (109 bytes)
Event: 9.104 Thread 0x0000029cb042a0c0 nmethod 3994 0x0000029c9ac43010 code [0x0000029c9ac431e0, 0x0000029c9ac43748]
Event: 9.108 Thread 0x0000029cb042a0c0 3995       1       org.codehaus.groovy.runtime.callsite.AbstractCallSite::getName (5 bytes)
Event: 9.109 Thread 0x0000029cb042a0c0 nmethod 3995 0x0000029ca210f190 code [0x0000029ca210f320, 0x0000029ca210f3f8]
Event: 9.112 Thread 0x0000029cb042a0c0 3996       3       org.codehaus.groovy.reflection.CachedClass$3::initValue (194 bytes)
Event: 9.115 Thread 0x0000029cb042a0c0 nmethod 3996 0x0000029c9ac43910 code [0x0000029c9ac43d00, 0x0000029c9ac45998]
Event: 9.123 Thread 0x0000029cb042a0c0 3997       3       sun.reflect.generics.reflectiveObjects.WildcardTypeImpl::getUpperBounds (34 bytes)
Event: 9.123 Thread 0x0000029cb042a0c0 nmethod 3997 0x0000029c9ac46590 code [0x0000029c9ac46760, 0x0000029c9ac46d98]

GC Heap History (18 events):
Event: 0.903 GC heap before
{Heap before GC invocations=0 (full 0):
 garbage-first heap   total 129024K, used 28672K [0x00000000a0000000, 0x0000000100000000)
  region size 1024K, 23 young (23552K), 0 survivors (0K)
 Metaspace       used 10260K, committed 10432K, reserved 1064960K
  class space    used 1061K, committed 1152K, reserved 1048576K
}
Event: 0.910 GC heap after
{Heap after GC invocations=1 (full 0):
 garbage-first heap   total 129024K, used 9118K [0x00000000a0000000, 0x0000000100000000)
  region size 1024K, 3 young (3072K), 3 survivors (3072K)
 Metaspace       used 10260K, committed 10432K, reserved 1064960K
  class space    used 1061K, committed 1152K, reserved 1048576K
}
Event: 1.715 GC heap before
{Heap before GC invocations=1 (full 0):
 garbage-first heap   total 129024K, used 36766K [0x00000000a0000000, 0x0000000100000000)
  region size 1024K, 30 young (30720K), 3 survivors (3072K)
 Metaspace       used 11196K, committed 11392K, reserved 1064960K
  class space    used 1165K, committed 1280K, reserved 1048576K
}
Event: 1.719 GC heap after
{Heap after GC invocations=2 (full 0):
 garbage-first heap   total 129024K, used 12681K [0x00000000a0000000, 0x0000000100000000)
  region size 1024K, 4 young (4096K), 4 survivors (4096K)
 Metaspace       used 11196K, committed 11392K, reserved 1064960K
  class space    used 1165K, committed 1280K, reserved 1048576K
}
Event: 3.139 GC heap before
{Heap before GC invocations=2 (full 0):
 garbage-first heap   total 129024K, used 53641K [0x00000000a0000000, 0x0000000100000000)
  region size 1024K, 45 young (46080K), 4 survivors (4096K)
 Metaspace       used 21262K, committed 21504K, reserved 1073152K
  class space    used 2584K, committed 2688K, reserved 1048576K
}
Event: 3.146 GC heap after
{Heap after GC invocations=3 (full 0):
 garbage-first heap   total 129024K, used 17575K [0x00000000a0000000, 0x0000000100000000)
  region size 1024K, 9 young (9216K), 9 survivors (9216K)
 Metaspace       used 21262K, committed 21504K, reserved 1073152K
  class space    used 2584K, committed 2688K, reserved 1048576K
}
Event: 3.990 GC heap before
{Heap before GC invocations=4 (full 0):
 garbage-first heap   total 65536K, used 49319K [0x00000000a0000000, 0x0000000100000000)
  region size 1024K, 41 young (41984K), 9 survivors (9216K)
 Metaspace       used 26770K, committed 27072K, reserved 1073152K
  class space    used 3516K, committed 3648K, reserved 1048576K
}
Event: 3.994 GC heap after
{Heap after GC invocations=5 (full 0):
 garbage-first heap   total 65536K, used 19676K [0x00000000a0000000, 0x0000000100000000)
  region size 1024K, 3 young (3072K), 3 survivors (3072K)
 Metaspace       used 26770K, committed 27072K, reserved 1073152K
  class space    used 3516K, committed 3648K, reserved 1048576K
}
Event: 4.748 GC heap before
{Heap before GC invocations=5 (full 0):
 garbage-first heap   total 65536K, used 45276K [0x00000000a0000000, 0x0000000100000000)
  region size 1024K, 28 young (28672K), 3 survivors (3072K)
 Metaspace       used 30569K, committed 30848K, reserved 1081344K
  class space    used 4123K, committed 4224K, reserved 1048576K
}
Event: 4.750 GC heap after
{Heap after GC invocations=6 (full 0):
 garbage-first heap   total 65536K, used 20957K [0x00000000a0000000, 0x0000000100000000)
  region size 1024K, 2 young (2048K), 2 survivors (2048K)
 Metaspace       used 30569K, committed 30848K, reserved 1081344K
  class space    used 4123K, committed 4224K, reserved 1048576K
}
Event: 5.744 GC heap before
{Heap before GC invocations=6 (full 0):
 garbage-first heap   total 65536K, used 43485K [0x00000000a0000000, 0x0000000100000000)
  region size 1024K, 25 young (25600K), 2 survivors (2048K)
 Metaspace       used 35872K, committed 36096K, reserved 1081344K
  class space    used 4753K, committed 4864K, reserved 1048576K
}
Event: 5.746 GC heap after
{Heap after GC invocations=7 (full 0):
 garbage-first heap   total 65536K, used 22862K [0x00000000a0000000, 0x0000000100000000)
  region size 1024K, 4 young (4096K), 4 survivors (4096K)
 Metaspace       used 35872K, committed 36096K, reserved 1081344K
  class space    used 4753K, committed 4864K, reserved 1048576K
}
Event: 6.480 GC heap before
{Heap before GC invocations=8 (full 0):
 garbage-first heap   total 65536K, used 46414K [0x00000000a0000000, 0x0000000100000000)
  region size 1024K, 28 young (28672K), 4 survivors (4096K)
 Metaspace       used 38611K, committed 38912K, reserved 1089536K
  class space    used 5063K, committed 5184K, reserved 1048576K
}
Event: 6.486 GC heap after
{Heap after GC invocations=9 (full 0):
 garbage-first heap   total 65536K, used 26417K [0x00000000a0000000, 0x0000000100000000)
  region size 1024K, 4 young (4096K), 4 survivors (4096K)
 Metaspace       used 38611K, committed 38912K, reserved 1089536K
  class space    used 5063K, committed 5184K, reserved 1048576K
}
Event: 6.507 GC heap before
{Heap before GC invocations=9 (full 0):
 garbage-first heap   total 65536K, used 27441K [0x00000000a0000000, 0x0000000100000000)
  region size 1024K, 5 young (5120K), 4 survivors (4096K)
 Metaspace       used 38626K, committed 38912K, reserved 1089536K
  class space    used 5066K, committed 5184K, reserved 1048576K
}
Event: 6.509 GC heap after
{Heap after GC invocations=10 (full 0):
 garbage-first heap   total 65536K, used 25477K [0x00000000a0000000, 0x0000000100000000)
  region size 1024K, 1 young (1024K), 1 survivors (1024K)
 Metaspace       used 38626K, committed 38912K, reserved 1089536K
  class space    used 5066K, committed 5184K, reserved 1048576K
}
Event: 8.137 GC heap before
{Heap before GC invocations=10 (full 0):
 garbage-first heap   total 65536K, used 50053K [0x00000000a0000000, 0x0000000100000000)
  region size 1024K, 23 young (23552K), 1 survivors (1024K)
 Metaspace       used 41759K, committed 42112K, reserved 1089536K
  class space    used 5402K, committed 5568K, reserved 1048576K
}
Event: 8.141 GC heap after
{Heap after GC invocations=11 (full 0):
 garbage-first heap   total 65536K, used 27703K [0x00000000a0000000, 0x0000000100000000)
  region size 1024K, 3 young (3072K), 3 survivors (3072K)
 Metaspace       used 41759K, committed 42112K, reserved 1089536K
  class space    used 5402K, committed 5568K, reserved 1048576K
}

Dll operation events (2 events):
Event: 0.007 Loaded shared library C:\Program Files\Android\Android Studio\jbr\bin\java.dll
Event: 0.489 Loaded shared library C:\Program Files\Android\Android Studio\jbr\bin\verify.dll

Deoptimization events (20 events):
Event: 7.812 Thread 0x0000029cb1ed1430 Uncommon trap: trap_request=0xffffffbe fr.pc=0x0000029ca20d1368 relative=0x0000000000000728
Event: 7.812 Thread 0x0000029cb1ed1430 Uncommon trap: reason=profile_predicate action=maybe_recompile pc=0x0000029ca20d1368 method=java.lang.PublicMethods$MethodList.filter([Ljava/lang/reflect/Method;Ljava/lang/String;[Ljava/lang/Class;Z)Ljava/lang/PublicMethods$MethodList; @ 21 c2
Event: 7.812 Thread 0x0000029cb1ed1430 DEOPT PACKING pc=0x0000029ca20d1368 sp=0x000000be674f6810
Event: 7.812 Thread 0x0000029cb1ed1430 DEOPT UNPACKING pc=0x0000029ca19ba1a3 sp=0x000000be674f67b8 mode 2
Event: 8.061 Thread 0x0000029cb1ed1430 Uncommon trap: trap_request=0xffffffbe fr.pc=0x0000029ca20d1368 relative=0x0000000000000728
Event: 8.061 Thread 0x0000029cb1ed1430 Uncommon trap: reason=profile_predicate action=maybe_recompile pc=0x0000029ca20d1368 method=java.lang.PublicMethods$MethodList.filter([Ljava/lang/reflect/Method;Ljava/lang/String;[Ljava/lang/Class;Z)Ljava/lang/PublicMethods$MethodList; @ 21 c2
Event: 8.061 Thread 0x0000029cb1ed1430 DEOPT PACKING pc=0x0000029ca20d1368 sp=0x000000be674f6ec0
Event: 8.061 Thread 0x0000029cb1ed1430 DEOPT UNPACKING pc=0x0000029ca19ba1a3 sp=0x000000be674f6e68 mode 2
Event: 8.304 Thread 0x0000029cb1ed1430 Uncommon trap: trap_request=0xffffff76 fr.pc=0x0000029ca202e9e8 relative=0x0000000000000228
Event: 8.304 Thread 0x0000029cb1ed1430 Uncommon trap: reason=predicate action=maybe_recompile pc=0x0000029ca202e9e8 method=com.google.common.base.CharMatcher.indexIn(Ljava/lang/CharSequence;I)I @ 19 c2
Event: 8.304 Thread 0x0000029cb1ed1430 DEOPT PACKING pc=0x0000029ca202e9e8 sp=0x000000be674f51b0
Event: 8.304 Thread 0x0000029cb1ed1430 DEOPT UNPACKING pc=0x0000029ca19ba1a3 sp=0x000000be674f5148 mode 2
Event: 8.491 Thread 0x0000029cb1ed1430 Uncommon trap: trap_request=0xffffff45 fr.pc=0x0000029ca2081f2c relative=0x000000000000010c
Event: 8.491 Thread 0x0000029cb1ed1430 Uncommon trap: reason=unstable_if action=reinterpret pc=0x0000029ca2081f2c method=java.util.Arrays.hashCode([Ljava/lang/Object;)I @ 34 c2
Event: 8.492 Thread 0x0000029cb1ed1430 DEOPT PACKING pc=0x0000029ca2081f2c sp=0x000000be674f8df0
Event: 8.492 Thread 0x0000029cb1ed1430 DEOPT UNPACKING pc=0x0000029ca19ba1a3 sp=0x000000be674f8d68 mode 2
Event: 8.526 Thread 0x0000029cb1ed1430 DEOPT PACKING pc=0x0000029c9a8270d4 sp=0x000000be674f88a0
Event: 8.526 Thread 0x0000029cb1ed1430 DEOPT UNPACKING pc=0x0000029ca19bace3 sp=0x000000be674f7df8 mode 0
Event: 9.023 Thread 0x0000029cb1ed1430 DEOPT PACKING pc=0x0000029c9a799208 sp=0x000000be674f6310
Event: 9.023 Thread 0x0000029cb1ed1430 DEOPT UNPACKING pc=0x0000029ca19bace3 sp=0x000000be674f5818 mode 0

Classes unloaded (0 events):
No events

Classes redefined (0 events):
No events

Internal exceptions (20 events):
Event: 8.690 Thread 0x0000029cb1ed1430 Exception <a 'java/lang/ClassNotFoundException'{0x00000000a35a2038}: org/gradle/api/internal/initialization/DefaultScriptHandlerBeanInfo> (0x00000000a35a2038) 
thrown [s\src\hotspot\share\classfile\systemDictionary.cpp, line 256]
Event: 8.691 Thread 0x0000029cb1ed1430 Exception <a 'java/lang/ClassNotFoundException'{0x00000000a35b2578}: org/gradle/api/internal/initialization/DefaultScriptHandlerCustomizer> (0x00000000a35b2578) 
thrown [s\src\hotspot\share\classfile\systemDictionary.cpp, line 256]
Event: 8.871 Thread 0x0000029cb1ed1430 Exception <a 'java/lang/ClassNotFoundException'{0x00000000a349b4c8}: app_plugin_loader_449zform3ywu7m1s6752wy33lBeanInfo> (0x00000000a349b4c8) 
thrown [s\src\hotspot\share\classfile\systemDictionary.cpp, line 256]
Event: 8.871 Thread 0x0000029cb1ed1430 Exception <a 'java/lang/ClassNotFoundException'{0x00000000a34a2418}: app_plugin_loader_449zform3ywu7m1s6752wy33lCustomizer> (0x00000000a34a2418) 
thrown [s\src\hotspot\share\classfile\systemDictionary.cpp, line 256]
Event: 8.916 Thread 0x0000029cb1ed1430 Exception <a 'java/lang/ClassNotFoundException'{0x00000000a33ad9f0}: FlutterAppPluginLoaderPluginBeanInfo> (0x00000000a33ad9f0) 
thrown [s\src\hotspot\share\classfile\systemDictionary.cpp, line 256]
Event: 8.917 Thread 0x0000029cb1ed1430 Exception <a 'java/lang/ClassNotFoundException'{0x00000000a33b88b0}: FlutterAppPluginLoaderPluginCustomizer> (0x00000000a33b88b0) 
thrown [s\src\hotspot\share\classfile\systemDictionary.cpp, line 256]
Event: 8.926 Thread 0x0000029cb1ed1430 Exception <a 'java/lang/ClassNotFoundException'{0x00000000a3209fa0}: groovy/json/JsonSlurperBeanInfo> (0x00000000a3209fa0) 
thrown [s\src\hotspot\share\classfile\systemDictionary.cpp, line 256]
Event: 8.927 Thread 0x0000029cb1ed1430 Exception <a 'java/lang/ClassNotFoundException'{0x00000000a3220ef0}: groovy/json/JsonSlurperCustomizer> (0x00000000a3220ef0) 
thrown [s\src\hotspot\share\classfile\systemDictionary.cpp, line 256]
Event: 9.036 Thread 0x0000029cb1ed1430 Exception <a 'java/lang/ClassNotFoundException'{0x00000000a3124958}: org/apache/groovy/json/internal/LazyMapBeanInfo> (0x00000000a3124958) 
thrown [s\src\hotspot\share\classfile\systemDictionary.cpp, line 256]
Event: 9.037 Thread 0x0000029cb1ed1430 Exception <a 'java/lang/ClassNotFoundException'{0x00000000a312c368}: java/util/AbstractMapBeanInfo> (0x00000000a312c368) 
thrown [s\src\hotspot\share\classfile\systemDictionary.cpp, line 256]
Event: 9.037 Thread 0x0000029cb1ed1430 Exception <a 'java/lang/ClassNotFoundException'{0x00000000a3134000}: java/util/AbstractMapCustomizer> (0x00000000a3134000) 
thrown [s\src\hotspot\share\classfile\systemDictionary.cpp, line 256]
Event: 9.039 Thread 0x0000029cb1ed1430 Exception <a 'java/lang/ClassNotFoundException'{0x00000000a314e360}: org/apache/groovy/json/internal/LazyMapCustomizer> (0x00000000a314e360) 
thrown [s\src\hotspot\share\classfile\systemDictionary.cpp, line 256]
Event: 9.087 Thread 0x0000029cb1ed1430 Exception <a 'java/lang/ClassNotFoundException'{0x00000000a2f03660}: java/util/ArrayListBeanInfo> (0x00000000a2f03660) 
thrown [s\src\hotspot\share\classfile\systemDictionary.cpp, line 256]
Event: 9.092 Thread 0x0000029cb1ed1430 Exception <a 'java/lang/ClassNotFoundException'{0x00000000a2f0b328}: java/util/AbstractListBeanInfo> (0x00000000a2f0b328) 
thrown [s\src\hotspot\share\classfile\systemDictionary.cpp, line 256]
Event: 9.093 Thread 0x0000029cb1ed1430 Exception <a 'java/lang/ClassNotFoundException'{0x00000000a2f13028}: java/util/AbstractCollectionBeanInfo> (0x00000000a2f13028) 
thrown [s\src\hotspot\share\classfile\systemDictionary.cpp, line 256]
Event: 9.094 Thread 0x0000029cb1ed1430 Exception <a 'java/lang/ClassNotFoundException'{0x00000000a2f1ad08}: java/util/AbstractCollectionCustomizer> (0x00000000a2f1ad08) 
thrown [s\src\hotspot\share\classfile\systemDictionary.cpp, line 256]
Event: 9.095 Thread 0x0000029cb1ed1430 Exception <a 'java/lang/ClassNotFoundException'{0x00000000a2f2bce0}: java/util/AbstractListCustomizer> (0x00000000a2f2bce0) 
thrown [s\src\hotspot\share\classfile\systemDictionary.cpp, line 256]
Event: 9.097 Thread 0x0000029cb1ed1430 Exception <a 'java/lang/ClassNotFoundException'{0x00000000a2f3ef48}: java/util/ArrayListCustomizer> (0x00000000a2f3ef48) 
thrown [s\src\hotspot\share\classfile\systemDictionary.cpp, line 256]
Event: 9.120 Thread 0x0000029cb1ed1430 Exception <a 'java/lang/ClassNotFoundException'{0x00000000a2fa33b8}: org/gradle/initialization/DefaultProjectDescriptorBeanInfo> (0x00000000a2fa33b8) 
thrown [s\src\hotspot\share\classfile\systemDictionary.cpp, line 256]
Event: 9.122 Thread 0x0000029cb1ed1430 Exception <a 'java/lang/ClassNotFoundException'{0x00000000a2fb8950}: org/gradle/initialization/DefaultProjectDescriptorCustomizer> (0x00000000a2fb8950) 
thrown [s\src\hotspot\share\classfile\systemDictionary.cpp, line 256]

VM Operations (20 events):
Event: 6.303 Executing VM operation: HandshakeAllThreads
Event: 6.303 Executing VM operation: HandshakeAllThreads done
Event: 6.480 Executing VM operation: G1CollectForAllocation
Event: 6.486 Executing VM operation: G1CollectForAllocation done
Event: 6.507 Executing VM operation: G1CollectForAllocation
Event: 6.509 Executing VM operation: G1CollectForAllocation done
Event: 6.681 Executing VM operation: HandshakeAllThreads
Event: 6.681 Executing VM operation: HandshakeAllThreads done
Event: 7.681 Executing VM operation: Cleanup
Event: 7.686 Executing VM operation: Cleanup done
Event: 7.845 Executing VM operation: HandshakeAllThreads
Event: 7.846 Executing VM operation: HandshakeAllThreads done
Event: 7.851 Executing VM operation: HandshakeAllThreads
Event: 7.851 Executing VM operation: HandshakeAllThreads done
Event: 7.854 Executing VM operation: HandshakeAllThreads
Event: 7.854 Executing VM operation: HandshakeAllThreads done
Event: 8.137 Executing VM operation: G1CollectForAllocation
Event: 8.141 Executing VM operation: G1CollectForAllocation done
Event: 8.932 Executing VM operation: HandshakeAllThreads
Event: 8.932 Executing VM operation: HandshakeAllThreads done

Events (20 events):
Event: 9.087 loading class java/util/AbstractListBeanInfo
Event: 9.091 loading class java/util/AbstractListBeanInfo done
Event: 9.092 loading class java/util/AbstractListBeanInfo
Event: 9.092 loading class java/util/AbstractListBeanInfo done
Event: 9.093 loading class java/util/AbstractCollectionBeanInfo
Event: 9.093 loading class java/util/AbstractCollectionBeanInfo done
Event: 9.093 loading class java/util/AbstractCollectionBeanInfo
Event: 9.093 loading class java/util/AbstractCollectionBeanInfo done
Event: 9.093 loading class java/util/AbstractCollectionCustomizer
Event: 9.093 loading class java/util/AbstractCollectionCustomizer done
Event: 9.094 loading class java/util/AbstractCollectionCustomizer
Event: 9.094 loading class java/util/AbstractCollectionCustomizer done
Event: 9.095 loading class java/util/AbstractListCustomizer
Event: 9.095 loading class java/util/AbstractListCustomizer done
Event: 9.095 loading class java/util/AbstractListCustomizer
Event: 9.095 loading class java/util/AbstractListCustomizer done
Event: 9.096 loading class java/util/ArrayListCustomizer
Event: 9.096 loading class java/util/ArrayListCustomizer done
Event: 9.097 loading class java/util/ArrayListCustomizer
Event: 9.097 loading class java/util/ArrayListCustomizer done


Dynamic libraries:
0x00007ff7d9410000 - 0x00007ff7d941a000 	C:\Program Files\Android\Android Studio\jbr\bin\java.exe
0x00007fff45170000 - 0x00007fff45368000 	C:\WINDOWS\SYSTEM32\ntdll.dll
0x00007fff43950000 - 0x00007fff43a0d000 	C:\WINDOWS\System32\KERNEL32.DLL
0x00007fff42b60000 - 0x00007fff42e56000 	C:\WINDOWS\System32\KERNELBASE.dll
0x00007fff428c0000 - 0x00007fff429c0000 	C:\WINDOWS\System32\ucrtbase.dll
0x00007fff29660000 - 0x00007fff29677000 	C:\Program Files\Android\Android Studio\jbr\bin\jli.dll
0x00007fff43ac0000 - 0x00007fff43c5f000 	C:\WINDOWS\System32\USER32.dll
0x00007fff42820000 - 0x00007fff42842000 	C:\WINDOWS\System32\win32u.dll
0x00007fff3c300000 - 0x00007fff3c31b000 	C:\Program Files\Android\Android Studio\jbr\bin\VCRUNTIME140.dll
0x00007fff43dc0000 - 0x00007fff43deb000 	C:\WINDOWS\System32\GDI32.dll
0x00007fff43080000 - 0x00007fff43197000 	C:\WINDOWS\System32\gdi32full.dll
0x00007fff2aac0000 - 0x00007fff2ad5a000 	C:\WINDOWS\WinSxS\amd64_microsoft.windows.common-controls_6595b64144ccf1df_6.0.19041.4355_none_60b8b9eb71f62e16\COMCTL32.dll
0x00007fff42a10000 - 0x00007fff42aad000 	C:\WINDOWS\System32\msvcp_win.dll
0x00007fff43a10000 - 0x00007fff43aae000 	C:\WINDOWS\System32\msvcrt.dll
0x00007fff43d80000 - 0x00007fff43db2000 	C:\WINDOWS\System32\IMM32.DLL
0x00007fff3c470000 - 0x00007fff3c47c000 	C:\Program Files\Android\Android Studio\jbr\bin\vcruntime140_1.dll
0x00007fff294d0000 - 0x00007fff2955d000 	C:\Program Files\Android\Android Studio\jbr\bin\msvcp140.dll
0x00007ffebd240000 - 0x00007ffebdeae000 	C:\Program Files\Android\Android Studio\jbr\bin\server\jvm.dll
0x00007fff43e70000 - 0x00007fff43f20000 	C:\WINDOWS\System32\ADVAPI32.dll
0x00007fff43f20000 - 0x00007fff43fc0000 	C:\WINDOWS\System32\sechost.dll
0x00007fff44b30000 - 0x00007fff44c53000 	C:\WINDOWS\System32\RPCRT4.dll
0x00007fff42e60000 - 0x00007fff42e87000 	C:\WINDOWS\System32\bcrypt.dll
0x00007fff40810000 - 0x00007fff40837000 	C:\WINDOWS\SYSTEM32\WINMM.dll
0x00007fff38d90000 - 0x00007fff38d9a000 	C:\WINDOWS\SYSTEM32\VERSION.dll
0x00007fff27650000 - 0x00007fff27659000 	C:\WINDOWS\SYSTEM32\WSOCK32.dll
0x00007fff43fc0000 - 0x00007fff4402b000 	C:\WINDOWS\System32\WS2_32.dll
0x00007fff41030000 - 0x00007fff41042000 	C:\WINDOWS\SYSTEM32\kernel.appcore.dll
0x00007fff3c3e0000 - 0x00007fff3c3ea000 	C:\Program Files\Android\Android Studio\jbr\bin\jimage.dll
0x00007fff40390000 - 0x00007fff40574000 	C:\WINDOWS\SYSTEM32\DBGHELP.DLL
0x00007fff30960000 - 0x00007fff30994000 	C:\WINDOWS\SYSTEM32\dbgcore.DLL
0x00007fff42e90000 - 0x00007fff42f12000 	C:\WINDOWS\System32\bcryptPrimitives.dll
0x00007fff2cdf0000 - 0x00007fff2ce15000 	C:\Program Files\Android\Android Studio\jbr\bin\java.dll
0x00007fff3c020000 - 0x00007fff3c038000 	C:\Program Files\Android\Android Studio\jbr\bin\zip.dll
0x00007fff44340000 - 0x00007fff44aab000 	C:\WINDOWS\System32\SHELL32.dll
0x00007fff40880000 - 0x00007fff4101d000 	C:\WINDOWS\SYSTEM32\windows.storage.dll
0x00007fff433b0000 - 0x00007fff43703000 	C:\WINDOWS\System32\combase.dll
0x00007fff42240000 - 0x00007fff4226e000 	C:\WINDOWS\SYSTEM32\Wldp.dll
0x00007fff43880000 - 0x00007fff4394d000 	C:\WINDOWS\System32\OLEAUT32.dll
0x00007fff43770000 - 0x00007fff4381d000 	C:\WINDOWS\System32\SHCORE.dll
0x00007fff43820000 - 0x00007fff43875000 	C:\WINDOWS\System32\shlwapi.dll
0x00007fff42750000 - 0x00007fff42774000 	C:\WINDOWS\SYSTEM32\profapi.dll
0x00007fff2cdd0000 - 0x00007fff2cde9000 	C:\Program Files\Android\Android Studio\jbr\bin\net.dll
0x00007fff3c7d0000 - 0x00007fff3c8da000 	C:\WINDOWS\SYSTEM32\WINHTTP.dll
0x00007fff41fa0000 - 0x00007fff4200a000 	C:\WINDOWS\system32\mswsock.dll
0x00007fff2cdb0000 - 0x00007fff2cdc6000 	C:\Program Files\Android\Android Studio\jbr\bin\nio.dll
0x00007fff3c3b0000 - 0x00007fff3c3c0000 	C:\Program Files\Android\Android Studio\jbr\bin\verify.dll
0x00007fff2ccd0000 - 0x00007fff2ccf7000 	C:\Users\zeoon\.gradle\native\e1d6ef7f7dcc3fd88c89a11ec53ec762bb8ba0a96d01ffa2cd45eb1d1d8dd5c5\windows-amd64\native-platform.dll
0x00007ffedf9d0000 - 0x00007ffedfb14000 	C:\Users\zeoon\.gradle\native\0d407fdbe67a94daf76414ababcb853783967236a71b16ec16e742cd7a986fd3\windows-amd64\native-platform-file-events.dll
0x00007fff3c070000 - 0x00007fff3c079000 	C:\Program Files\Android\Android Studio\jbr\bin\management.dll
0x00007fff3ade0000 - 0x00007fff3adeb000 	C:\Program Files\Android\Android Studio\jbr\bin\management_ext.dll
0x00007fff44b20000 - 0x00007fff44b28000 	C:\WINDOWS\System32\PSAPI.DLL
0x00007fff42190000 - 0x00007fff421a8000 	C:\WINDOWS\SYSTEM32\CRYPTSP.dll
0x00007fff41850000 - 0x00007fff41884000 	C:\WINDOWS\system32\rsaenh.dll
0x00007fff426c0000 - 0x00007fff426ee000 	C:\WINDOWS\SYSTEM32\USERENV.dll
0x00007fff421b0000 - 0x00007fff421bc000 	C:\WINDOWS\SYSTEM32\CRYPTBASE.dll
0x00007fff41c30000 - 0x00007fff41c6b000 	C:\WINDOWS\SYSTEM32\IPHLPAPI.DLL
0x00007fff44ab0000 - 0x00007fff44ab8000 	C:\WINDOWS\System32\NSI.dll
0x00007fff3a0d0000 - 0x00007fff3a0e7000 	C:\WINDOWS\SYSTEM32\dhcpcsvc6.DLL
0x00007fff3a0b0000 - 0x00007fff3a0cd000 	C:\WINDOWS\SYSTEM32\dhcpcsvc.DLL
0x00007fff41c80000 - 0x00007fff41d4b000 	C:\WINDOWS\SYSTEM32\DNSAPI.dll
0x00007ffeefd80000 - 0x00007ffeefd87000 	C:\WINDOWS\system32\wshunix.dll

dbghelp: loaded successfully - version: 4.0.5 - missing functions: none
symbol engine: initialized successfully - sym options: 0x614 - pdb path: .;C:\Program Files\Android\Android Studio\jbr\bin;C:\WINDOWS\SYSTEM32;C:\WINDOWS\WinSxS\amd64_microsoft.windows.common-controls_6595b64144ccf1df_6.0.19041.4355_none_60b8b9eb71f62e16;C:\Program Files\Android\Android Studio\jbr\bin\server;C:\Users\zeoon\.gradle\native\e1d6ef7f7dcc3fd88c89a11ec53ec762bb8ba0a96d01ffa2cd45eb1d1d8dd5c5\windows-amd64;C:\Users\zeoon\.gradle\native\0d407fdbe67a94daf76414ababcb853783967236a71b16ec16e742cd7a986fd3\windows-amd64

VM Arguments:
jvm_args: --add-opens=java.base/java.util=ALL-UNNAMED --add-opens=java.base/java.lang=ALL-UNNAMED --add-opens=java.base/java.lang.invoke=ALL-UNNAMED --add-opens=java.base/java.util=ALL-UNNAMED --add-opens=java.prefs/java.util.prefs=ALL-UNNAMED --add-opens=java.prefs/java.util.prefs=ALL-UNNAMED --add-opens=java.base/java.nio.charset=ALL-UNNAMED --add-opens=java.base/java.net=ALL-UNNAMED --add-opens=java.base/java.util.concurrent.atomic=ALL-UNNAMED -Xmx1536M -Dfile.encoding=windows-1254 -Duser.country=TR -Duser.language=tr -Duser.variant 
java_command: org.gradle.launcher.daemon.bootstrap.GradleDaemon 7.5
java_class_path (initial): C:\Users\zeoon\.gradle\wrapper\dists\gradle-7.5-all\6qsw290k5lz422uaf8jf6m7co\gradle-7.5\lib\gradle-launcher-7.5.jar
Launcher Type: SUN_STANDARD

[Global flags]
     intx CICompilerCount                          = 4                                         {product} {ergonomic}
     uint ConcGCThreads                            = 2                                         {product} {ergonomic}
     uint G1ConcRefinementThreads                  = 8                                         {product} {ergonomic}
   size_t G1HeapRegionSize                         = 1048576                                   {product} {ergonomic}
    uintx GCDrainStackTargetSize                   = 64                                        {product} {ergonomic}
   size_t InitialHeapSize                          = 132120576                                 {product} {ergonomic}
   size_t MarkStackSize                            = 4194304                                   {product} {ergonomic}
   size_t MaxHeapSize                              = 1610612736                                {product} {command line}
   size_t MaxNewSize                               = 965738496                                 {product} {ergonomic}
   size_t MinHeapDeltaBytes                        = 1048576                                   {product} {ergonomic}
   size_t MinHeapSize                              = 8388608                                   {product} {ergonomic}
    uintx NonNMethodCodeHeapSize                   = 5839372                                {pd product} {ergonomic}
    uintx NonProfiledCodeHeapSize                  = 122909434                              {pd product} {ergonomic}
    uintx ProfiledCodeHeapSize                     = 122909434                              {pd product} {ergonomic}
    uintx ReservedCodeCacheSize                    = 251658240                              {pd product} {ergonomic}
     bool SegmentedCodeCache                       = true                                      {product} {ergonomic}
   size_t SoftMaxHeapSize                          = 1610612736                             {manageable} {ergonomic}
     bool UseCompressedClassPointers               = true                           {product lp64_product} {ergonomic}
     bool UseCompressedOops                        = true                           {product lp64_product} {ergonomic}
     bool UseG1GC                                  = true                                      {product} {ergonomic}
     bool UseLargePagesIndividualAllocation        = false                                  {pd product} {ergonomic}

Logging:
Log output configuration:
 #0: stdout all=warning uptime,level,tags
 #1: stderr all=off uptime,level,tags

Environment Variables:
JAVA_HOME=C:\Program Files\Android\Android Studio\jbr
CLASSPATH=D:\GitHub\McQueenCourier\android\\gradle\wrapper\gradle-wrapper.jar
PATH=C:\Program Files\Android\Android Studio\jbr\bin;C:\Python312\Scripts\;C:\Python312\;D:\src\flutter\bin;C:\Program Files\dotnet\;C:\ProgramData\chocolatey\bin;D:\MATRIKS;D:\MATRIKS\System32\;D:\Git\cmd;C:\Windows\System32;C:\Users\zeoon\AppData\Local\Android\Sdk\platform-tools;D:\src\flutter\bin;C:\Users\zeoon\.dotnet\tools;C:\Users\zeoon\AppData\Local\Programs\Microsoft VS Code\bin;C:\Users\zeoon\AppData\Local\GitHubDesktop\bin;D:\src\flutter\bin\mingit\cmd
USERNAME=zeoon
OS=Windows_NT
PROCESSOR_IDENTIFIER=Intel64 Family 6 Model 140 Stepping 1, GenuineIntel
TMP=C:\Users\zeoon\AppData\Local\Temp
TEMP=C:\Users\zeoon\AppData\Local\Temp


JNI global refs:
JNI global refs: 24, weak refs: 0

JNI global refs memory usage: 843, weak refs: 841


---------------  S Y S T E M  ---------------

OS:
 Windows 10 , 64 bit Build 19041 (10.0.19041.3636)
OS uptime: 1 days 17:29 hours

CPU: total 8 (initial active 8) (4 cores per cpu, 2 threads per core) family 6 model 140 stepping 1 microcode 0x8a, cx8, cmov, fxsr, ht, mmx, 3dnowpref, sse, sse2, sse3, ssse3, sse4.1, sse4.2, popcnt, lzcnt, tsc, tscinvbit, avx, avx2, aes, erms, clmul, bmi1, bmi2, adx, avx512f, avx512dq, avx512cd, avx512bw, avx512vl, sha, fma, vzeroupper, avx512_vpopcntdq, avx512_vpclmulqdq, avx512_vaes, avx512_vnni, clflush, clflushopt, clwb, avx512_vbmi2, avx512_vbmi

Memory: 4k page, system-wide physical 7991M (80M free)
TotalPageFile size 17323M (AvailPageFile size 1M)
current process WorkingSet (physical memory assigned to process): 168M, peak: 193M
current process commit charge ("private bytes"): 239M, peak: 248M

vm_info: OpenJDK 64-Bit Server VM (17.0.6+0-b2043.56-10027231) for windows-amd64 JRE (17.0.6+0-b2043.56-10027231), built on Apr 28 2023 00:43:19 by "androidbuild" with MS VC++ 16.10 / 16.11 (VS2019)

END.
