#
# There is insufficient memory for the Java Runtime Environment to continue.
# Native memory allocation (malloc) failed to allocate 1443744 bytes for Chunk::new
# Possible reasons:
#   The system is out of physical RAM or swap space
#   The process is running with CompressedOops enabled, and the Java Heap may be blocking the growth of the native heap
# Possible solutions:
#   Reduce memory load on the system
#   Increase physical memory or swap space
#   Check if swap backing store is full
#   Decrease Java heap size (-Xmx/-Xms)
#   Decrease number of Java threads
#   Decrease Java thread stack sizes (-Xss)
#   Set larger code cache with -XX:ReservedCodeCacheSize=
#   JVM is running with Unscaled Compressed Oops mode in which the Java heap is
#     placed in the first 4GB address space. The Java Heap base address is the
#     maximum limit for the native heap growth. Please use -XX:HeapBaseMinAddress
#     to set the Java Heap base and to place the Java Heap above 4GB virtual address.
# This output file may be truncated or incomplete.
#
#  Out of Memory Error (arena.cpp:189), pid=20940, tid=4868
#
# JRE version: OpenJDK Runtime Environment (17.0.6) (build 17.0.6+0-b2043.56-10027231)
# Java VM: OpenJDK 64-Bit Server VM (17.0.6+0-b2043.56-10027231, mixed mode, tiered, compressed oops, compressed class ptrs, g1 gc, windows-amd64)
# No core dump will be written. Minidumps are not enabled by default on client versions of Windows
#

---------------  S U M M A R Y ------------

Command Line: --add-opens=java.base/java.util=ALL-UNNAMED --add-opens=java.base/java.lang=ALL-UNNAMED --add-opens=java.base/java.lang.invoke=ALL-UNNAMED --add-opens=java.base/java.util=ALL-UNNAMED --add-opens=java.prefs/java.util.prefs=ALL-UNNAMED --add-opens=java.prefs/java.util.prefs=ALL-UNNAMED --add-opens=java.base/java.nio.charset=ALL-UNNAMED --add-opens=java.base/java.net=ALL-UNNAMED --add-opens=java.base/java.util.concurrent.atomic=ALL-UNNAMED -Xmx1536M -Dfile.encoding=windows-1254 -Duser.country=TR -Duser.language=tr -Duser.variant org.gradle.launcher.daemon.bootstrap.GradleDaemon 7.5

Host: 11th Gen Intel(R) Core(TM) i5-1135G7 @ 2.40GHz, 8 cores, 7G,  Windows 10 , 64 bit Build 19041 (10.0.19041.3636)
Time: Sat Jun 15 21:34:50 2024 Türkiye Standart Saati elapsed time: 25.898928 seconds (0d 0h 0m 25s)

---------------  T H R E A D  ---------------

Current thread (0x000001dcc5834fc0):  JavaThread "C2 CompilerThread0" daemon [_thread_in_native, id=4868, stack(0x0000006e9c000000,0x0000006e9c100000)]


Current CompileTask:
C2:  25899 11811 %     4       org.gradle.internal.instantiation.generator.AbstractClassGenerator::inspectType @ 77 (560 bytes)

Stack: [0x0000006e9c000000,0x0000006e9c100000]
Native frames: (J=compiled Java code, j=interpreted, Vv=VM code, C=native code)
V  [jvm.dll+0x683c9a]
V  [jvm.dll+0x8427a4]
V  [jvm.dll+0x843f9e]
V  [jvm.dll+0x844603]
V  [jvm.dll+0x249b75]
V  [jvm.dll+0xabcac]
V  [jvm.dll+0xac27c]
V  [jvm.dll+0x368857]
V  [jvm.dll+0x1bd0b8]
V  [jvm.dll+0x21c359]
V  [jvm.dll+0x21b621]
V  [jvm.dll+0x1a4fdd]
V  [jvm.dll+0x22b098]
V  [jvm.dll+0x229159]
V  [jvm.dll+0x7f81ec]
V  [jvm.dll+0x7f274a]
V  [jvm.dll+0x682ad5]
C  [ucrtbase.dll+0x21bb2]
C  [KERNEL32.DLL+0x17344]
C  [ntdll.dll+0x4cc91]


---------------  P R O C E S S  ---------------

Threads class SMR info:
_java_thread_list=0x000001dcc5bc3a00, length=136, elements={
0x000001dcac2f3e30, 0x000001dcc4e6d9d0, 0x000001dcc4e6e490, 0x000001dcc580cd20,
0x000001dcc580d7e0, 0x000001dcc5833500, 0x000001dcc5833dc0, 0x000001dcc5834fc0,
0x000001dcc5854900, 0x000001dcc5871020, 0x000001dcc59e0490, 0x000001dcc59e1da0,
0x000001dcc71a7270, 0x000001dcc72e7190, 0x000001dcc6d2e650, 0x000001dcc73c5530,
0x000001dcc73c5a00, 0x000001dcc72e1860, 0x000001dcc72e1d30, 0x000001dcc707ddb0,
0x000001dcc707d410, 0x000001dcc707f5c0, 0x000001dcc707cf40, 0x000001dcc707f0f0,
0x000001dcc7080430, 0x000001dcc707fa90, 0x000001dcc707ff60, 0x000001dcc7080900,
0x000001dcc707ec20, 0x000001dcc707e280, 0x000001dcc707e750, 0x000001dcca477cb0,
0x000001dcca478b20, 0x000001dcca4777e0, 0x000001dcca478ff0, 0x000001dcca474c90,
0x000001dcca4747c0, 0x000001dcca478180, 0x000001dcca479e60, 0x000001dcca478650,
0x000001dcca477310, 0x000001dcca4794c0, 0x000001dcca473950, 0x000001dcca472fb0,
0x000001dcca479990, 0x000001dcca473e20, 0x000001dcca4742f0, 0x000001dcca475b00,
0x000001dcca475fd0, 0x000001dcca476970, 0x000001dcca476e40, 0x000001dccbd86ba0,
0x000001dccbd89bc0, 0x000001dccbd85390, 0x000001dccbd866d0, 0x000001dccbd8a560,
0x000001dccbd8c710, 0x000001dccbd88d50, 0x000001dccbd8a090, 0x000001dccbd8b8a0,
0x000001dccbd87a10, 0x000001dccbd86200, 0x000001dccbd87ee0, 0x000001dccbd87070,
0x000001dccbd85860, 0x000001dccbd8aa30, 0x000001dccbd87540, 0x000001dccbd896f0,
0x000001dccbd8af00, 0x000001dccbd85d30, 0x000001dccbd8bd70, 0x000001dccbd89220,
0x000001dccbd883b0, 0x000001dccbd8b3d0, 0x000001dccbd88880, 0x000001dccbd8c240,
0x000001dccbd8cbe0, 0x000001dcc6a89f70, 0x000001dcc6a8b2b0, 0x000001dcc6a8cac0,
0x000001dcc6a8d460, 0x000001dcc6a8e2d0, 0x000001dcc6a8e7a0, 0x000001dcc6a8a910,
0x000001dcc6a88c30, 0x000001dcc6a90480, 0x000001dcc6a8fae0, 0x000001dcc6a8bc50,
0x000001dcc6a89100, 0x000001dcc6a8ffb0, 0x000001dcc6a8ec70, 0x000001dcc6a8b780,
0x000001dcc6a8f140, 0x000001dcc6a8f610, 0x000001dcc6a8ade0, 0x000001dcc6a895d0,
0x000001dcc6a89aa0, 0x000001dcc6a8c120, 0x000001dcc6a8a440, 0x000001dcc6a8d930,
0x000001dcc6a8de00, 0x000001dcc6a8c5f0, 0x000001dcc6a8cf90, 0x000001dcc65dbfc0,
0x000001dcc65e29a0, 0x000001dcc65de170, 0x000001dcc65defe0, 0x000001dcc65e2e70,
0x000001dcc65e0320, 0x000001dcc65e07f0, 0x000001dcc65e0cc0, 0x000001dcc65ddca0,
0x000001dcc65e1190, 0x000001dcc65df980, 0x000001dcc65e1660, 0x000001dcc65e1b30,
0x000001dcc65de640, 0x000001dcc65dc490, 0x000001dcc65dfe50, 0x000001dcc65e3340,
0x000001dcc65e3810, 0x000001dcc65dd7d0, 0x000001dcc65dc960, 0x000001dcc65df4b0,
0x000001dcc65dce30, 0x000001dcc65deb10, 0x000001dccab5af20, 0x000001dccab5e410,
0x000001dccab59240, 0x000001dccab5df40, 0x000001dccab5e8e0, 0x000001dccab59710,
0x000001dccab5d0d0, 0x000001dccab57090, 0x000001dccab5cc00, 0x000001dcca197500
}

Java Threads: ( => current thread )
  0x000001dcac2f3e30 JavaThread "main" [_thread_blocked, id=6592, stack(0x0000006e9b300000,0x0000006e9b400000)]
  0x000001dcc4e6d9d0 JavaThread "Reference Handler" daemon [_thread_blocked, id=15180, stack(0x0000006e9ba00000,0x0000006e9bb00000)]
  0x000001dcc4e6e490 JavaThread "Finalizer" daemon [_thread_blocked, id=19364, stack(0x0000006e9bb00000,0x0000006e9bc00000)]
  0x000001dcc580cd20 JavaThread "Signal Dispatcher" daemon [_thread_blocked, id=10484, stack(0x0000006e9bc00000,0x0000006e9bd00000)]
  0x000001dcc580d7e0 JavaThread "Attach Listener" daemon [_thread_blocked, id=18560, stack(0x0000006e9bd00000,0x0000006e9be00000)]
  0x000001dcc5833500 JavaThread "Service Thread" daemon [_thread_blocked, id=18208, stack(0x0000006e9be00000,0x0000006e9bf00000)]
  0x000001dcc5833dc0 JavaThread "Monitor Deflation Thread" daemon [_thread_blocked, id=21408, stack(0x0000006e9bf00000,0x0000006e9c000000)]
=>0x000001dcc5834fc0 JavaThread "C2 CompilerThread0" daemon [_thread_in_native, id=4868, stack(0x0000006e9c000000,0x0000006e9c100000)]
  0x000001dcc5854900 JavaThread "C1 CompilerThread0" daemon [_thread_blocked, id=6756, stack(0x0000006e9c100000,0x0000006e9c200000)]
  0x000001dcc5871020 JavaThread "Sweeper thread" daemon [_thread_blocked, id=20576, stack(0x0000006e9c200000,0x0000006e9c300000)]
  0x000001dcc59e0490 JavaThread "Common-Cleaner" daemon [_thread_blocked, id=15256, stack(0x0000006e9c300000,0x0000006e9c400000)]
  0x000001dcc59e1da0 JavaThread "Notification Thread" daemon [_thread_blocked, id=6220, stack(0x0000006e9c400000,0x0000006e9c500000)]
  0x000001dcc71a7270 JavaThread "Daemon health stats" [_thread_blocked, id=4936, stack(0x0000006e9ca00000,0x0000006e9cb00000)]
  0x000001dcc72e7190 JavaThread "Incoming local TCP Connector on port 21174" [_thread_in_native, id=8848, stack(0x0000006e9cb00000,0x0000006e9cc00000)]
  0x000001dcc6d2e650 JavaThread "Daemon periodic checks" [_thread_blocked, id=16012, stack(0x0000006e9cc00000,0x0000006e9cd00000)]
  0x000001dcc73c5530 JavaThread "Daemon" [_thread_blocked, id=1844, stack(0x0000006e9cd00000,0x0000006e9ce00000)]
  0x000001dcc73c5a00 JavaThread "Handler for socket connection from /127.0.0.1:21174 to /127.0.0.1:21175" [_thread_in_native, id=18980, stack(0x0000006e9ce00000,0x0000006e9cf00000)]
  0x000001dcc72e1860 JavaThread "Cancel handler" [_thread_blocked, id=17972, stack(0x0000006e9cf00000,0x0000006e9d000000)]
  0x000001dcc72e1d30 JavaThread "Daemon worker" [_thread_in_Java, id=11888, stack(0x0000006e9d000000,0x0000006e9d100000)]
  0x000001dcc707ddb0 JavaThread "Asynchronous log dispatcher for DefaultDaemonConnection: socket connection from /127.0.0.1:21174 to /127.0.0.1:21175" [_thread_blocked, id=20804, stack(0x0000006e9d100000,0x0000006e9d200000)]
  0x000001dcc707d410 JavaThread "Stdin handler" [_thread_blocked, id=2456, stack(0x0000006e9d200000,0x0000006e9d300000)]
  0x000001dcc707f5c0 JavaThread "Daemon client event forwarder" [_thread_blocked, id=13476, stack(0x0000006e9d300000,0x0000006e9d400000)]
  0x000001dcc707cf40 JavaThread "Cache worker for journal cache (C:\Users\zeoon\.gradle\caches\journal-1)" [_thread_blocked, id=3544, stack(0x0000006e9d400000,0x0000006e9d500000)]
  0x000001dcc707f0f0 JavaThread "File lock request listener" [_thread_in_native, id=17804, stack(0x0000006e9d500000,0x0000006e9d600000)]
  0x000001dcc7080430 JavaThread "Cache worker for file hash cache (C:\Users\zeoon\.gradle\caches\7.5\fileHashes)" [_thread_blocked, id=13724, stack(0x0000006e9da00000,0x0000006e9db00000)]
  0x000001dcc707fa90 JavaThread "File watcher server" daemon [_thread_in_native, id=19956, stack(0x0000006e9dd00000,0x0000006e9de00000)]
  0x000001dcc707ff60 JavaThread "File watcher consumer" daemon [_thread_blocked, id=14072, stack(0x0000006e9de00000,0x0000006e9df00000)]
  0x000001dcc7080900 JavaThread "Cache worker for checksums cache (D:\GitHub\McQueenCourier\android\.gradle\7.5\checksums)" [_thread_blocked, id=7024, stack(0x0000006e9df00000,0x0000006e9e000000)]
  0x000001dcc707ec20 JavaThread "Cache worker for cache directory md-rule (C:\Users\zeoon\.gradle\caches\7.5\md-rule)" [_thread_blocked, id=20628, stack(0x0000006e9e000000,0x0000006e9e100000)]
  0x000001dcc707e280 JavaThread "Cache worker for file content cache (C:\Users\zeoon\.gradle\caches\7.5\fileContent)" [_thread_blocked, id=14100, stack(0x0000006e9e100000,0x0000006e9e200000)]
  0x000001dcc707e750 JavaThread "Cache worker for file hash cache (D:\GitHub\McQueenCourier\android\.gradle\7.5\fileHashes)" [_thread_blocked, id=18440, stack(0x0000006e9e200000,0x0000006e9e300000)]
  0x000001dcca477cb0 JavaThread "Cache worker for cache directory md-supplier (C:\Users\zeoon\.gradle\caches\7.5\md-supplier)" [_thread_blocked, id=18688, stack(0x0000006e9e300000,0x0000006e9e400000)]
  0x000001dcca478b20 JavaThread "Cache worker for execution history cache (C:\Users\zeoon\.gradle\caches\7.5\executionHistory)" [_thread_blocked, id=4724, stack(0x0000006e9e400000,0x0000006e9e500000)]
  0x000001dcca4777e0 JavaThread "jar transforms" [_thread_blocked, id=2860, stack(0x0000006e9db00000,0x0000006e9dc00000)]
  0x000001dcca478ff0 JavaThread "jar transforms Thread 2" [_thread_blocked, id=5412, stack(0x0000006e9e500000,0x0000006e9e600000)]
  0x000001dcca474c90 JavaThread "jar transforms Thread 3" [_thread_blocked, id=9024, stack(0x0000006e9e600000,0x0000006e9e700000)]
  0x000001dcca4747c0 JavaThread "jar transforms Thread 4" [_thread_blocked, id=21428, stack(0x0000006e9e700000,0x0000006e9e800000)]
  0x000001dcca478180 JavaThread "jar transforms Thread 5" [_thread_blocked, id=14768, stack(0x0000006e9e800000,0x0000006e9e900000)]
  0x000001dcca479e60 JavaThread "jar transforms Thread 6" [_thread_blocked, id=2136, stack(0x0000006e9e900000,0x0000006e9ea00000)]
  0x000001dcca478650 JavaThread "Cache worker for kotlin-dsl (C:\Users\zeoon\.gradle\caches\7.5\kotlin-dsl)" [_thread_blocked, id=19764, stack(0x0000006e9ea00000,0x0000006e9eb00000)]
  0x000001dcca477310 JavaThread "jar transforms Thread 7" [_thread_blocked, id=14952, stack(0x0000006e9eb00000,0x0000006e9ec00000)]
  0x000001dcca4794c0 JavaThread "Cache worker for dependencies-accessors (D:\GitHub\McQueenCourier\android\.gradle\7.5\dependencies-accessors)" [_thread_blocked, id=9192, stack(0x0000006e9ec00000,0x0000006e9ed00000)]
  0x000001dcca473950 JavaThread "jar transforms Thread 8" [_thread_blocked, id=20268, stack(0x0000006e9ed00000,0x0000006e9ee00000)]
  0x000001dcca472fb0 JavaThread "Cache worker for Build Output Cleanup Cache (D:\GitHub\McQueenCourier\android\.gradle\buildOutputCleanup)" [_thread_blocked, id=21040, stack(0x0000006e9ee00000,0x0000006e9ef00000)]
  0x000001dcca479990 JavaThread "Unconstrained build operations" [_thread_blocked, id=21272, stack(0x0000006e9ef00000,0x0000006e9f000000)]
  0x000001dcca473e20 JavaThread "Unconstrained build operations Thread 2" [_thread_blocked, id=4488, stack(0x0000006e9f000000,0x0000006e9f100000)]
  0x000001dcca4742f0 JavaThread "Unconstrained build operations Thread 3" [_thread_blocked, id=9308, stack(0x0000006e9f100000,0x0000006e9f200000)]
  0x000001dcca475b00 JavaThread "Unconstrained build operations Thread 4" [_thread_blocked, id=5668, stack(0x0000006e9f200000,0x0000006e9f300000)]
  0x000001dcca475fd0 JavaThread "Unconstrained build operations Thread 5" [_thread_blocked, id=21284, stack(0x0000006e9f300000,0x0000006e9f400000)]
  0x000001dcca476970 JavaThread "Unconstrained build operations Thread 6" [_thread_blocked, id=11960, stack(0x0000006e9f400000,0x0000006e9f500000)]
  0x000001dcca476e40 JavaThread "Unconstrained build operations Thread 7" [_thread_blocked, id=7332, stack(0x0000006e9f500000,0x0000006e9f600000)]
  0x000001dccbd86ba0 JavaThread "Unconstrained build operations Thread 8" [_thread_blocked, id=10312, stack(0x0000006e9f600000,0x0000006e9f700000)]
  0x000001dccbd89bc0 JavaThread "Unconstrained build operations Thread 9" [_thread_blocked, id=10024, stack(0x0000006e9f700000,0x0000006e9f800000)]
  0x000001dccbd85390 JavaThread "Unconstrained build operations Thread 10" [_thread_blocked, id=10732, stack(0x0000006e9f800000,0x0000006e9f900000)]
  0x000001dccbd866d0 JavaThread "Unconstrained build operations Thread 11" [_thread_blocked, id=21304, stack(0x0000006e9f900000,0x0000006e9fa00000)]
  0x000001dccbd8a560 JavaThread "Unconstrained build operations Thread 12" [_thread_blocked, id=7164, stack(0x0000006e9fa00000,0x0000006e9fb00000)]
  0x000001dccbd8c710 JavaThread "Unconstrained build operations Thread 13" [_thread_blocked, id=18836, stack(0x0000006e9fb00000,0x0000006e9fc00000)]
  0x000001dccbd88d50 JavaThread "Unconstrained build operations Thread 14" [_thread_blocked, id=18164, stack(0x0000006e9fc00000,0x0000006e9fd00000)]
  0x000001dccbd8a090 JavaThread "Unconstrained build operations Thread 15" [_thread_blocked, id=14900, stack(0x0000006e9fd00000,0x0000006e9fe00000)]
  0x000001dccbd8b8a0 JavaThread "Unconstrained build operations Thread 16" [_thread_blocked, id=12608, stack(0x0000006e9fe00000,0x0000006e9ff00000)]
  0x000001dccbd87a10 JavaThread "Unconstrained build operations Thread 17" [_thread_blocked, id=20820, stack(0x0000006e9ff00000,0x0000006ea0000000)]
  0x000001dccbd86200 JavaThread "Unconstrained build operations Thread 18" [_thread_blocked, id=8828, stack(0x0000006ea0000000,0x0000006ea0100000)]
  0x000001dccbd87ee0 JavaThread "Unconstrained build operations Thread 19" [_thread_blocked, id=11988, stack(0x0000006ea0100000,0x0000006ea0200000)]
  0x000001dccbd87070 JavaThread "Unconstrained build operations Thread 20" [_thread_blocked, id=11972, stack(0x0000006ea0200000,0x0000006ea0300000)]
  0x000001dccbd85860 JavaThread "Unconstrained build operations Thread 21" [_thread_blocked, id=12000, stack(0x0000006ea0300000,0x0000006ea0400000)]
  0x000001dccbd8aa30 JavaThread "Unconstrained build operations Thread 22" [_thread_blocked, id=12016, stack(0x0000006ea0400000,0x0000006ea0500000)]
  0x000001dccbd87540 JavaThread "Unconstrained build operations Thread 23" [_thread_blocked, id=12012, stack(0x0000006ea0500000,0x0000006ea0600000)]
  0x000001dccbd896f0 JavaThread "Unconstrained build operations Thread 24" [_thread_blocked, id=12024, stack(0x0000006ea0600000,0x0000006ea0700000)]
  0x000001dccbd8af00 JavaThread "Unconstrained build operations Thread 25" [_thread_blocked, id=12028, stack(0x0000006ea0700000,0x0000006ea0800000)]
  0x000001dccbd85d30 JavaThread "Unconstrained build operations Thread 26" [_thread_blocked, id=12040, stack(0x0000006ea0800000,0x0000006ea0900000)]
  0x000001dccbd8bd70 JavaThread "Unconstrained build operations Thread 27" [_thread_blocked, id=12004, stack(0x0000006ea0900000,0x0000006ea0a00000)]
  0x000001dccbd89220 JavaThread "Unconstrained build operations Thread 28" [_thread_blocked, id=12044, stack(0x0000006ea0a00000,0x0000006ea0b00000)]
  0x000001dccbd883b0 JavaThread "Unconstrained build operations Thread 29" [_thread_blocked, id=11968, stack(0x0000006ea0b00000,0x0000006ea0c00000)]
  0x000001dccbd8b3d0 JavaThread "Unconstrained build operations Thread 30" [_thread_blocked, id=12036, stack(0x0000006ea0c00000,0x0000006ea0d00000)]
  0x000001dccbd88880 JavaThread "Unconstrained build operations Thread 31" [_thread_blocked, id=12032, stack(0x0000006ea0d00000,0x0000006ea0e00000)]
  0x000001dccbd8c240 JavaThread "Unconstrained build operations Thread 32" [_thread_blocked, id=11984, stack(0x0000006ea0e00000,0x0000006ea0f00000)]
  0x000001dccbd8cbe0 JavaThread "Unconstrained build operations Thread 33" [_thread_blocked, id=12020, stack(0x0000006ea0f00000,0x0000006ea1000000)]
  0x000001dcc6a89f70 JavaThread "Unconstrained build operations Thread 34" [_thread_blocked, id=4368, stack(0x0000006ea1000000,0x0000006ea1100000)]
  0x000001dcc6a8b2b0 JavaThread "Unconstrained build operations Thread 35" [_thread_blocked, id=10988, stack(0x0000006ea1100000,0x0000006ea1200000)]
  0x000001dcc6a8cac0 JavaThread "Unconstrained build operations Thread 36" [_thread_blocked, id=5312, stack(0x0000006ea1200000,0x0000006ea1300000)]
  0x000001dcc6a8d460 JavaThread "Unconstrained build operations Thread 37" [_thread_blocked, id=11964, stack(0x0000006ea1300000,0x0000006ea1400000)]
  0x000001dcc6a8e2d0 JavaThread "Unconstrained build operations Thread 38" [_thread_blocked, id=1656, stack(0x0000006ea1400000,0x0000006ea1500000)]
  0x000001dcc6a8e7a0 JavaThread "Unconstrained build operations Thread 39" [_thread_blocked, id=4508, stack(0x0000006ea1500000,0x0000006ea1600000)]
  0x000001dcc6a8a910 JavaThread "Unconstrained build operations Thread 40" [_thread_blocked, id=4948, stack(0x0000006ea1600000,0x0000006ea1700000)]
  0x000001dcc6a88c30 JavaThread "Unconstrained build operations Thread 41" [_thread_blocked, id=4232, stack(0x0000006ea1700000,0x0000006ea1800000)]
  0x000001dcc6a90480 JavaThread "Unconstrained build operations Thread 42" [_thread_blocked, id=6604, stack(0x0000006ea1800000,0x0000006ea1900000)]
  0x000001dcc6a8fae0 JavaThread "Unconstrained build operations Thread 43" [_thread_blocked, id=6356, stack(0x0000006ea1900000,0x0000006ea1a00000)]
  0x000001dcc6a8bc50 JavaThread "Unconstrained build operations Thread 44" [_thread_blocked, id=11996, stack(0x0000006ea1a00000,0x0000006ea1b00000)]
  0x000001dcc6a89100 JavaThread "Unconstrained build operations Thread 45" [_thread_blocked, id=4228, stack(0x0000006ea1b00000,0x0000006ea1c00000)]
  0x000001dcc6a8ffb0 JavaThread "Unconstrained build operations Thread 46" [_thread_blocked, id=11976, stack(0x0000006ea1c00000,0x0000006ea1d00000)]
  0x000001dcc6a8ec70 JavaThread "Unconstrained build operations Thread 47" [_thread_blocked, id=12008, stack(0x0000006ea1d00000,0x0000006ea1e00000)]
  0x000001dcc6a8b780 JavaThread "Unconstrained build operations Thread 48" [_thread_blocked, id=10912, stack(0x0000006ea1e00000,0x0000006ea1f00000)]
  0x000001dcc6a8f140 JavaThread "Unconstrained build operations Thread 49" [_thread_blocked, id=20844, stack(0x0000006ea1f00000,0x0000006ea2000000)]
  0x000001dcc6a8f610 JavaThread "Unconstrained build operations Thread 50" [_thread_blocked, id=1728, stack(0x0000006ea2000000,0x0000006ea2100000)]
  0x000001dcc6a8ade0 JavaThread "Unconstrained build operations Thread 51" [_thread_blocked, id=18700, stack(0x0000006ea2100000,0x0000006ea2200000)]
  0x000001dcc6a895d0 JavaThread "Unconstrained build operations Thread 52" [_thread_blocked, id=9448, stack(0x0000006ea2200000,0x0000006ea2300000)]
  0x000001dcc6a89aa0 JavaThread "Unconstrained build operations Thread 53" [_thread_blocked, id=3816, stack(0x0000006ea2300000,0x0000006ea2400000)]
  0x000001dcc6a8c120 JavaThread "Unconstrained build operations Thread 54" [_thread_blocked, id=9480, stack(0x0000006ea2400000,0x0000006ea2500000)]
  0x000001dcc6a8a440 JavaThread "Unconstrained build operations Thread 55" [_thread_blocked, id=1488, stack(0x0000006ea2500000,0x0000006ea2600000)]
  0x000001dcc6a8d930 JavaThread "Unconstrained build operations Thread 56" [_thread_blocked, id=6792, stack(0x0000006ea2600000,0x0000006ea2700000)]
  0x000001dcc6a8de00 JavaThread "Unconstrained build operations Thread 57" [_thread_blocked, id=21344, stack(0x0000006ea2700000,0x0000006ea2800000)]
  0x000001dcc6a8c5f0 JavaThread "Unconstrained build operations Thread 58" [_thread_blocked, id=9596, stack(0x0000006ea2800000,0x0000006ea2900000)]
  0x000001dcc6a8cf90 JavaThread "Unconstrained build operations Thread 59" [_thread_blocked, id=4308, stack(0x0000006ea2900000,0x0000006ea2a00000)]
  0x000001dcc65dbfc0 JavaThread "Unconstrained build operations Thread 60" [_thread_blocked, id=3520, stack(0x0000006ea2a00000,0x0000006ea2b00000)]
  0x000001dcc65e29a0 JavaThread "Unconstrained build operations Thread 61" [_thread_blocked, id=2552, stack(0x0000006ea2b00000,0x0000006ea2c00000)]
  0x000001dcc65de170 JavaThread "Unconstrained build operations Thread 62" [_thread_blocked, id=21372, stack(0x0000006ea2c00000,0x0000006ea2d00000)]
  0x000001dcc65defe0 JavaThread "Unconstrained build operations Thread 63" [_thread_blocked, id=20864, stack(0x0000006ea2d00000,0x0000006ea2e00000)]
  0x000001dcc65e2e70 JavaThread "Unconstrained build operations Thread 64" [_thread_blocked, id=13876, stack(0x0000006ea2e00000,0x0000006ea2f00000)]
  0x000001dcc65e0320 JavaThread "Unconstrained build operations Thread 65" [_thread_blocked, id=2992, stack(0x0000006ea2f00000,0x0000006ea3000000)]
  0x000001dcc65e07f0 JavaThread "Unconstrained build operations Thread 66" [_thread_blocked, id=14752, stack(0x0000006ea3000000,0x0000006ea3100000)]
  0x000001dcc65e0cc0 JavaThread "Unconstrained build operations Thread 67" [_thread_blocked, id=16520, stack(0x0000006ea3100000,0x0000006ea3200000)]
  0x000001dcc65ddca0 JavaThread "Unconstrained build operations Thread 68" [_thread_blocked, id=2144, stack(0x0000006ea3200000,0x0000006ea3300000)]
  0x000001dcc65e1190 JavaThread "Unconstrained build operations Thread 69" [_thread_blocked, id=20352, stack(0x0000006ea3300000,0x0000006ea3400000)]
  0x000001dcc65df980 JavaThread "Unconstrained build operations Thread 70" [_thread_blocked, id=1056, stack(0x0000006ea3400000,0x0000006ea3500000)]
  0x000001dcc65e1660 JavaThread "Unconstrained build operations Thread 71" [_thread_blocked, id=13176, stack(0x0000006ea3500000,0x0000006ea3600000)]
  0x000001dcc65e1b30 JavaThread "Unconstrained build operations Thread 72" [_thread_blocked, id=32, stack(0x0000006ea3600000,0x0000006ea3700000)]
  0x000001dcc65de640 JavaThread "Unconstrained build operations Thread 73" [_thread_blocked, id=19584, stack(0x0000006ea3700000,0x0000006ea3800000)]
  0x000001dcc65dc490 JavaThread "Unconstrained build operations Thread 74" [_thread_blocked, id=4120, stack(0x0000006ea3800000,0x0000006ea3900000)]
  0x000001dcc65dfe50 JavaThread "Unconstrained build operations Thread 75" [_thread_blocked, id=748, stack(0x0000006ea3900000,0x0000006ea3a00000)]
  0x000001dcc65e3340 JavaThread "Unconstrained build operations Thread 76" [_thread_blocked, id=14544, stack(0x0000006ea3a00000,0x0000006ea3b00000)]
  0x000001dcc65e3810 JavaThread "Unconstrained build operations Thread 77" [_thread_blocked, id=6560, stack(0x0000006ea3b00000,0x0000006ea3c00000)]
  0x000001dcc65dd7d0 JavaThread "Unconstrained build operations Thread 78" [_thread_blocked, id=11716, stack(0x0000006ea3c00000,0x0000006ea3d00000)]
  0x000001dcc65dc960 JavaThread "Unconstrained build operations Thread 79" [_thread_blocked, id=14960, stack(0x0000006ea3d00000,0x0000006ea3e00000)]
  0x000001dcc65df4b0 JavaThread "Unconstrained build operations Thread 80" [_thread_blocked, id=2516, stack(0x0000006ea3e00000,0x0000006ea3f00000)]
  0x000001dcc65dce30 JavaThread "Cache worker for Build Output Cleanup Cache (D:\src\flutter\packages\flutter_tools\gradle\.gradle\buildOutputCleanup)" [_thread_blocked, id=13416, stack(0x0000006ea3f00000,0x0000006ea4000000)]
  0x000001dcc65deb10 JavaThread "Memory manager" [_thread_blocked, id=4840, stack(0x0000006ea4000000,0x0000006ea4100000)]
  0x000001dccab5af20 JavaThread "included builds" [_thread_blocked, id=21196, stack(0x0000006ea4100000,0x0000006ea4200000)]
  0x000001dccab5e410 JavaThread "Execution worker" [_thread_blocked, id=3876, stack(0x0000006ea4200000,0x0000006ea4300000)]
  0x000001dccab59240 JavaThread "Execution worker Thread 2" [_thread_blocked, id=19268, stack(0x0000006ea4300000,0x0000006ea4400000)]
  0x000001dccab5df40 JavaThread "Execution worker Thread 3" [_thread_blocked, id=6248, stack(0x0000006ea4400000,0x0000006ea4500000)]
  0x000001dccab5e8e0 JavaThread "Execution worker Thread 4" [_thread_blocked, id=20068, stack(0x0000006ea4500000,0x0000006ea4600000)]
  0x000001dccab59710 JavaThread "Execution worker Thread 5" [_thread_blocked, id=13400, stack(0x0000006ea4600000,0x0000006ea4700000)]
  0x000001dccab5d0d0 JavaThread "Execution worker Thread 6" [_thread_blocked, id=7524, stack(0x0000006ea4700000,0x0000006ea4800000)]
  0x000001dccab57090 JavaThread "Execution worker Thread 7" [_thread_blocked, id=20776, stack(0x0000006ea4800000,0x0000006ea4900000)]
  0x000001dccab5cc00 JavaThread "Cache worker for execution history cache (D:\src\flutter\packages\flutter_tools\gradle\.gradle\7.5\executionHistory)" [_thread_blocked, id=20256, stack(0x0000006ea4900000,0x0000006ea4a00000)]
  0x000001dcca197500 JavaThread "C2 CompilerThread1" daemon [_thread_blocked, id=1188, stack(0x0000006ea4a00000,0x0000006ea4b00000)]

Other Threads:
  0x000001dcc4e66b00 VMThread "VM Thread" [stack: 0x0000006e9b900000,0x0000006e9ba00000] [id=21368]
  0x000001dcac3606f0 WatcherThread [stack: 0x0000006e9c500000,0x0000006e9c600000] [id=12948]
  0x000001dcac340330 GCTaskThread "GC Thread#0" [stack: 0x0000006e9b400000,0x0000006e9b500000] [id=15412]
  0x000001dcc674d930 GCTaskThread "GC Thread#1" [stack: 0x0000006e9c700000,0x0000006e9c800000] [id=2352]
  0x000001dcc65f7ff0 GCTaskThread "GC Thread#2" [stack: 0x0000006e9c800000,0x0000006e9c900000] [id=19884]
  0x000001dcc65b6a20 GCTaskThread "GC Thread#3" [stack: 0x0000006e9c900000,0x0000006e9ca00000] [id=17888]
  0x000001dcc7118d00 GCTaskThread "GC Thread#4" [stack: 0x0000006e9c600000,0x0000006e9c700000] [id=17720]
  0x000001dcc7cc17f0 GCTaskThread "GC Thread#5" [stack: 0x0000006e9d600000,0x0000006e9d700000] [id=15916]
  0x000001dcc7c2c510 GCTaskThread "GC Thread#6" [stack: 0x0000006e9d700000,0x0000006e9d800000] [id=8304]
  0x000001dcc71545c0 GCTaskThread "GC Thread#7" [stack: 0x0000006e9d800000,0x0000006e9d900000] [id=1224]
  0x000001dcac34d270 ConcurrentGCThread "G1 Main Marker" [stack: 0x0000006e9b500000,0x0000006e9b600000] [id=21024]
  0x000001dcac34dc80 ConcurrentGCThread "G1 Conc#0" [stack: 0x0000006e9b600000,0x0000006e9b700000] [id=11896]
  0x000001dcc7d52180 ConcurrentGCThread "G1 Conc#1" [stack: 0x0000006e9d900000,0x0000006e9da00000] [id=7900]
  0x000001dcac3bde30 ConcurrentGCThread "G1 Refine#0" [stack: 0x0000006e9b700000,0x0000006e9b800000] [id=21136]
  0x000001dcc7f85b70 ConcurrentGCThread "G1 Refine#1" [stack: 0x0000006e9dc00000,0x0000006e9dd00000] [id=9016]
  0x000001dcac3be760 ConcurrentGCThread "G1 Service" [stack: 0x0000006e9b800000,0x0000006e9b900000] [id=7020]

Threads with active compile tasks:
C2 CompilerThread0    25936 11811 %     4       org.gradle.internal.instantiation.generator.AbstractClassGenerator::inspectType @ 77 (560 bytes)

VM state: not at safepoint (normal execution)

VM Mutex/Monitor currently owned by a thread: None

Heap address: 0x00000000a0000000, size: 1536 MB, Compressed Oops mode: 32-bit

CDS archive(s) not mapped
Compressed class space mapped at: 0x0000000100000000-0x0000000140000000, reserved size: 1073741824
Narrow klass base: 0x0000000000000000, Narrow klass shift: 3, Narrow klass range: 0x140000000

GC Precious Log:
 CPUs: 8 total, 8 available
 Memory: 7991M
 Large Page Support: Disabled
 NUMA Support: Disabled
 Compressed Oops: Enabled (32-bit)
 Heap Region Size: 1M
 Heap Min Capacity: 8M
 Heap Initial Capacity: 126M
 Heap Max Capacity: 1536M
 Pre-touch: Disabled
 Parallel Workers: 8
 Concurrent Workers: 2
 Concurrent Refinement Workers: 8
 Periodic GC: Disabled

Heap:
 garbage-first heap   total 209920K, used 126085K [0x00000000a0000000, 0x0000000100000000)
  region size 1024K, 9 young (9216K), 5 survivors (5120K)
 Metaspace       used 93290K, committed 94208K, reserved 1130496K
  class space    used 12871K, committed 13248K, reserved 1048576K

Heap Regions: E=young(eden), S=young(survivor), O=old, HS=humongous(starts), HC=humongous(continues), CS=collection set, F=free, OA=open archive, CA=closed archive, TAMS=top-at-mark-start (previous, next)
|   0|0x00000000a0000000, 0x00000000a0100000, 0x00000000a0100000|100%| O|  |TAMS 0x00000000a0100000, 0x00000000a0000000| Untracked 
|   1|0x00000000a0100000, 0x00000000a0200000, 0x00000000a0200000|100%| O|  |TAMS 0x00000000a0200000, 0x00000000a0100000| Untracked 
|   2|0x00000000a0200000, 0x00000000a02ef000, 0x00000000a0300000| 93%| O|  |TAMS 0x00000000a02ef000, 0x00000000a0200000| Untracked 
|   3|0x00000000a0300000, 0x00000000a0400000, 0x00000000a0400000|100%|HS|  |TAMS 0x00000000a0400000, 0x00000000a0300000| Complete 
|   4|0x00000000a0400000, 0x00000000a0500000, 0x00000000a0500000|100%|HC|  |TAMS 0x00000000a0500000, 0x00000000a0400000| Complete 
|   5|0x00000000a0500000, 0x00000000a0600000, 0x00000000a0600000|100%|HC|  |TAMS 0x00000000a0600000, 0x00000000a0500000| Complete 
|   6|0x00000000a0600000, 0x00000000a0700000, 0x00000000a0700000|100%| O|  |TAMS 0x00000000a0700000, 0x00000000a0600000| Untracked 
|   7|0x00000000a0700000, 0x00000000a0800000, 0x00000000a0800000|100%| O|  |TAMS 0x00000000a0800000, 0x00000000a0700000| Untracked 
|   8|0x00000000a0800000, 0x00000000a0900000, 0x00000000a0900000|100%| O|  |TAMS 0x00000000a0900000, 0x00000000a0800000| Untracked 
|   9|0x00000000a0900000, 0x00000000a0a00000, 0x00000000a0a00000|100%| O|  |TAMS 0x00000000a0a00000, 0x00000000a0900000| Untracked 
|  10|0x00000000a0a00000, 0x00000000a0b00000, 0x00000000a0b00000|100%| O|  |TAMS 0x00000000a0b00000, 0x00000000a0a00000| Untracked 
|  11|0x00000000a0b00000, 0x00000000a0c00000, 0x00000000a0c00000|100%| O|  |TAMS 0x00000000a0c00000, 0x00000000a0b00000| Untracked 
|  12|0x00000000a0c00000, 0x00000000a0d00000, 0x00000000a0d00000|100%| O|  |TAMS 0x00000000a0d00000, 0x00000000a0c00000| Untracked 
|  13|0x00000000a0d00000, 0x00000000a0e00000, 0x00000000a0e00000|100%| O|  |TAMS 0x00000000a0e00000, 0x00000000a0d00000| Untracked 
|  14|0x00000000a0e00000, 0x00000000a0f00000, 0x00000000a0f00000|100%| O|  |TAMS 0x00000000a0f00000, 0x00000000a0e00000| Untracked 
|  15|0x00000000a0f00000, 0x00000000a1000000, 0x00000000a1000000|100%| O|  |TAMS 0x00000000a1000000, 0x00000000a0f00000| Untracked 
|  16|0x00000000a1000000, 0x00000000a1100000, 0x00000000a1100000|100%| O|  |TAMS 0x00000000a1100000, 0x00000000a1000000| Untracked 
|  17|0x00000000a1100000, 0x00000000a1200000, 0x00000000a1200000|100%| O|  |TAMS 0x00000000a1200000, 0x00000000a1100000| Untracked 
|  18|0x00000000a1200000, 0x00000000a1300000, 0x00000000a1300000|100%| O|  |TAMS 0x00000000a1300000, 0x00000000a1200000| Untracked 
|  19|0x00000000a1300000, 0x00000000a1400000, 0x00000000a1400000|100%| O|  |TAMS 0x00000000a1400000, 0x00000000a1300000| Untracked 
|  20|0x00000000a1400000, 0x00000000a1500000, 0x00000000a1500000|100%| O|  |TAMS 0x00000000a1500000, 0x00000000a1400000| Untracked 
|  21|0x00000000a1500000, 0x00000000a1600000, 0x00000000a1600000|100%| O|  |TAMS 0x00000000a1600000, 0x00000000a1500000| Untracked 
|  22|0x00000000a1600000, 0x00000000a1700000, 0x00000000a1700000|100%| O|  |TAMS 0x00000000a1700000, 0x00000000a1600000| Untracked 
|  23|0x00000000a1700000, 0x00000000a1800000, 0x00000000a1800000|100%| O|  |TAMS 0x00000000a1800000, 0x00000000a1700000| Untracked 
|  24|0x00000000a1800000, 0x00000000a1900000, 0x00000000a1900000|100%| O|  |TAMS 0x00000000a1900000, 0x00000000a1800000| Untracked 
|  25|0x00000000a1900000, 0x00000000a1a00000, 0x00000000a1a00000|100%| O|  |TAMS 0x00000000a1a00000, 0x00000000a1900000| Untracked 
|  26|0x00000000a1a00000, 0x00000000a1b00000, 0x00000000a1b00000|100%| O|  |TAMS 0x00000000a1b00000, 0x00000000a1a00000| Untracked 
|  27|0x00000000a1b00000, 0x00000000a1c00000, 0x00000000a1c00000|100%| O|  |TAMS 0x00000000a1c00000, 0x00000000a1b00000| Untracked 
|  28|0x00000000a1c00000, 0x00000000a1d00000, 0x00000000a1d00000|100%| O|  |TAMS 0x00000000a1d00000, 0x00000000a1c00000| Untracked 
|  29|0x00000000a1d00000, 0x00000000a1e00000, 0x00000000a1e00000|100%| O|  |TAMS 0x00000000a1e00000, 0x00000000a1d00000| Untracked 
|  30|0x00000000a1e00000, 0x00000000a1f00000, 0x00000000a1f00000|100%| O|  |TAMS 0x00000000a1f00000, 0x00000000a1e00000| Untracked 
|  31|0x00000000a1f00000, 0x00000000a2000000, 0x00000000a2000000|100%| O|  |TAMS 0x00000000a2000000, 0x00000000a1f00000| Untracked 
|  32|0x00000000a2000000, 0x00000000a2100000, 0x00000000a2100000|100%| O|  |TAMS 0x00000000a2100000, 0x00000000a2000000| Untracked 
|  33|0x00000000a2100000, 0x00000000a2200000, 0x00000000a2200000|100%|HS|  |TAMS 0x00000000a2200000, 0x00000000a2100000| Complete 
|  34|0x00000000a2200000, 0x00000000a2300000, 0x00000000a2300000|100%|HS|  |TAMS 0x00000000a2300000, 0x00000000a2200000| Complete 
|  35|0x00000000a2300000, 0x00000000a2400000, 0x00000000a2400000|100%|HS|  |TAMS 0x00000000a2400000, 0x00000000a2300000| Complete 
|  36|0x00000000a2400000, 0x00000000a2500000, 0x00000000a2500000|100%|HS|  |TAMS 0x00000000a2500000, 0x00000000a2400000| Complete 
|  37|0x00000000a2500000, 0x00000000a2600000, 0x00000000a2600000|100%|HC|  |TAMS 0x00000000a2600000, 0x00000000a2500000| Complete 
|  38|0x00000000a2600000, 0x00000000a2700000, 0x00000000a2700000|100%|HC|  |TAMS 0x00000000a2700000, 0x00000000a2600000| Complete 
|  39|0x00000000a2700000, 0x00000000a2800000, 0x00000000a2800000|100%| O|  |TAMS 0x00000000a2800000, 0x00000000a2700000| Untracked 
|  40|0x00000000a2800000, 0x00000000a2900000, 0x00000000a2900000|100%|HS|  |TAMS 0x00000000a2900000, 0x00000000a2800000| Complete 
|  41|0x00000000a2900000, 0x00000000a2a00000, 0x00000000a2a00000|100%|HC|  |TAMS 0x00000000a2a00000, 0x00000000a2900000| Complete 
|  42|0x00000000a2a00000, 0x00000000a2b00000, 0x00000000a2b00000|100%| O|  |TAMS 0x00000000a2b00000, 0x00000000a2a00000| Untracked 
|  43|0x00000000a2b00000, 0x00000000a2c00000, 0x00000000a2c00000|100%| O|  |TAMS 0x00000000a2c00000, 0x00000000a2b00000| Untracked 
|  44|0x00000000a2c00000, 0x00000000a2d00000, 0x00000000a2d00000|100%| O|  |TAMS 0x00000000a2d00000, 0x00000000a2c00000| Untracked 
|  45|0x00000000a2d00000, 0x00000000a2e00000, 0x00000000a2e00000|100%| O|  |TAMS 0x00000000a2e00000, 0x00000000a2d00000| Untracked 
|  46|0x00000000a2e00000, 0x00000000a2f00000, 0x00000000a2f00000|100%| O|  |TAMS 0x00000000a2f00000, 0x00000000a2e00000| Untracked 
|  47|0x00000000a2f00000, 0x00000000a3000000, 0x00000000a3000000|100%| O|  |TAMS 0x00000000a3000000, 0x00000000a2f00000| Untracked 
|  48|0x00000000a3000000, 0x00000000a3100000, 0x00000000a3100000|100%| O|  |TAMS 0x00000000a3100000, 0x00000000a3000000| Untracked 
|  49|0x00000000a3100000, 0x00000000a3200000, 0x00000000a3200000|100%| O|  |TAMS 0x00000000a3200000, 0x00000000a3100000| Untracked 
|  50|0x00000000a3200000, 0x00000000a3300000, 0x00000000a3300000|100%| O|  |TAMS 0x00000000a3300000, 0x00000000a3200000| Untracked 
|  51|0x00000000a3300000, 0x00000000a3400000, 0x00000000a3400000|100%| O|  |TAMS 0x00000000a3400000, 0x00000000a3300000| Untracked 
|  52|0x00000000a3400000, 0x00000000a3500000, 0x00000000a3500000|100%| O|  |TAMS 0x00000000a3500000, 0x00000000a3400000| Untracked 
|  53|0x00000000a3500000, 0x00000000a3600000, 0x00000000a3600000|100%| O|  |TAMS 0x00000000a3600000, 0x00000000a3500000| Untracked 
|  54|0x00000000a3600000, 0x00000000a3700000, 0x00000000a3700000|100%| O|  |TAMS 0x00000000a3700000, 0x00000000a3600000| Untracked 
|  55|0x00000000a3700000, 0x00000000a3800000, 0x00000000a3800000|100%| O|  |TAMS 0x00000000a3800000, 0x00000000a3700000| Untracked 
|  56|0x00000000a3800000, 0x00000000a3900000, 0x00000000a3900000|100%| O|  |TAMS 0x00000000a3900000, 0x00000000a3800000| Untracked 
|  57|0x00000000a3900000, 0x00000000a3a00000, 0x00000000a3a00000|100%| O|  |TAMS 0x00000000a3a00000, 0x00000000a3900000| Untracked 
|  58|0x00000000a3a00000, 0x00000000a3b00000, 0x00000000a3b00000|100%| O|  |TAMS 0x00000000a3b00000, 0x00000000a3a00000| Untracked 
|  59|0x00000000a3b00000, 0x00000000a3c00000, 0x00000000a3c00000|100%| O|  |TAMS 0x00000000a3c00000, 0x00000000a3b00000| Untracked 
|  60|0x00000000a3c00000, 0x00000000a3d00000, 0x00000000a3d00000|100%| O|  |TAMS 0x00000000a3d00000, 0x00000000a3c00000| Untracked 
|  61|0x00000000a3d00000, 0x00000000a3e00000, 0x00000000a3e00000|100%| O|  |TAMS 0x00000000a3e00000, 0x00000000a3d00000| Untracked 
|  62|0x00000000a3e00000, 0x00000000a3f00000, 0x00000000a3f00000|100%| O|  |TAMS 0x00000000a3f00000, 0x00000000a3e00000| Untracked 
|  63|0x00000000a3f00000, 0x00000000a4000000, 0x00000000a4000000|100%| O|  |TAMS 0x00000000a4000000, 0x00000000a3f00000| Untracked 
|  64|0x00000000a4000000, 0x00000000a4100000, 0x00000000a4100000|100%| O|  |TAMS 0x00000000a4100000, 0x00000000a4000000| Untracked 
|  65|0x00000000a4100000, 0x00000000a4200000, 0x00000000a4200000|100%| O|  |TAMS 0x00000000a4200000, 0x00000000a4100000| Untracked 
|  66|0x00000000a4200000, 0x00000000a4300000, 0x00000000a4300000|100%| O|  |TAMS 0x00000000a4300000, 0x00000000a4200000| Untracked 
|  67|0x00000000a4300000, 0x00000000a4400000, 0x00000000a4400000|100%| O|  |TAMS 0x00000000a4400000, 0x00000000a4300000| Untracked 
|  68|0x00000000a4400000, 0x00000000a4500000, 0x00000000a4500000|100%| O|  |TAMS 0x00000000a4500000, 0x00000000a4400000| Untracked 
|  69|0x00000000a4500000, 0x00000000a4600000, 0x00000000a4600000|100%| O|  |TAMS 0x00000000a4600000, 0x00000000a4500000| Untracked 
|  70|0x00000000a4600000, 0x00000000a4700000, 0x00000000a4700000|100%| O|  |TAMS 0x00000000a4700000, 0x00000000a4600000| Untracked 
|  71|0x00000000a4700000, 0x00000000a4800000, 0x00000000a4800000|100%| O|  |TAMS 0x00000000a4800000, 0x00000000a4700000| Untracked 
|  72|0x00000000a4800000, 0x00000000a4900000, 0x00000000a4900000|100%| O|  |TAMS 0x00000000a4900000, 0x00000000a4800000| Untracked 
|  73|0x00000000a4900000, 0x00000000a4a00000, 0x00000000a4a00000|100%| O|  |TAMS 0x00000000a4a00000, 0x00000000a4900000| Untracked 
|  74|0x00000000a4a00000, 0x00000000a4b00000, 0x00000000a4b00000|100%| O|  |TAMS 0x00000000a4b00000, 0x00000000a4a00000| Untracked 
|  75|0x00000000a4b00000, 0x00000000a4c00000, 0x00000000a4c00000|100%| O|  |TAMS 0x00000000a4c00000, 0x00000000a4b00000| Untracked 
|  76|0x00000000a4c00000, 0x00000000a4d00000, 0x00000000a4d00000|100%| O|  |TAMS 0x00000000a4d00000, 0x00000000a4c00000| Untracked 
|  77|0x00000000a4d00000, 0x00000000a4e00000, 0x00000000a4e00000|100%| O|  |TAMS 0x00000000a4e00000, 0x00000000a4d00000| Untracked 
|  78|0x00000000a4e00000, 0x00000000a4f00000, 0x00000000a4f00000|100%| O|  |TAMS 0x00000000a4f00000, 0x00000000a4e00000| Untracked 
|  79|0x00000000a4f00000, 0x00000000a5000000, 0x00000000a5000000|100%|HS|  |TAMS 0x00000000a5000000, 0x00000000a4f00000| Complete 
|  80|0x00000000a5000000, 0x00000000a5100000, 0x00000000a5100000|100%|HS|  |TAMS 0x00000000a5100000, 0x00000000a5000000| Complete 
|  81|0x00000000a5100000, 0x00000000a5200000, 0x00000000a5200000|100%|HS|  |TAMS 0x00000000a5200000, 0x00000000a5100000| Complete 
|  82|0x00000000a5200000, 0x00000000a5300000, 0x00000000a5300000|100%| O|  |TAMS 0x00000000a5300000, 0x00000000a5200000| Untracked 
|  83|0x00000000a5300000, 0x00000000a5400000, 0x00000000a5400000|100%|HS|  |TAMS 0x00000000a5400000, 0x00000000a5300000| Complete 
|  84|0x00000000a5400000, 0x00000000a5500000, 0x00000000a5500000|100%|HS|  |TAMS 0x00000000a5500000, 0x00000000a5400000| Complete 
|  85|0x00000000a5500000, 0x00000000a5600000, 0x00000000a5600000|100%| O|  |TAMS 0x00000000a5600000, 0x00000000a5500000| Untracked 
|  86|0x00000000a5600000, 0x00000000a5700000, 0x00000000a5700000|100%| O|  |TAMS 0x00000000a5700000, 0x00000000a5600000| Untracked 
|  87|0x00000000a5700000, 0x00000000a5800000, 0x00000000a5800000|100%| O|  |TAMS 0x00000000a5800000, 0x00000000a5700000| Untracked 
|  88|0x00000000a5800000, 0x00000000a5900000, 0x00000000a5900000|100%| O|  |TAMS 0x00000000a5900000, 0x00000000a5800000| Untracked 
|  89|0x00000000a5900000, 0x00000000a5a00000, 0x00000000a5a00000|100%| O|  |TAMS 0x00000000a5a00000, 0x00000000a5900000| Untracked 
|  90|0x00000000a5a00000, 0x00000000a5b00000, 0x00000000a5b00000|100%| O|  |TAMS 0x00000000a5b00000, 0x00000000a5a00000| Untracked 
|  91|0x00000000a5b00000, 0x00000000a5c00000, 0x00000000a5c00000|100%| O|  |TAMS 0x00000000a5c00000, 0x00000000a5b00000| Untracked 
|  92|0x00000000a5c00000, 0x00000000a5d00000, 0x00000000a5d00000|100%| O|  |TAMS 0x00000000a5c00000, 0x00000000a5c00000| Untracked 
|  93|0x00000000a5d00000, 0x00000000a5e00000, 0x00000000a5e00000|100%| O|  |TAMS 0x00000000a5e00000, 0x00000000a5d00000| Untracked 
|  94|0x00000000a5e00000, 0x00000000a5f00000, 0x00000000a5f00000|100%| O|  |TAMS 0x00000000a5f00000, 0x00000000a5e00000| Untracked 
|  95|0x00000000a5f00000, 0x00000000a6000000, 0x00000000a6000000|100%| O|  |TAMS 0x00000000a6000000, 0x00000000a5f00000| Untracked 
|  96|0x00000000a6000000, 0x00000000a6100000, 0x00000000a6100000|100%| O|  |TAMS 0x00000000a6100000, 0x00000000a6000000| Untracked 
|  97|0x00000000a6100000, 0x00000000a6200000, 0x00000000a6200000|100%| O|  |TAMS 0x00000000a6200000, 0x00000000a6100000| Untracked 
|  98|0x00000000a6200000, 0x00000000a6300000, 0x00000000a6300000|100%| O|  |TAMS 0x00000000a6300000, 0x00000000a6200000| Complete 
|  99|0x00000000a6300000, 0x00000000a6400000, 0x00000000a6400000|100%| O|  |TAMS 0x00000000a6400000, 0x00000000a6300000| Untracked 
| 100|0x00000000a6400000, 0x00000000a6500000, 0x00000000a6500000|100%|HS|  |TAMS 0x00000000a6500000, 0x00000000a6400000| Complete 
| 101|0x00000000a6500000, 0x00000000a6600000, 0x00000000a6600000|100%| O|  |TAMS 0x00000000a6600000, 0x00000000a6500000| Untracked 
| 102|0x00000000a6600000, 0x00000000a6700000, 0x00000000a6700000|100%| O|  |TAMS 0x00000000a6700000, 0x00000000a6600000| Untracked 
| 103|0x00000000a6700000, 0x00000000a6800000, 0x00000000a6800000|100%| O|  |TAMS 0x00000000a6800000, 0x00000000a6700000| Untracked 
| 104|0x00000000a6800000, 0x00000000a6900000, 0x00000000a6900000|100%| O|  |TAMS 0x00000000a6900000, 0x00000000a6800000| Untracked 
| 105|0x00000000a6900000, 0x00000000a6a00000, 0x00000000a6a00000|100%| O|  |TAMS 0x00000000a6a00000, 0x00000000a6900000| Untracked 
| 106|0x00000000a6a00000, 0x00000000a6b00000, 0x00000000a6b00000|100%| O|  |TAMS 0x00000000a6b00000, 0x00000000a6a00000| Untracked 
| 107|0x00000000a6b00000, 0x00000000a6c00000, 0x00000000a6c00000|100%| O|  |TAMS 0x00000000a6c00000, 0x00000000a6b00000| Untracked 
| 108|0x00000000a6c00000, 0x00000000a6d00000, 0x00000000a6d00000|100%| O|  |TAMS 0x00000000a6d00000, 0x00000000a6c00000| Untracked 
| 109|0x00000000a6d00000, 0x00000000a6e00000, 0x00000000a6e00000|100%| O|  |TAMS 0x00000000a6df1400, 0x00000000a6d00000| Untracked 
| 110|0x00000000a6e00000, 0x00000000a6e00000, 0x00000000a6f00000|  0%| F|  |TAMS 0x00000000a6e00000, 0x00000000a6e00000| Untracked 
| 111|0x00000000a6f00000, 0x00000000a7000000, 0x00000000a7000000|100%| O|  |TAMS 0x00000000a6f00000, 0x00000000a6f00000| Untracked 
| 112|0x00000000a7000000, 0x00000000a7100000, 0x00000000a7100000|100%| O|  |TAMS 0x00000000a7000000, 0x00000000a7000000| Untracked 
| 113|0x00000000a7100000, 0x00000000a7200000, 0x00000000a7200000|100%| O|  |TAMS 0x00000000a7100000, 0x00000000a7100000| Untracked 
| 114|0x00000000a7200000, 0x00000000a7300000, 0x00000000a7300000|100%| O|  |TAMS 0x00000000a7200000, 0x00000000a7200000| Untracked 
| 115|0x00000000a7300000, 0x00000000a7400000, 0x00000000a7400000|100%| O|  |TAMS 0x00000000a7300000, 0x00000000a7300000| Untracked 
| 116|0x00000000a7400000, 0x00000000a7432400, 0x00000000a7500000| 19%| O|  |TAMS 0x00000000a7400000, 0x00000000a7400000| Untracked 
| 117|0x00000000a7500000, 0x00000000a7500000, 0x00000000a7600000|  0%| F|  |TAMS 0x00000000a7500000, 0x00000000a7500000| Untracked 
| 118|0x00000000a7600000, 0x00000000a7600000, 0x00000000a7700000|  0%| F|  |TAMS 0x00000000a7600000, 0x00000000a7600000| Untracked 
| 119|0x00000000a7700000, 0x00000000a7700000, 0x00000000a7800000|  0%| F|  |TAMS 0x00000000a7700000, 0x00000000a7700000| Untracked 
| 120|0x00000000a7800000, 0x00000000a7800000, 0x00000000a7900000|  0%| F|  |TAMS 0x00000000a7800000, 0x00000000a7800000| Untracked 
| 121|0x00000000a7900000, 0x00000000a7900000, 0x00000000a7a00000|  0%| F|  |TAMS 0x00000000a7900000, 0x00000000a7900000| Untracked 
| 122|0x00000000a7a00000, 0x00000000a7a00000, 0x00000000a7b00000|  0%| F|  |TAMS 0x00000000a7a00000, 0x00000000a7a00000| Untracked 
| 123|0x00000000a7b00000, 0x00000000a7b00000, 0x00000000a7c00000|  0%| F|  |TAMS 0x00000000a7b00000, 0x00000000a7b00000| Untracked 
| 124|0x00000000a7c00000, 0x00000000a7c00000, 0x00000000a7d00000|  0%| F|  |TAMS 0x00000000a7c00000, 0x00000000a7c00000| Untracked 
| 125|0x00000000a7d00000, 0x00000000a7d00000, 0x00000000a7e00000|  0%| F|  |TAMS 0x00000000a7d00000, 0x00000000a7d00000| Untracked 
| 126|0x00000000a7e00000, 0x00000000a7e00000, 0x00000000a7f00000|  0%| F|  |TAMS 0x00000000a7e00000, 0x00000000a7e00000| Untracked 
| 127|0x00000000a7f00000, 0x00000000a7f00000, 0x00000000a8000000|  0%| F|  |TAMS 0x00000000a7f00000, 0x00000000a7f00000| Untracked 
| 128|0x00000000a8000000, 0x00000000a8000000, 0x00000000a8100000|  0%| F|  |TAMS 0x00000000a8000000, 0x00000000a8000000| Untracked 
| 129|0x00000000a8100000, 0x00000000a8100000, 0x00000000a8200000|  0%| F|  |TAMS 0x00000000a8100000, 0x00000000a8100000| Untracked 
| 130|0x00000000a8200000, 0x00000000a8200000, 0x00000000a8300000|  0%| F|  |TAMS 0x00000000a8200000, 0x00000000a8200000| Untracked 
| 131|0x00000000a8300000, 0x00000000a8300000, 0x00000000a8400000|  0%| F|  |TAMS 0x00000000a8300000, 0x00000000a8300000| Untracked 
| 132|0x00000000a8400000, 0x00000000a8400000, 0x00000000a8500000|  0%| F|  |TAMS 0x00000000a8400000, 0x00000000a8400000| Untracked 
| 133|0x00000000a8500000, 0x00000000a8500000, 0x00000000a8600000|  0%| F|  |TAMS 0x00000000a8500000, 0x00000000a8500000| Untracked 
| 134|0x00000000a8600000, 0x00000000a8600000, 0x00000000a8700000|  0%| F|  |TAMS 0x00000000a8600000, 0x00000000a8600000| Untracked 
| 135|0x00000000a8700000, 0x00000000a8700000, 0x00000000a8800000|  0%| F|  |TAMS 0x00000000a8700000, 0x00000000a8700000| Untracked 
| 136|0x00000000a8800000, 0x00000000a8800000, 0x00000000a8900000|  0%| F|  |TAMS 0x00000000a8800000, 0x00000000a8800000| Untracked 
| 137|0x00000000a8900000, 0x00000000a8900000, 0x00000000a8a00000|  0%| F|  |TAMS 0x00000000a8900000, 0x00000000a8900000| Untracked 
| 138|0x00000000a8a00000, 0x00000000a8a00000, 0x00000000a8b00000|  0%| F|  |TAMS 0x00000000a8a00000, 0x00000000a8a00000| Untracked 
| 139|0x00000000a8b00000, 0x00000000a8b00000, 0x00000000a8c00000|  0%| F|  |TAMS 0x00000000a8b00000, 0x00000000a8b00000| Untracked 
| 140|0x00000000a8c00000, 0x00000000a8c00000, 0x00000000a8d00000|  0%| F|  |TAMS 0x00000000a8c00000, 0x00000000a8c00000| Untracked 
| 141|0x00000000a8d00000, 0x00000000a8d00000, 0x00000000a8e00000|  0%| F|  |TAMS 0x00000000a8d00000, 0x00000000a8d00000| Untracked 
| 142|0x00000000a8e00000, 0x00000000a8e00000, 0x00000000a8f00000|  0%| F|  |TAMS 0x00000000a8e00000, 0x00000000a8e00000| Untracked 
| 143|0x00000000a8f00000, 0x00000000a8f00000, 0x00000000a9000000|  0%| F|  |TAMS 0x00000000a8f00000, 0x00000000a8f00000| Untracked 
| 144|0x00000000a9000000, 0x00000000a9000000, 0x00000000a9100000|  0%| F|  |TAMS 0x00000000a9000000, 0x00000000a9000000| Untracked 
| 145|0x00000000a9100000, 0x00000000a9100000, 0x00000000a9200000|  0%| F|  |TAMS 0x00000000a9100000, 0x00000000a9100000| Untracked 
| 146|0x00000000a9200000, 0x00000000a9200000, 0x00000000a9300000|  0%| F|  |TAMS 0x00000000a9200000, 0x00000000a9200000| Untracked 
| 147|0x00000000a9300000, 0x00000000a9300000, 0x00000000a9400000|  0%| F|  |TAMS 0x00000000a9300000, 0x00000000a9300000| Untracked 
| 148|0x00000000a9400000, 0x00000000a9400000, 0x00000000a9500000|  0%| F|  |TAMS 0x00000000a9400000, 0x00000000a9400000| Untracked 
| 149|0x00000000a9500000, 0x00000000a9500000, 0x00000000a9600000|  0%| F|  |TAMS 0x00000000a9500000, 0x00000000a9500000| Untracked 
| 150|0x00000000a9600000, 0x00000000a9600000, 0x00000000a9700000|  0%| F|  |TAMS 0x00000000a9600000, 0x00000000a9600000| Untracked 
| 151|0x00000000a9700000, 0x00000000a9700000, 0x00000000a9800000|  0%| F|  |TAMS 0x00000000a9700000, 0x00000000a9700000| Untracked 
| 152|0x00000000a9800000, 0x00000000a9800000, 0x00000000a9900000|  0%| F|  |TAMS 0x00000000a9800000, 0x00000000a9800000| Untracked 
| 153|0x00000000a9900000, 0x00000000a9900000, 0x00000000a9a00000|  0%| F|  |TAMS 0x00000000a9900000, 0x00000000a9900000| Untracked 
| 154|0x00000000a9a00000, 0x00000000a9a00000, 0x00000000a9b00000|  0%| F|  |TAMS 0x00000000a9a00000, 0x00000000a9a00000| Untracked 
| 155|0x00000000a9b00000, 0x00000000a9b00000, 0x00000000a9c00000|  0%| F|  |TAMS 0x00000000a9b00000, 0x00000000a9b00000| Untracked 
| 156|0x00000000a9c00000, 0x00000000a9c00000, 0x00000000a9d00000|  0%| F|  |TAMS 0x00000000a9c00000, 0x00000000a9c00000| Untracked 
| 157|0x00000000a9d00000, 0x00000000a9d00000, 0x00000000a9e00000|  0%| F|  |TAMS 0x00000000a9d00000, 0x00000000a9d00000| Untracked 
| 158|0x00000000a9e00000, 0x00000000a9e00000, 0x00000000a9f00000|  0%| F|  |TAMS 0x00000000a9e00000, 0x00000000a9e00000| Untracked 
| 159|0x00000000a9f00000, 0x00000000a9f00000, 0x00000000aa000000|  0%| F|  |TAMS 0x00000000a9f00000, 0x00000000a9f00000| Untracked 
| 160|0x00000000aa000000, 0x00000000aa000000, 0x00000000aa100000|  0%| F|  |TAMS 0x00000000aa000000, 0x00000000aa000000| Untracked 
| 161|0x00000000aa100000, 0x00000000aa100000, 0x00000000aa200000|  0%| F|  |TAMS 0x00000000aa100000, 0x00000000aa100000| Untracked 
| 162|0x00000000aa200000, 0x00000000aa200000, 0x00000000aa300000|  0%| F|  |TAMS 0x00000000aa200000, 0x00000000aa200000| Untracked 
| 163|0x00000000aa300000, 0x00000000aa300000, 0x00000000aa400000|  0%| F|  |TAMS 0x00000000aa300000, 0x00000000aa300000| Untracked 
| 164|0x00000000aa400000, 0x00000000aa400000, 0x00000000aa500000|  0%| F|  |TAMS 0x00000000aa400000, 0x00000000aa400000| Untracked 
| 165|0x00000000aa500000, 0x00000000aa500000, 0x00000000aa600000|  0%| F|  |TAMS 0x00000000aa500000, 0x00000000aa500000| Untracked 
| 166|0x00000000aa600000, 0x00000000aa600000, 0x00000000aa700000|  0%| F|  |TAMS 0x00000000aa600000, 0x00000000aa600000| Untracked 
| 167|0x00000000aa700000, 0x00000000aa700000, 0x00000000aa800000|  0%| F|  |TAMS 0x00000000aa700000, 0x00000000aa700000| Untracked 
| 168|0x00000000aa800000, 0x00000000aa900000, 0x00000000aa900000|100%| S|CS|TAMS 0x00000000aa800000, 0x00000000aa800000| Complete 
| 169|0x00000000aa900000, 0x00000000aaa00000, 0x00000000aaa00000|100%| S|CS|TAMS 0x00000000aa900000, 0x00000000aa900000| Complete 
| 170|0x00000000aaa00000, 0x00000000aab00000, 0x00000000aab00000|100%| S|CS|TAMS 0x00000000aaa00000, 0x00000000aaa00000| Complete 
| 171|0x00000000aab00000, 0x00000000aac00000, 0x00000000aac00000|100%| S|CS|TAMS 0x00000000aab00000, 0x00000000aab00000| Complete 
| 172|0x00000000aac00000, 0x00000000aad00000, 0x00000000aad00000|100%| S|CS|TAMS 0x00000000aac00000, 0x00000000aac00000| Complete 
| 173|0x00000000aad00000, 0x00000000aad00000, 0x00000000aae00000|  0%| F|  |TAMS 0x00000000aad00000, 0x00000000aad00000| Untracked 
| 174|0x00000000aae00000, 0x00000000aae00000, 0x00000000aaf00000|  0%| F|  |TAMS 0x00000000aae00000, 0x00000000aae00000| Untracked 
| 175|0x00000000aaf00000, 0x00000000aaf00000, 0x00000000ab000000|  0%| F|  |TAMS 0x00000000aaf00000, 0x00000000aaf00000| Untracked 
| 176|0x00000000ab000000, 0x00000000ab000000, 0x00000000ab100000|  0%| F|  |TAMS 0x00000000ab000000, 0x00000000ab000000| Untracked 
| 177|0x00000000ab100000, 0x00000000ab100000, 0x00000000ab200000|  0%| F|  |TAMS 0x00000000ab100000, 0x00000000ab100000| Untracked 
| 178|0x00000000ab200000, 0x00000000ab200000, 0x00000000ab300000|  0%| F|  |TAMS 0x00000000ab200000, 0x00000000ab200000| Untracked 
| 179|0x00000000ab300000, 0x00000000ab300000, 0x00000000ab400000|  0%| F|  |TAMS 0x00000000ab300000, 0x00000000ab300000| Untracked 
| 180|0x00000000ab400000, 0x00000000ab400000, 0x00000000ab500000|  0%| F|  |TAMS 0x00000000ab400000, 0x00000000ab400000| Untracked 
| 181|0x00000000ab500000, 0x00000000ab500000, 0x00000000ab600000|  0%| F|  |TAMS 0x00000000ab500000, 0x00000000ab500000| Untracked 
| 182|0x00000000ab600000, 0x00000000ab600000, 0x00000000ab700000|  0%| F|  |TAMS 0x00000000ab600000, 0x00000000ab600000| Untracked 
| 183|0x00000000ab700000, 0x00000000ab700000, 0x00000000ab800000|  0%| F|  |TAMS 0x00000000ab700000, 0x00000000ab700000| Untracked 
| 184|0x00000000ab800000, 0x00000000ab800000, 0x00000000ab900000|  0%| F|  |TAMS 0x00000000ab800000, 0x00000000ab800000| Untracked 
| 185|0x00000000ab900000, 0x00000000ab900000, 0x00000000aba00000|  0%| F|  |TAMS 0x00000000ab900000, 0x00000000ab900000| Untracked 
| 186|0x00000000aba00000, 0x00000000aba00000, 0x00000000abb00000|  0%| F|  |TAMS 0x00000000aba00000, 0x00000000aba00000| Untracked 
| 187|0x00000000abb00000, 0x00000000abb00000, 0x00000000abc00000|  0%| F|  |TAMS 0x00000000abb00000, 0x00000000abb00000| Untracked 
| 188|0x00000000abc00000, 0x00000000abc00000, 0x00000000abd00000|  0%| F|  |TAMS 0x00000000abc00000, 0x00000000abc00000| Untracked 
| 189|0x00000000abd00000, 0x00000000abd00000, 0x00000000abe00000|  0%| F|  |TAMS 0x00000000abd00000, 0x00000000abd00000| Untracked 
| 190|0x00000000abe00000, 0x00000000abe00000, 0x00000000abf00000|  0%| F|  |TAMS 0x00000000abe00000, 0x00000000abe00000| Untracked 
| 191|0x00000000abf00000, 0x00000000abf00000, 0x00000000ac000000|  0%| F|  |TAMS 0x00000000abf00000, 0x00000000abf00000| Untracked 
| 192|0x00000000ac000000, 0x00000000ac000000, 0x00000000ac100000|  0%| F|  |TAMS 0x00000000ac000000, 0x00000000ac000000| Untracked 
| 193|0x00000000ac100000, 0x00000000ac100000, 0x00000000ac200000|  0%| F|  |TAMS 0x00000000ac100000, 0x00000000ac100000| Untracked 
| 194|0x00000000ac200000, 0x00000000ac200000, 0x00000000ac300000|  0%| F|  |TAMS 0x00000000ac200000, 0x00000000ac200000| Untracked 
| 195|0x00000000ac300000, 0x00000000ac300000, 0x00000000ac400000|  0%| F|  |TAMS 0x00000000ac300000, 0x00000000ac300000| Untracked 
| 196|0x00000000ac400000, 0x00000000ac400000, 0x00000000ac500000|  0%| F|  |TAMS 0x00000000ac400000, 0x00000000ac400000| Untracked 
| 197|0x00000000ac500000, 0x00000000ac500000, 0x00000000ac600000|  0%| F|  |TAMS 0x00000000ac500000, 0x00000000ac500000| Untracked 
| 198|0x00000000ac600000, 0x00000000ac600000, 0x00000000ac700000|  0%| F|  |TAMS 0x00000000ac600000, 0x00000000ac600000| Untracked 
| 199|0x00000000ac700000, 0x00000000ac700000, 0x00000000ac800000|  0%| F|  |TAMS 0x00000000ac700000, 0x00000000ac700000| Untracked 
| 200|0x00000000ac800000, 0x00000000ac800000, 0x00000000ac900000|  0%| F|  |TAMS 0x00000000ac800000, 0x00000000ac800000| Untracked 
| 201|0x00000000ac900000, 0x00000000ac9718e0, 0x00000000aca00000| 44%| E|  |TAMS 0x00000000ac900000, 0x00000000ac900000| Complete 
| 202|0x00000000aca00000, 0x00000000acb00000, 0x00000000acb00000|100%| E|CS|TAMS 0x00000000aca00000, 0x00000000aca00000| Complete 
| 203|0x00000000acb00000, 0x00000000acc00000, 0x00000000acc00000|100%| E|CS|TAMS 0x00000000acb00000, 0x00000000acb00000| Complete 
| 204|0x00000000acc00000, 0x00000000acd00000, 0x00000000acd00000|100%| E|CS|TAMS 0x00000000acc00000, 0x00000000acc00000| Complete 

Card table byte_map: [0x000001dcbedf0000,0x000001dcbf0f0000] _byte_map_base: 0x000001dcbe8f0000

Marking Bits (Prev, Next): (CMBitMap*) 0x000001dcac340980, (CMBitMap*) 0x000001dcac340940
 Prev Bits: [0x000001dcc0bf0000, 0x000001dcc23f0000)
 Next Bits: [0x000001dcbf3f0000, 0x000001dcc0bf0000)

Polling page: 0x000001dcaa2b0000

Metaspace:

Usage:
  Non-class:     78.58 MB used.
      Class:     12.57 MB used.
       Both:     91.15 MB used.

Virtual space:
  Non-class space:       80.00 MB reserved,      79.12 MB ( 99%) committed,  10 nodes.
      Class space:        1.00 GB reserved,      12.94 MB (  1%) committed,  1 nodes.
             Both:        1.08 GB reserved,      92.06 MB (  8%) committed. 

Chunk freelists:
   Non-Class:  816.00 KB
       Class:  3.00 MB
        Both:  3.80 MB

MaxMetaspaceSize: unlimited
CompressedClassSpaceSize: 1.00 GB
Initial GC threshold: 21.00 MB
Current GC threshold: 150.12 MB
CDS: off
MetaspaceReclaimPolicy: balanced
 - commit_granule_bytes: 65536.
 - commit_granule_words: 8192.
 - virtual_space_node_default_size: 1048576.
 - enlarge_chunks_in_place: 1.
 - new_chunks_are_fully_committed: 0.
 - uncommit_free_chunks: 1.
 - use_allocation_guard: 0.
 - handle_deallocations: 1.


Internal statistics:

num_allocs_failed_limit: 6.
num_arena_births: 1068.
num_arena_deaths: 0.
num_vsnodes_births: 11.
num_vsnodes_deaths: 0.
num_space_committed: 1473.
num_space_uncommitted: 0.
num_chunks_returned_to_freelist: 6.
num_chunks_taken_from_freelist: 4659.
num_chunk_merges: 3.
num_chunk_splits: 3036.
num_chunks_enlarged: 1981.
num_purges: 0.
num_inconsistent_stats: 0.

CodeHeap 'non-profiled nmethods': size=120000Kb used=6113Kb max_used=6155Kb free=113886Kb
 bounds [0x000001dcb7290000, 0x000001dcb78a0000, 0x000001dcbe7c0000]
CodeHeap 'profiled nmethods': size=120000Kb used=19457Kb max_used=20603Kb free=100542Kb
 bounds [0x000001dcaf7c0000, 0x000001dcb0be0000, 0x000001dcb6cf0000]
CodeHeap 'non-nmethods': size=5760Kb used=2404Kb max_used=2485Kb free=3355Kb
 bounds [0x000001dcb6cf0000, 0x000001dcb6f70000, 0x000001dcb7290000]
 total_blobs=11005 nmethods=10077 adapters=839
 compilation: enabled
              stopped_count=0, restarted_count=0
 full_count=0

Compilation events (20 events):
Event: 25.787 Thread 0x000001dcca197500 nmethod 11885 0x000001dcb76bb790 code [0x000001dcb76bb920, 0x000001dcb76bbdf8]
Event: 25.787 Thread 0x000001dcca197500 11889       4       java.util.regex.Pattern$$Lambda$6/0x00000001000c2bf0::is (5 bytes)
Event: 25.788 Thread 0x000001dcca197500 nmethod 11889 0x000001dcb7697310 code [0x000001dcb7697480, 0x000001dcb7697558]
Event: 25.788 Thread 0x000001dcca197500 11860       4       org.gradle.internal.instantiation.generator.AbstractClassGenerator$ClassMetadata::property (42 bytes)
Event: 25.848 Thread 0x000001dcc5854900 11890       3       jdk.internal.reflect.AccessorGenerator::emitMethod (276 bytes)
Event: 25.852 Thread 0x000001dcc5854900 nmethod 11890 0x000001dcb0468590 code [0x000001dcb0468c40, 0x000001dcb046be38]
Event: 25.852 Thread 0x000001dcc5854900 11891       3       jdk.internal.reflect.ClassFileAssembler::getMaxStack (6 bytes)
Event: 25.852 Thread 0x000001dcc5854900 nmethod 11891 0x000001dcafbabd90 code [0x000001dcafbabf20, 0x000001dcafbac038]
Event: 25.856 Thread 0x000001dcc5854900 11892       3       java.lang.Package::getName (5 bytes)
Event: 25.857 Thread 0x000001dcc5854900 nmethod 11892 0x000001dcafc7be90 code [0x000001dcafc7c020, 0x000001dcafc7c1b8]
Event: 25.872 Thread 0x000001dcc5854900 11894       3       jdk.internal.module.Resources::toPackageName (39 bytes)
Event: 25.873 Thread 0x000001dcc5854900 nmethod 11894 0x000001dcaf849f90 code [0x000001dcaf84a1c0, 0x000001dcaf84a838]
Event: 25.873 Thread 0x000001dcc5854900 11896   !   3       jdk.internal.loader.BuiltinClassLoader::findMiscResource (122 bytes)
Event: 25.874 Thread 0x000001dcc5854900 nmethod 11896 0x000001dcb0126610 code [0x000001dcb01268c0, 0x000001dcb0127c18]
Event: 25.877 Thread 0x000001dcc5854900 11898       3       java.util.zip.ZipFile$ZipFileInflaterInputStream::available (44 bytes)
Event: 25.877 Thread 0x000001dcc5854900 nmethod 11898 0x000001dcafdf3a90 code [0x000001dcafdf3c60, 0x000001dcafdf3fc8]
Event: 25.877 Thread 0x000001dcc5854900 11899   !   3       java.util.zip.Inflater::getBytesWritten (23 bytes)
Event: 25.878 Thread 0x000001dcc5854900 nmethod 11899 0x000001dcafba6a10 code [0x000001dcafba6bc0, 0x000001dcafba6de8]
Event: 25.890 Thread 0x000001dcc5854900 11900       3       java.util.jar.Manifest::<init> (38 bytes)
Event: 25.890 Thread 0x000001dcc5854900 nmethod 11900 0x000001dcafa94e10 code [0x000001dcafa95040, 0x000001dcafa95818]

GC Heap History (20 events):
Event: 18.807 GC heap before
{Heap before GC invocations=30 (full 0):
 garbage-first heap   total 156672K, used 123048K [0x00000000a0000000, 0x0000000100000000)
  region size 1024K, 57 young (58368K), 7 survivors (7168K)
 Metaspace       used 83858K, committed 84608K, reserved 1122304K
  class space    used 11480K, committed 11776K, reserved 1048576K
}
Event: 18.816 GC heap after
{Heap after GC invocations=31 (full 0):
 garbage-first heap   total 156672K, used 75786K [0x00000000a0000000, 0x0000000100000000)
  region size 1024K, 7 young (7168K), 7 survivors (7168K)
 Metaspace       used 83858K, committed 84608K, reserved 1122304K
  class space    used 11480K, committed 11776K, reserved 1048576K
}
Event: 19.957 GC heap before
{Heap before GC invocations=31 (full 0):
 garbage-first heap   total 156672K, used 125962K [0x00000000a0000000, 0x0000000100000000)
  region size 1024K, 56 young (57344K), 7 survivors (7168K)
 Metaspace       used 87059K, committed 87808K, reserved 1130496K
  class space    used 11985K, committed 12288K, reserved 1048576K
}
Event: 19.968 GC heap after
{Heap after GC invocations=32 (full 0):
 garbage-first heap   total 156672K, used 80404K [0x00000000a0000000, 0x0000000100000000)
  region size 1024K, 7 young (7168K), 7 survivors (7168K)
 Metaspace       used 87059K, committed 87808K, reserved 1130496K
  class space    used 11985K, committed 12288K, reserved 1048576K
}
Event: 21.590 GC heap before
{Heap before GC invocations=32 (full 0):
 garbage-first heap   total 156672K, used 125460K [0x00000000a0000000, 0x0000000100000000)
  region size 1024K, 52 young (53248K), 7 survivors (7168K)
 Metaspace       used 88796K, committed 89536K, reserved 1130496K
  class space    used 12206K, committed 12480K, reserved 1048576K
}
Event: 21.602 GC heap after
{Heap after GC invocations=33 (full 0):
 garbage-first heap   total 156672K, used 85575K [0x00000000a0000000, 0x0000000100000000)
  region size 1024K, 5 young (5120K), 5 survivors (5120K)
 Metaspace       used 88796K, committed 89536K, reserved 1130496K
  class space    used 12206K, committed 12480K, reserved 1048576K
}
Event: 22.723 GC heap before
{Heap before GC invocations=34 (full 0):
 garbage-first heap   total 156672K, used 132679K [0x00000000a0000000, 0x0000000100000000)
  region size 1024K, 46 young (47104K), 5 survivors (5120K)
 Metaspace       used 89881K, committed 90624K, reserved 1130496K
  class space    used 12392K, committed 12672K, reserved 1048576K
}
Event: 22.730 GC heap after
{Heap after GC invocations=35 (full 0):
 garbage-first heap   total 156672K, used 100174K [0x00000000a0000000, 0x0000000100000000)
  region size 1024K, 6 young (6144K), 6 survivors (6144K)
 Metaspace       used 89881K, committed 90624K, reserved 1130496K
  class space    used 12392K, committed 12672K, reserved 1048576K
}
Event: 22.759 GC heap before
{Heap before GC invocations=35 (full 0):
 garbage-first heap   total 156672K, used 100174K [0x00000000a0000000, 0x0000000100000000)
  region size 1024K, 7 young (7168K), 6 survivors (6144K)
 Metaspace       used 89881K, committed 90624K, reserved 1130496K
  class space    used 12392K, committed 12672K, reserved 1048576K
}
Event: 22.763 GC heap after
{Heap after GC invocations=36 (full 0):
 garbage-first heap   total 156672K, used 101201K [0x00000000a0000000, 0x0000000100000000)
  region size 1024K, 1 young (1024K), 1 survivors (1024K)
 Metaspace       used 89881K, committed 90624K, reserved 1130496K
  class space    used 12392K, committed 12672K, reserved 1048576K
}
Event: 23.595 GC heap before
{Heap before GC invocations=36 (full 0):
 garbage-first heap   total 156672K, used 128849K [0x00000000a0000000, 0x0000000100000000)
  region size 1024K, 28 young (28672K), 1 survivors (1024K)
 Metaspace       used 90395K, committed 91264K, reserved 1130496K
  class space    used 12450K, committed 12800K, reserved 1048576K
}
Event: 23.602 GC heap after
{Heap after GC invocations=37 (full 0):
 garbage-first heap   total 156672K, used 105742K [0x00000000a0000000, 0x0000000100000000)
  region size 1024K, 4 young (4096K), 4 survivors (4096K)
 Metaspace       used 90395K, committed 91264K, reserved 1130496K
  class space    used 12450K, committed 12800K, reserved 1048576K
}
Event: 24.177 GC heap before
{Heap before GC invocations=38 (full 0):
 garbage-first heap   total 188416K, used 127246K [0x00000000a0000000, 0x0000000100000000)
  region size 1024K, 25 young (25600K), 4 survivors (4096K)
 Metaspace       used 90717K, committed 91584K, reserved 1130496K
  class space    used 12491K, committed 12800K, reserved 1048576K
}
Event: 24.187 GC heap after
{Heap after GC invocations=39 (full 0):
 garbage-first heap   total 188416K, used 111890K [0x00000000a0000000, 0x0000000100000000)
  region size 1024K, 4 young (4096K), 4 survivors (4096K)
 Metaspace       used 90717K, committed 91584K, reserved 1130496K
  class space    used 12491K, committed 12800K, reserved 1048576K
}
Event: 24.358 GC heap before
{Heap before GC invocations=39 (full 0):
 garbage-first heap   total 188416K, used 117010K [0x00000000a0000000, 0x0000000100000000)
  region size 1024K, 9 young (9216K), 4 survivors (4096K)
 Metaspace       used 90761K, committed 91584K, reserved 1130496K
  class space    used 12498K, committed 12800K, reserved 1048576K
}
Event: 24.366 GC heap after
{Heap after GC invocations=40 (full 0):
 garbage-first heap   total 188416K, used 113116K [0x00000000a0000000, 0x0000000100000000)
  region size 1024K, 2 young (2048K), 2 survivors (2048K)
 Metaspace       used 90761K, committed 91584K, reserved 1130496K
  class space    used 12498K, committed 12800K, reserved 1048576K
}
Event: 25.026 GC heap before
{Heap before GC invocations=40 (full 0):
 garbage-first heap   total 188416K, used 147932K [0x00000000a0000000, 0x0000000100000000)
  region size 1024K, 37 young (37888K), 2 survivors (2048K)
 Metaspace       used 91174K, committed 92032K, reserved 1130496K
  class space    used 12547K, committed 12864K, reserved 1048576K
}
Event: 25.032 GC heap after
{Heap after GC invocations=41 (full 0):
 garbage-first heap   total 188416K, used 117604K [0x00000000a0000000, 0x0000000100000000)
  region size 1024K, 5 young (5120K), 5 survivors (5120K)
 Metaspace       used 91174K, committed 92032K, reserved 1130496K
  class space    used 12547K, committed 12864K, reserved 1048576K
}
Event: 25.795 GC heap before
{Heap before GC invocations=42 (full 0):
 garbage-first heap   total 209920K, used 151396K [0x00000000a0000000, 0x0000000100000000)
  region size 1024K, 37 young (37888K), 5 survivors (5120K)
 Metaspace       used 92787K, committed 93696K, reserved 1130496K
  class space    used 12797K, committed 13120K, reserved 1048576K
}
Event: 25.807 GC heap after
{Heap after GC invocations=43 (full 0):
 garbage-first heap   total 209920K, used 123013K [0x00000000a0000000, 0x0000000100000000)
  region size 1024K, 5 young (5120K), 5 survivors (5120K)
 Metaspace       used 92787K, committed 93696K, reserved 1130496K
  class space    used 12797K, committed 13120K, reserved 1048576K
}

Dll operation events (2 events):
Event: 0.009 Loaded shared library C:\Program Files\Android\Android Studio\jbr\bin\java.dll
Event: 0.801 Loaded shared library C:\Program Files\Android\Android Studio\jbr\bin\verify.dll

Deoptimization events (20 events):
Event: 25.334 Thread 0x000001dcc72e1d30 Uncommon trap: trap_request=0xffffff45 fr.pc=0x000001dcb74f7d14 relative=0x00000000000001f4
Event: 25.334 Thread 0x000001dcc72e1d30 Uncommon trap: reason=unstable_if action=reinterpret pc=0x000001dcb74f7d14 method=com.esotericsoftware.kryo.io.Input.require(I)I @ 65 c2
Event: 25.334 Thread 0x000001dcc72e1d30 DEOPT PACKING pc=0x000001dcb74f7d14 sp=0x0000006e9d0f9070
Event: 25.334 Thread 0x000001dcc72e1d30 DEOPT UNPACKING pc=0x000001dcb6d4a1a3 sp=0x0000006e9d0f9020 mode 2
Event: 25.337 Thread 0x000001dcc72e1d30 Uncommon trap: trap_request=0xffffff45 fr.pc=0x000001dcb7515260 relative=0x0000000000000220
Event: 25.337 Thread 0x000001dcc72e1d30 Uncommon trap: reason=unstable_if action=reinterpret pc=0x000001dcb7515260 method=com.esotericsoftware.kryo.io.Input.readVarInt(Z)I @ 42 c2
Event: 25.337 Thread 0x000001dcc72e1d30 DEOPT PACKING pc=0x000001dcb7515260 sp=0x0000006e9d0f8fe0
Event: 25.337 Thread 0x000001dcc72e1d30 DEOPT UNPACKING pc=0x000001dcb6d4a1a3 sp=0x0000006e9d0f8f88 mode 2
Event: 25.349 Thread 0x000001dcc72e1d30 Uncommon trap: trap_request=0xffffff45 fr.pc=0x000001dcb7788764 relative=0x0000000000000224
Event: 25.349 Thread 0x000001dcc72e1d30 Uncommon trap: reason=unstable_if action=reinterpret pc=0x000001dcb7788764 method=com.google.common.cache.LocalCache.isExpired(Lcom/google/common/cache/ReferenceEntry;J)Z @ 9 c2
Event: 25.350 Thread 0x000001dcc72e1d30 DEOPT PACKING pc=0x000001dcb7788764 sp=0x0000006e9d0f93c0
Event: 25.350 Thread 0x000001dcc72e1d30 DEOPT UNPACKING pc=0x000001dcb6d4a1a3 sp=0x0000006e9d0f92f8 mode 2
Event: 25.350 Thread 0x000001dcc72e1d30 Uncommon trap: trap_request=0xffffff45 fr.pc=0x000001dcb7777770 relative=0x0000000000000070
Event: 25.350 Thread 0x000001dcc72e1d30 Uncommon trap: reason=unstable_if action=reinterpret pc=0x000001dcb7777770 method=com.google.common.cache.LocalCache.isExpired(Lcom/google/common/cache/ReferenceEntry;J)Z @ 9 c2
Event: 25.350 Thread 0x000001dcc72e1d30 DEOPT PACKING pc=0x000001dcb7777770 sp=0x0000006e9d0f9340
Event: 25.350 Thread 0x000001dcc72e1d30 DEOPT UNPACKING pc=0x000001dcb6d4a1a3 sp=0x0000006e9d0f92f0 mode 2
Event: 25.466 Thread 0x000001dcc72e1d30 Uncommon trap: trap_request=0xfffffff4 fr.pc=0x000001dcb77ce7ac relative=0x0000000000009fec
Event: 25.466 Thread 0x000001dcc72e1d30 Uncommon trap: reason=null_check action=make_not_entrant pc=0x000001dcb77ce7ac method=org.gradle.internal.instantiation.generator.AbstractClassGenerator$PropertyMetadata.addGetter(Lorg/gradle/internal/instantiation/generator/AbstractClassGenerator$MethodM
Event: 25.466 Thread 0x000001dcc72e1d30 DEOPT PACKING pc=0x000001dcb77ce7ac sp=0x0000006e9d0f9570
Event: 25.466 Thread 0x000001dcc72e1d30 DEOPT UNPACKING pc=0x000001dcb6d4a1a3 sp=0x0000006e9d0f9480 mode 2

Classes unloaded (0 events):
No events

Classes redefined (0 events):
No events

Internal exceptions (20 events):
Event: 25.166 Thread 0x000001dcc72e1d30 Exception <a 'java/lang/ClassNotFoundException'{0x00000000ab24ccf0}: com/android/build/gradle/internal/dsl/BuildFeaturesImplBeanInfo> (0x00000000ab24ccf0) 
thrown [s\src\hotspot\share\classfile\systemDictionary.cpp, line 256]
Event: 25.168 Thread 0x000001dcc72e1d30 Exception <a 'java/lang/ClassNotFoundException'{0x00000000ab25b5b8}: com/android/build/gradle/internal/dsl/BuildFeaturesImplCustomizer> (0x00000000ab25b5b8) 
thrown [s\src\hotspot\share\classfile\systemDictionary.cpp, line 256]
Event: 25.169 Thread 0x000001dcc72e1d30 Exception <a 'java/lang/ClassNotFoundException'{0x00000000ab275ab0}: com/android/build/gradle/internal/dsl/LibraryBuildFeaturesImplCustomizer> (0x00000000ab275ab0) 
thrown [s\src\hotspot\share\classfile\systemDictionary.cpp, line 256]
Event: 25.170 Thread 0x000001dcc72e1d30 Exception <a 'java/lang/ClassNotFoundException'{0x00000000ab28d568}: com/android/build/gradle/internal/dsl/LibraryBuildFeaturesImpl_DecoratedCustomizer> (0x00000000ab28d568) 
thrown [s\src\hotspot\share\classfile\systemDictionary.cpp, line 256]
Event: 25.424 Thread 0x000001dcc72e1d30 Exception <a 'java/lang/ClassNotFoundException'{0x00000000ac4987c8}: org/gradle/api/tasks/compile/JavaCompile_DecoratedBeanInfo> (0x00000000ac4987c8) 
thrown [s\src\hotspot\share\classfile\systemDictionary.cpp, line 256]
Event: 25.425 Thread 0x000001dcc72e1d30 Exception <a 'java/lang/ClassNotFoundException'{0x00000000ac4a6470}: org/gradle/api/tasks/compile/JavaCompileBeanInfo> (0x00000000ac4a6470) 
thrown [s\src\hotspot\share\classfile\systemDictionary.cpp, line 256]
Event: 25.425 Thread 0x000001dcc72e1d30 Exception <a 'java/lang/ClassNotFoundException'{0x00000000ac4b4190}: org/gradle/api/tasks/compile/AbstractCompileBeanInfo> (0x00000000ac4b4190) 
thrown [s\src\hotspot\share\classfile\systemDictionary.cpp, line 256]
Event: 25.426 Thread 0x000001dcc72e1d30 Exception <a 'java/lang/ClassNotFoundException'{0x00000000ac4bf7b8}: org/gradle/api/tasks/SourceTaskBeanInfo> (0x00000000ac4bf7b8) 
thrown [s\src\hotspot\share\classfile\systemDictionary.cpp, line 256]
Event: 25.426 Thread 0x000001dcc72e1d30 Exception <a 'java/lang/ClassNotFoundException'{0x00000000ac4cae00}: org/gradle/api/tasks/SourceTaskCustomizer> (0x00000000ac4cae00) 
thrown [s\src\hotspot\share\classfile\systemDictionary.cpp, line 256]
Event: 25.430 Thread 0x000001dcc72e1d30 Exception <a 'java/lang/ClassNotFoundException'{0x00000000ac4fd4d8}: org/gradle/api/tasks/compile/AbstractCompileCustomizer> (0x00000000ac4fd4d8) 
thrown [s\src\hotspot\share\classfile\systemDictionary.cpp, line 256]
Event: 25.432 Thread 0x000001dcc72e1d30 Exception <a 'java/lang/ClassNotFoundException'{0x00000000ac3249d0}: org/gradle/api/tasks/compile/JavaCompileCustomizer> (0x00000000ac3249d0) 
thrown [s\src\hotspot\share\classfile\systemDictionary.cpp, line 256]
Event: 25.433 Thread 0x000001dcc72e1d30 Exception <a 'java/lang/ClassNotFoundException'{0x00000000ac34c7a8}: org/gradle/api/tasks/compile/JavaCompile_DecoratedCustomizer> (0x00000000ac34c7a8) 
thrown [s\src\hotspot\share\classfile\systemDictionary.cpp, line 256]
Event: 25.439 Thread 0x000001dcc72e1d30 Exception <a 'java/lang/ClassNotFoundException'{0x00000000ac3f32a8}: org/gradle/api/tasks/compile/CompileOptions_DecoratedBeanInfo> (0x00000000ac3f32a8) 
thrown [s\src\hotspot\share\classfile\systemDictionary.cpp, line 256]
Event: 25.440 Thread 0x000001dcc72e1d30 Exception <a 'java/lang/ClassNotFoundException'{0x00000000ac201530}: org/gradle/api/tasks/compile/CompileOptionsBeanInfo> (0x00000000ac201530) 
thrown [s\src\hotspot\share\classfile\systemDictionary.cpp, line 256]
Event: 25.440 Thread 0x000001dcc72e1d30 Exception <a 'java/lang/ClassNotFoundException'{0x00000000ac20f250}: org/gradle/api/tasks/compile/AbstractOptionsBeanInfo> (0x00000000ac20f250) 
thrown [s\src\hotspot\share\classfile\systemDictionary.cpp, line 256]
Event: 25.441 Thread 0x000001dcc72e1d30 Exception <a 'java/lang/ClassNotFoundException'{0x00000000ac21cf50}: org/gradle/api/tasks/compile/AbstractOptionsCustomizer> (0x00000000ac21cf50) 
thrown [s\src\hotspot\share\classfile\systemDictionary.cpp, line 256]
Event: 25.442 Thread 0x000001dcc72e1d30 Exception <a 'java/lang/ClassNotFoundException'{0x00000000ac22d500}: org/gradle/api/tasks/compile/CompileOptionsCustomizer> (0x00000000ac22d500) 
thrown [s\src\hotspot\share\classfile\systemDictionary.cpp, line 256]
Event: 25.444 Thread 0x000001dcc72e1d30 Exception <a 'java/lang/ClassNotFoundException'{0x00000000ac26e188}: org/gradle/api/tasks/compile/CompileOptions_DecoratedCustomizer> (0x00000000ac26e188) 
thrown [s\src\hotspot\share\classfile\systemDictionary.cpp, line 256]
Event: 25.466 Thread 0x000001dcc72e1d30 Implicit null exception at 0x000001dcb77c7600 to 0x000001dcb77ce700
Event: 25.687 Thread 0x000001dcc72e1d30 Exception <a 'sun/nio/fs/WindowsException'{0x00000000ab0fb910}> (0x00000000ab0fb910) 
thrown [s\src\hotspot\share\prims\jni.cpp, line 517]

VM Operations (20 events):
Event: 24.177 Executing VM operation: G1CollectForAllocation
Event: 24.188 Executing VM operation: G1CollectForAllocation done
Event: 24.204 Executing VM operation: HandshakeAllThreads
Event: 24.204 Executing VM operation: HandshakeAllThreads done
Event: 24.358 Executing VM operation: G1CollectForAllocation
Event: 24.366 Executing VM operation: G1CollectForAllocation done
Event: 24.403 Executing VM operation: HandshakeAllThreads
Event: 24.403 Executing VM operation: HandshakeAllThreads done
Event: 24.627 Executing VM operation: ICBufferFull
Event: 24.627 Executing VM operation: ICBufferFull done
Event: 25.026 Executing VM operation: G1CollectForAllocation
Event: 25.033 Executing VM operation: G1CollectForAllocation done
Event: 25.192 Executing VM operation: G1Concurrent
Event: 25.198 Executing VM operation: G1Concurrent done
Event: 25.268 Executing VM operation: G1Concurrent
Event: 25.268 Executing VM operation: G1Concurrent done
Event: 25.466 Executing VM operation: HandshakeAllThreads
Event: 25.467 Executing VM operation: HandshakeAllThreads done
Event: 25.795 Executing VM operation: G1CollectForAllocation
Event: 25.808 Executing VM operation: G1CollectForAllocation done

Events (20 events):
Event: 25.672 loading class java/net/Proxy
Event: 25.672 loading class java/net/Proxy done
Event: 25.672 loading class java/net/Proxy$Type
Event: 25.672 loading class java/net/Proxy$Type done
Event: 25.743 loading class javax/xml/namespace/QName
Event: 25.743 loading class javax/xml/namespace/QName done
Event: 25.853 loading class org/xml/sax/XMLFilter
Event: 25.854 loading class org/xml/sax/XMLReader
Event: 25.855 loading class org/xml/sax/XMLReader done
Event: 25.855 loading class org/xml/sax/XMLFilter done
Event: 25.855 loading class org/w3c/dom/ls/LSResourceResolver
Event: 25.855 loading class org/w3c/dom/ls/LSResourceResolver done
Event: 25.855 loading class javax/xml/transform/Source
Event: 25.856 loading class javax/xml/transform/Source done
Event: 25.859 loading class java/util/logging/ConsoleHandler
Event: 25.859 loading class java/util/logging/StreamHandler
Event: 25.860 loading class java/util/logging/StreamHandler done
Event: 25.860 loading class java/util/logging/ConsoleHandler done
Event: 25.895 loading class java/lang/StackTraceElement$HashedModules
Event: 25.895 loading class java/lang/StackTraceElement$HashedModules done


Dynamic libraries:
0x00007ff673910000 - 0x00007ff67391a000 	C:\Program Files\Android\Android Studio\jbr\bin\java.exe
0x00007ffac1bf0000 - 0x00007ffac1de8000 	C:\WINDOWS\SYSTEM32\ntdll.dll
0x00007ffac0ca0000 - 0x00007ffac0d5d000 	C:\WINDOWS\System32\KERNEL32.DLL
0x00007ffabf4d0000 - 0x00007ffabf7c6000 	C:\WINDOWS\System32\KERNELBASE.dll
0x00007ffabf3d0000 - 0x00007ffabf4d0000 	C:\WINDOWS\System32\ucrtbase.dll
0x00007ffab7ca0000 - 0x00007ffab7cb7000 	C:\Program Files\Android\Android Studio\jbr\bin\jli.dll
0x00007ffab7cc0000 - 0x00007ffab7cdb000 	C:\Program Files\Android\Android Studio\jbr\bin\VCRUNTIME140.dll
0x00007ffac01a0000 - 0x00007ffac033f000 	C:\WINDOWS\System32\USER32.dll
0x00007ffabfa70000 - 0x00007ffabfa92000 	C:\WINDOWS\System32\win32u.dll
0x00007ffaac370000 - 0x00007ffaac60a000 	C:\WINDOWS\WinSxS\amd64_microsoft.windows.common-controls_6595b64144ccf1df_6.0.19041.4355_none_60b8b9eb71f62e16\COMCTL32.dll
0x00007ffac0110000 - 0x00007ffac013b000 	C:\WINDOWS\System32\GDI32.dll
0x00007ffac05c0000 - 0x00007ffac065e000 	C:\WINDOWS\System32\msvcrt.dll
0x00007ffabf2b0000 - 0x00007ffabf3c7000 	C:\WINDOWS\System32\gdi32full.dll
0x00007ffabf980000 - 0x00007ffabfa1d000 	C:\WINDOWS\System32\msvcp_win.dll
0x00007ffac0340000 - 0x00007ffac036f000 	C:\WINDOWS\System32\IMM32.DLL
0x00007ffabb3b0000 - 0x00007ffabb3bc000 	C:\Program Files\Android\Android Studio\jbr\bin\vcruntime140_1.dll
0x00007ffa9f6e0000 - 0x00007ffa9f76d000 	C:\Program Files\Android\Android Studio\jbr\bin\msvcp140.dll
0x00007ffa7b790000 - 0x00007ffa7c3fe000 	C:\Program Files\Android\Android Studio\jbr\bin\server\jvm.dll
0x00007ffac10e0000 - 0x00007ffac1190000 	C:\WINDOWS\System32\ADVAPI32.dll
0x00007ffac0d70000 - 0x00007ffac0e10000 	C:\WINDOWS\System32\sechost.dll
0x00007ffac0e80000 - 0x00007ffac0fa3000 	C:\WINDOWS\System32\RPCRT4.dll
0x00007ffabfaa0000 - 0x00007ffabfac7000 	C:\WINDOWS\System32\bcrypt.dll
0x00007ffabda50000 - 0x00007ffabda77000 	C:\WINDOWS\SYSTEM32\WINMM.dll
0x00007ffaa4da0000 - 0x00007ffaa4da9000 	C:\WINDOWS\SYSTEM32\WSOCK32.dll
0x00007ffac00a0000 - 0x00007ffac010b000 	C:\WINDOWS\System32\WS2_32.dll
0x00007ffab5a80000 - 0x00007ffab5a8a000 	C:\WINDOWS\SYSTEM32\VERSION.dll
0x00007ffabdac0000 - 0x00007ffabdad2000 	C:\WINDOWS\SYSTEM32\kernel.appcore.dll
0x00007ffab9d00000 - 0x00007ffab9d0a000 	C:\Program Files\Android\Android Studio\jbr\bin\jimage.dll
0x00007ffabd5f0000 - 0x00007ffabd7d4000 	C:\WINDOWS\SYSTEM32\DBGHELP.DLL
0x00007ffaac310000 - 0x00007ffaac344000 	C:\WINDOWS\SYSTEM32\dbgcore.DLL
0x00007ffabf840000 - 0x00007ffabf8c2000 	C:\WINDOWS\System32\bcryptPrimitives.dll
0x00007ffaaa5f0000 - 0x00007ffaaa615000 	C:\Program Files\Android\Android Studio\jbr\bin\java.dll
0x00007ffab4cb0000 - 0x00007ffab4cc8000 	C:\Program Files\Android\Android Studio\jbr\bin\zip.dll
0x00007ffac11b0000 - 0x00007ffac191c000 	C:\WINDOWS\System32\SHELL32.dll
0x00007ffabc4f0000 - 0x00007ffabcc8d000 	C:\WINDOWS\SYSTEM32\windows.storage.dll
0x00007ffac0860000 - 0x00007ffac0bb3000 	C:\WINDOWS\System32\combase.dll
0x00007ffabecd0000 - 0x00007ffabecfe000 	C:\WINDOWS\SYSTEM32\Wldp.dll
0x00007ffac0bc0000 - 0x00007ffac0c8d000 	C:\WINDOWS\System32\OLEAUT32.dll
0x00007ffac07b0000 - 0x00007ffac085d000 	C:\WINDOWS\System32\SHCORE.dll
0x00007ffac0750000 - 0x00007ffac07a5000 	C:\WINDOWS\System32\shlwapi.dll
0x00007ffabf1e0000 - 0x00007ffabf204000 	C:\WINDOWS\SYSTEM32\profapi.dll
0x00007ffaaa5d0000 - 0x00007ffaaa5e9000 	C:\Program Files\Android\Android Studio\jbr\bin\net.dll
0x00007ffaba340000 - 0x00007ffaba44a000 	C:\WINDOWS\SYSTEM32\WINHTTP.dll
0x00007ffabea30000 - 0x00007ffabea9a000 	C:\WINDOWS\system32\mswsock.dll
0x00007ffaa4d60000 - 0x00007ffaa4d76000 	C:\Program Files\Android\Android Studio\jbr\bin\nio.dll
0x00007ffab7c90000 - 0x00007ffab7ca0000 	C:\Program Files\Android\Android Studio\jbr\bin\verify.dll
0x00007ffaa35b0000 - 0x00007ffaa35d7000 	C:\Users\zeoon\.gradle\native\e1d6ef7f7dcc3fd88c89a11ec53ec762bb8ba0a96d01ffa2cd45eb1d1d8dd5c5\windows-amd64\native-platform.dll
0x00007ffa87740000 - 0x00007ffa87884000 	C:\Users\zeoon\.gradle\native\0d407fdbe67a94daf76414ababcb853783967236a71b16ec16e742cd7a986fd3\windows-amd64\native-platform-file-events.dll
0x00007ffab7c10000 - 0x00007ffab7c19000 	C:\Program Files\Android\Android Studio\jbr\bin\management.dll
0x00007ffaaa5c0000 - 0x00007ffaaa5cb000 	C:\Program Files\Android\Android Studio\jbr\bin\management_ext.dll
0x00007ffac0d60000 - 0x00007ffac0d68000 	C:\WINDOWS\System32\PSAPI.DLL
0x00007ffabec20000 - 0x00007ffabec38000 	C:\WINDOWS\SYSTEM32\CRYPTSP.dll
0x00007ffabe2e0000 - 0x00007ffabe314000 	C:\WINDOWS\system32\rsaenh.dll
0x00007ffabf190000 - 0x00007ffabf1be000 	C:\WINDOWS\SYSTEM32\USERENV.dll
0x00007ffabec40000 - 0x00007ffabec4c000 	C:\WINDOWS\SYSTEM32\CRYPTBASE.dll
0x00007ffabe6c0000 - 0x00007ffabe6fb000 	C:\WINDOWS\SYSTEM32\IPHLPAPI.DLL
0x00007ffac0e10000 - 0x00007ffac0e18000 	C:\WINDOWS\System32\NSI.dll
0x00007ffab70b0000 - 0x00007ffab70c7000 	C:\WINDOWS\SYSTEM32\dhcpcsvc6.DLL
0x00007ffab7060000 - 0x00007ffab707d000 	C:\WINDOWS\SYSTEM32\dhcpcsvc.DLL
0x00007ffabe700000 - 0x00007ffabe7ca000 	C:\WINDOWS\SYSTEM32\DNSAPI.dll
0x00007ffa29360000 - 0x00007ffa29367000 	C:\WINDOWS\system32\wshunix.dll

dbghelp: loaded successfully - version: 4.0.5 - missing functions: none
symbol engine: initialized successfully - sym options: 0x614 - pdb path: .;C:\Program Files\Android\Android Studio\jbr\bin;C:\WINDOWS\SYSTEM32;C:\WINDOWS\WinSxS\amd64_microsoft.windows.common-controls_6595b64144ccf1df_6.0.19041.4355_none_60b8b9eb71f62e16;C:\Program Files\Android\Android Studio\jbr\bin\server;C:\Users\zeoon\.gradle\native\e1d6ef7f7dcc3fd88c89a11ec53ec762bb8ba0a96d01ffa2cd45eb1d1d8dd5c5\windows-amd64;C:\Users\zeoon\.gradle\native\0d407fdbe67a94daf76414ababcb853783967236a71b16ec16e742cd7a986fd3\windows-amd64

VM Arguments:
jvm_args: --add-opens=java.base/java.util=ALL-UNNAMED --add-opens=java.base/java.lang=ALL-UNNAMED --add-opens=java.base/java.lang.invoke=ALL-UNNAMED --add-opens=java.base/java.util=ALL-UNNAMED --add-opens=java.prefs/java.util.prefs=ALL-UNNAMED --add-opens=java.prefs/java.util.prefs=ALL-UNNAMED --add-opens=java.base/java.nio.charset=ALL-UNNAMED --add-opens=java.base/java.net=ALL-UNNAMED --add-opens=java.base/java.util.concurrent.atomic=ALL-UNNAMED -Xmx1536M -Dfile.encoding=windows-1254 -Duser.country=TR -Duser.language=tr -Duser.variant 
java_command: org.gradle.launcher.daemon.bootstrap.GradleDaemon 7.5
java_class_path (initial): C:\Users\zeoon\.gradle\wrapper\dists\gradle-7.5-all\6qsw290k5lz422uaf8jf6m7co\gradle-7.5\lib\gradle-launcher-7.5.jar
Launcher Type: SUN_STANDARD

[Global flags]
     intx CICompilerCount                          = 4                                         {product} {ergonomic}
     uint ConcGCThreads                            = 2                                         {product} {ergonomic}
     uint G1ConcRefinementThreads                  = 8                                         {product} {ergonomic}
   size_t G1HeapRegionSize                         = 1048576                                   {product} {ergonomic}
    uintx GCDrainStackTargetSize                   = 64                                        {product} {ergonomic}
   size_t InitialHeapSize                          = 132120576                                 {product} {ergonomic}
   size_t MarkStackSize                            = 4194304                                   {product} {ergonomic}
   size_t MaxHeapSize                              = 1610612736                                {product} {command line}
   size_t MaxNewSize                               = 965738496                                 {product} {ergonomic}
   size_t MinHeapDeltaBytes                        = 1048576                                   {product} {ergonomic}
   size_t MinHeapSize                              = 8388608                                   {product} {ergonomic}
    uintx NonNMethodCodeHeapSize                   = 5839372                                {pd product} {ergonomic}
    uintx NonProfiledCodeHeapSize                  = 122909434                              {pd product} {ergonomic}
    uintx ProfiledCodeHeapSize                     = 122909434                              {pd product} {ergonomic}
    uintx ReservedCodeCacheSize                    = 251658240                              {pd product} {ergonomic}
     bool SegmentedCodeCache                       = true                                      {product} {ergonomic}
   size_t SoftMaxHeapSize                          = 1610612736                             {manageable} {ergonomic}
     bool UseCompressedClassPointers               = true                           {product lp64_product} {ergonomic}
     bool UseCompressedOops                        = true                           {product lp64_product} {ergonomic}
     bool UseG1GC                                  = true                                      {product} {ergonomic}
     bool UseLargePagesIndividualAllocation        = false                                  {pd product} {ergonomic}

Logging:
Log output configuration:
 #0: stdout all=warning uptime,level,tags
 #1: stderr all=off uptime,level,tags

Environment Variables:
JAVA_HOME=C:\Program Files\Android\Android Studio\jbr
CLASSPATH=D:\GitHub\McQueenCourier\android\\gradle\wrapper\gradle-wrapper.jar
PATH=C:\Program Files\Android\Android Studio\jbr\bin;C:\Python312\Scripts\;C:\Python312\;D:\src\flutter\bin;C:\Program Files\dotnet\;C:\ProgramData\chocolatey\bin;D:\MATRIKS;D:\MATRIKS\System32\;D:\Git\cmd;C:\Windows\System32;C:\Users\zeoon\AppData\Local\Android\Sdk\platform-tools;D:\src\flutter\bin;C:\Users\zeoon\.dotnet\tools;C:\Users\zeoon\AppData\Local\Programs\Microsoft VS Code\bin;C:\Users\zeoon\AppData\Local\GitHubDesktop\bin;D:\src\flutter\bin\mingit\cmd;D:\src\flutter\bin\mingit\cmd
USERNAME=zeoon
OS=Windows_NT
PROCESSOR_IDENTIFIER=Intel64 Family 6 Model 140 Stepping 1, GenuineIntel
TMP=C:\Users\zeoon\AppData\Local\Temp
TEMP=C:\Users\zeoon\AppData\Local\Temp


JNI global refs:
JNI global refs: 26, weak refs: 0

JNI global refs memory usage: 843, weak refs: 209


---------------  S Y S T E M  ---------------

OS:
 Windows 10 , 64 bit Build 19041 (10.0.19041.3636)
OS uptime: 0 days 0:27 hours

CPU: total 8 (initial active 8) (4 cores per cpu, 2 threads per core) family 6 model 140 stepping 1 microcode 0x8a, cx8, cmov, fxsr, ht, mmx, 3dnowpref, sse, sse2, sse3, ssse3, sse4.1, sse4.2, popcnt, lzcnt, tsc, tscinvbit, avx, avx2, aes, erms, clmul, bmi1, bmi2, adx, avx512f, avx512dq, avx512cd, avx512bw, avx512vl, sha, fma, vzeroupper, avx512_vpopcntdq, avx512_vpclmulqdq, avx512_vaes, avx512_vnni, clflush, clflushopt, clwb, avx512_vbmi2, avx512_vbmi

Memory: 4k page, system-wide physical 7991M (302M free)
TotalPageFile size 15649M (AvailPageFile size 0M)
current process WorkingSet (physical memory assigned to process): 479M, peak: 481M
current process commit charge ("private bytes"): 529M, peak: 530M

vm_info: OpenJDK 64-Bit Server VM (17.0.6+0-b2043.56-10027231) for windows-amd64 JRE (17.0.6+0-b2043.56-10027231), built on Apr 28 2023 00:43:19 by "androidbuild" with MS VC++ 16.10 / 16.11 (VS2019)

END.
