#
# There is insufficient memory for the Java Runtime Environment to continue.
# Native memory allocation (malloc) failed to allocate 318752 bytes for Chunk::new
# Possible reasons:
#   The system is out of physical RAM or swap space
#   The process is running with CompressedOops enabled, and the Java Heap may be blocking the growth of the native heap
# Possible solutions:
#   Reduce memory load on the system
#   Increase physical memory or swap space
#   Check if swap backing store is full
#   Decrease Java heap size (-Xmx/-Xms)
#   Decrease number of Java threads
#   Decrease Java thread stack sizes (-Xss)
#   Set larger code cache with -XX:ReservedCodeCacheSize=
#   JVM is running with Unscaled Compressed Oops mode in which the Java heap is
#     placed in the first 4GB address space. The Java Heap base address is the
#     maximum limit for the native heap growth. Please use -XX:HeapBaseMinAddress
#     to set the Java Heap base and to place the Java Heap above 4GB virtual address.
# This output file may be truncated or incomplete.
#
#  Out of Memory Error (arena.cpp:189), pid=11332, tid=11352
#
# JRE version: OpenJDK Runtime Environment (17.0.6) (build 17.0.6+0-b2043.56-10027231)
# Java VM: OpenJDK 64-Bit Server VM (17.0.6+0-b2043.56-10027231, mixed mode, tiered, compressed oops, compressed class ptrs, g1 gc, windows-amd64)
# No core dump will be written. Minidumps are not enabled by default on client versions of Windows
#

---------------  S U M M A R Y ------------

Command Line: -Dorg.gradle.appname=gradlew org.gradle.wrapper.GradleWrapperMain -q -Ptarget-platform=android-arm64 -Ptarget=D:\GitHub\McQueenCourier\lib\main.dart -Pbase-application-name=android.app.Application -Pdart-defines=RkxVVFRFUl9XRUJfQVVUT19ERVRFQ1Q9dHJ1ZQ==,RkxVVFRFUl9XRUJfQ0FOVkFTS0lUX1VSTD1odHRwczovL3d3dy5nc3RhdGljLmNvbS9mbHV0dGVyLWNhbnZhc2tpdC8wNDgxN2M5OWM5ZmQ0OTU2ZjI3NTA1MjA0ZjdlMzQ0MzM1ODEwYWVkLw== -Pdart-obfuscation=false -Ptrack-widget-creation=true -Ptree-shake-icons=false -Pfilesystem-scheme=org-dartlang-root assembleDebug

Host: 11th Gen Intel(R) Core(TM) i5-1135G7 @ 2.40GHz, 8 cores, 7G,  Windows 10 , 64 bit Build 19041 (10.0.19041.3636)
Time: Sat Jun 15 21:34:51 2024 Türkiye Standart Saati elapsed time: 28.838643 seconds (0d 0h 0m 28s)

---------------  T H R E A D  ---------------

Current thread (0x000002b8fac39000):  JavaThread "C2 CompilerThread0" daemon [_thread_in_native, id=11352, stack(0x000000c954f00000,0x000000c955000000)]


Current CompileTask:
C2:  28838 1537 % !   4       java.io.BufferedReader::readLine @ 139 (327 bytes)

Stack: [0x000000c954f00000,0x000000c955000000]
Native frames: (J=compiled Java code, j=interpreted, Vv=VM code, C=native code)
V  [jvm.dll+0x683c9a]
V  [jvm.dll+0x8427a4]
V  [jvm.dll+0x843f9e]
V  [jvm.dll+0x844603]
V  [jvm.dll+0x249b75]
V  [jvm.dll+0xabcac]
V  [jvm.dll+0xac27c]
V  [jvm.dll+0x368857]
V  [jvm.dll+0x332f31]
V  [jvm.dll+0x3323da]
V  [jvm.dll+0x21c201]
V  [jvm.dll+0x21b621]
V  [jvm.dll+0x1a4fdd]
V  [jvm.dll+0x22b098]
V  [jvm.dll+0x229159]
V  [jvm.dll+0x7f81ec]
V  [jvm.dll+0x7f274a]
V  [jvm.dll+0x682ad5]
C  [ucrtbase.dll+0x21bb2]
C  [KERNEL32.DLL+0x17344]
C  [ntdll.dll+0x4cc91]


---------------  P R O C E S S  ---------------

Threads class SMR info:
_java_thread_list=0x000002b8fc81a580, length=14, elements={
0x000002b8ed775a10, 0x000002b8fa3b3590, 0x000002b8fa3b5060, 0x000002b8fa3e8310,
0x000002b8fa3e8dd0, 0x000002b8fa3e9a90, 0x000002b8fac38410, 0x000002b8fac39000,
0x000002b8fac3c920, 0x000002b8fac3ee40, 0x000002b8fad83b90, 0x000002b8fad6ddd0,
0x000002b8fb5f9240, 0x000002b8fc882b60
}

Java Threads: ( => current thread )
  0x000002b8ed775a10 JavaThread "main" [_thread_in_native, id=3340, stack(0x000000c954200000,0x000000c954300000)]
  0x000002b8fa3b3590 JavaThread "Reference Handler" daemon [_thread_blocked, id=14916, stack(0x000000c954900000,0x000000c954a00000)]
  0x000002b8fa3b5060 JavaThread "Finalizer" daemon [_thread_blocked, id=4416, stack(0x000000c954a00000,0x000000c954b00000)]
  0x000002b8fa3e8310 JavaThread "Signal Dispatcher" daemon [_thread_blocked, id=21108, stack(0x000000c954b00000,0x000000c954c00000)]
  0x000002b8fa3e8dd0 JavaThread "Attach Listener" daemon [_thread_blocked, id=12156, stack(0x000000c954c00000,0x000000c954d00000)]
  0x000002b8fa3e9a90 JavaThread "Service Thread" daemon [_thread_blocked, id=11668, stack(0x000000c954d00000,0x000000c954e00000)]
  0x000002b8fac38410 JavaThread "Monitor Deflation Thread" daemon [_thread_blocked, id=11396, stack(0x000000c954e00000,0x000000c954f00000)]
=>0x000002b8fac39000 JavaThread "C2 CompilerThread0" daemon [_thread_in_native, id=11352, stack(0x000000c954f00000,0x000000c955000000)]
  0x000002b8fac3c920 JavaThread "C1 CompilerThread0" daemon [_thread_blocked, id=16892, stack(0x000000c955000000,0x000000c955100000)]
  0x000002b8fac3ee40 JavaThread "Sweeper thread" daemon [_thread_blocked, id=9968, stack(0x000000c955100000,0x000000c955200000)]
  0x000002b8fad83b90 JavaThread "Notification Thread" daemon [_thread_blocked, id=18912, stack(0x000000c955200000,0x000000c955300000)]
  0x000002b8fad6ddd0 JavaThread "Common-Cleaner" daemon [_thread_blocked, id=2796, stack(0x000000c955400000,0x000000c955500000)]
  0x000002b8fb5f9240 JavaThread "pool-1-thread-1" [_thread_blocked, id=9008, stack(0x000000c955a00000,0x000000c955b00000)]
  0x000002b8fc882b60 JavaThread "DisconnectableInputStream source reader" daemon [_thread_in_native, id=9808, stack(0x000000c955b00000,0x000000c955c00000)]

Other Threads:
  0x000002b8fa3da180 VMThread "VM Thread" [stack: 0x000000c954800000,0x000000c954900000] [id=608]
  0x000002b8fad84060 WatcherThread [stack: 0x000000c955300000,0x000000c955400000] [id=13180]
  0x000002b8ed7ce3c0 GCTaskThread "GC Thread#0" [stack: 0x000000c954300000,0x000000c954400000] [id=5172]
  0x000002b8fc838dd0 GCTaskThread "GC Thread#1" [stack: 0x000000c955600000,0x000000c955700000] [id=18288]
  0x000002b8fb3809c0 GCTaskThread "GC Thread#2" [stack: 0x000000c955700000,0x000000c955800000] [id=11712]
  0x000002b8fb8eec50 GCTaskThread "GC Thread#3" [stack: 0x000000c955800000,0x000000c955900000] [id=19996]
  0x000002b8fcc26c10 GCTaskThread "GC Thread#4" [stack: 0x000000c955900000,0x000000c955a00000] [id=7684]
  0x000002b8ed7debd0 ConcurrentGCThread "G1 Main Marker" [stack: 0x000000c954400000,0x000000c954500000] [id=17260]
  0x000002b8ed7df4f0 ConcurrentGCThread "G1 Conc#0" [stack: 0x000000c954500000,0x000000c954600000] [id=3100]
  0x000002b8ed835bd0 ConcurrentGCThread "G1 Refine#0" [stack: 0x000000c954600000,0x000000c954700000] [id=432]
  0x000002b8fa222610 ConcurrentGCThread "G1 Service" [stack: 0x000000c954700000,0x000000c954800000] [id=2800]

Threads with active compile tasks:
C2 CompilerThread0    28856 1537 % !   4       java.io.BufferedReader::readLine @ 139 (327 bytes)

VM state: not at safepoint (normal execution)

VM Mutex/Monitor currently owned by a thread: None

Heap address: 0x0000000083200000, size: 1998 MB, Compressed Oops mode: 32-bit

CDS archive(s) not mapped
Compressed class space mapped at: 0x0000000100000000-0x0000000140000000, reserved size: 1073741824
Narrow klass base: 0x0000000000000000, Narrow klass shift: 3, Narrow klass range: 0x140000000

GC Precious Log:
 CPUs: 8 total, 8 available
 Memory: 7991M
 Large Page Support: Disabled
 NUMA Support: Disabled
 Compressed Oops: Enabled (32-bit)
 Heap Region Size: 1M
 Heap Min Capacity: 8M
 Heap Initial Capacity: 126M
 Heap Max Capacity: 1998M
 Pre-touch: Disabled
 Parallel Workers: 8
 Concurrent Workers: 2
 Concurrent Refinement Workers: 8
 Periodic GC: Disabled

Heap:
 garbage-first heap   total 129024K, used 30891K [0x0000000083200000, 0x0000000100000000)
  region size 1024K, 25 young (25600K), 3 survivors (3072K)
 Metaspace       used 18458K, committed 18688K, reserved 1073152K
  class space    used 2113K, committed 2240K, reserved 1048576K

Heap Regions: E=young(eden), S=young(survivor), O=old, HS=humongous(starts), HC=humongous(continues), CS=collection set, F=free, OA=open archive, CA=closed archive, TAMS=top-at-mark-start (previous, next)
|   0|0x0000000083200000, 0x0000000083200000, 0x0000000083300000|  0%| F|  |TAMS 0x0000000083200000, 0x0000000083200000| Untracked 
|   1|0x0000000083300000, 0x0000000083300000, 0x0000000083400000|  0%| F|  |TAMS 0x0000000083300000, 0x0000000083300000| Untracked 
|   2|0x0000000083400000, 0x0000000083400000, 0x0000000083500000|  0%| F|  |TAMS 0x0000000083400000, 0x0000000083400000| Untracked 
|   3|0x0000000083500000, 0x0000000083600000, 0x0000000083600000|100%|HS|  |TAMS 0x0000000083500000, 0x0000000083500000| Complete 
|   4|0x0000000083600000, 0x0000000083700000, 0x0000000083700000|100%|HC|  |TAMS 0x0000000083600000, 0x0000000083600000| Complete 
|   5|0x0000000083700000, 0x0000000083800000, 0x0000000083800000|100%|HC|  |TAMS 0x0000000083700000, 0x0000000083700000| Complete 
|   6|0x0000000083800000, 0x0000000083900000, 0x0000000083900000|100%| O|  |TAMS 0x0000000083800000, 0x0000000083800000| Untracked 
|   7|0x0000000083900000, 0x0000000083a00000, 0x0000000083a00000|100%| O|  |TAMS 0x0000000083900000, 0x0000000083900000| Untracked 
|   8|0x0000000083a00000, 0x0000000083b00000, 0x0000000083b00000|100%| O|  |TAMS 0x0000000083a00000, 0x0000000083a00000| Untracked 
|   9|0x0000000083b00000, 0x0000000083b2ac00, 0x0000000083c00000| 16%| O|  |TAMS 0x0000000083b00000, 0x0000000083b00000| Untracked 
|  10|0x0000000083c00000, 0x0000000083c00000, 0x0000000083d00000|  0%| F|  |TAMS 0x0000000083c00000, 0x0000000083c00000| Untracked 
|  11|0x0000000083d00000, 0x0000000083d00000, 0x0000000083e00000|  0%| F|  |TAMS 0x0000000083d00000, 0x0000000083d00000| Untracked 
|  12|0x0000000083e00000, 0x0000000083e00000, 0x0000000083f00000|  0%| F|  |TAMS 0x0000000083e00000, 0x0000000083e00000| Untracked 
|  13|0x0000000083f00000, 0x0000000083f00000, 0x0000000084000000|  0%| F|  |TAMS 0x0000000083f00000, 0x0000000083f00000| Untracked 
|  14|0x0000000084000000, 0x0000000084000000, 0x0000000084100000|  0%| F|  |TAMS 0x0000000084000000, 0x0000000084000000| Untracked 
|  15|0x0000000084100000, 0x0000000084100000, 0x0000000084200000|  0%| F|  |TAMS 0x0000000084100000, 0x0000000084100000| Untracked 
|  16|0x0000000084200000, 0x0000000084200000, 0x0000000084300000|  0%| F|  |TAMS 0x0000000084200000, 0x0000000084200000| Untracked 
|  17|0x0000000084300000, 0x0000000084300000, 0x0000000084400000|  0%| F|  |TAMS 0x0000000084300000, 0x0000000084300000| Untracked 
|  18|0x0000000084400000, 0x0000000084400000, 0x0000000084500000|  0%| F|  |TAMS 0x0000000084400000, 0x0000000084400000| Untracked 
|  19|0x0000000084500000, 0x0000000084500000, 0x0000000084600000|  0%| F|  |TAMS 0x0000000084500000, 0x0000000084500000| Untracked 
|  20|0x0000000084600000, 0x0000000084600000, 0x0000000084700000|  0%| F|  |TAMS 0x0000000084600000, 0x0000000084600000| Untracked 
|  21|0x0000000084700000, 0x0000000084700000, 0x0000000084800000|  0%| F|  |TAMS 0x0000000084700000, 0x0000000084700000| Untracked 
|  22|0x0000000084800000, 0x0000000084800000, 0x0000000084900000|  0%| F|  |TAMS 0x0000000084800000, 0x0000000084800000| Untracked 
|  23|0x0000000084900000, 0x0000000084900000, 0x0000000084a00000|  0%| F|  |TAMS 0x0000000084900000, 0x0000000084900000| Untracked 
|  24|0x0000000084a00000, 0x0000000084a00000, 0x0000000084b00000|  0%| F|  |TAMS 0x0000000084a00000, 0x0000000084a00000| Untracked 
|  25|0x0000000084b00000, 0x0000000084b00000, 0x0000000084c00000|  0%| F|  |TAMS 0x0000000084b00000, 0x0000000084b00000| Untracked 
|  26|0x0000000084c00000, 0x0000000084c00000, 0x0000000084d00000|  0%| F|  |TAMS 0x0000000084c00000, 0x0000000084c00000| Untracked 
|  27|0x0000000084d00000, 0x0000000084d00000, 0x0000000084e00000|  0%| F|  |TAMS 0x0000000084d00000, 0x0000000084d00000| Untracked 
|  28|0x0000000084e00000, 0x0000000084e00000, 0x0000000084f00000|  0%| F|  |TAMS 0x0000000084e00000, 0x0000000084e00000| Untracked 
|  29|0x0000000084f00000, 0x0000000084f00000, 0x0000000085000000|  0%| F|  |TAMS 0x0000000084f00000, 0x0000000084f00000| Untracked 
|  30|0x0000000085000000, 0x0000000085000000, 0x0000000085100000|  0%| F|  |TAMS 0x0000000085000000, 0x0000000085000000| Untracked 
|  31|0x0000000085100000, 0x0000000085100000, 0x0000000085200000|  0%| F|  |TAMS 0x0000000085100000, 0x0000000085100000| Untracked 
|  32|0x0000000085200000, 0x0000000085200000, 0x0000000085300000|  0%| F|  |TAMS 0x0000000085200000, 0x0000000085200000| Untracked 
|  33|0x0000000085300000, 0x0000000085300000, 0x0000000085400000|  0%| F|  |TAMS 0x0000000085300000, 0x0000000085300000| Untracked 
|  34|0x0000000085400000, 0x0000000085400000, 0x0000000085500000|  0%| F|  |TAMS 0x0000000085400000, 0x0000000085400000| Untracked 
|  35|0x0000000085500000, 0x0000000085500000, 0x0000000085600000|  0%| F|  |TAMS 0x0000000085500000, 0x0000000085500000| Untracked 
|  36|0x0000000085600000, 0x0000000085600000, 0x0000000085700000|  0%| F|  |TAMS 0x0000000085600000, 0x0000000085600000| Untracked 
|  37|0x0000000085700000, 0x0000000085700000, 0x0000000085800000|  0%| F|  |TAMS 0x0000000085700000, 0x0000000085700000| Untracked 
|  38|0x0000000085800000, 0x0000000085800000, 0x0000000085900000|  0%| F|  |TAMS 0x0000000085800000, 0x0000000085800000| Untracked 
|  39|0x0000000085900000, 0x0000000085900000, 0x0000000085a00000|  0%| F|  |TAMS 0x0000000085900000, 0x0000000085900000| Untracked 
|  40|0x0000000085a00000, 0x0000000085a00000, 0x0000000085b00000|  0%| F|  |TAMS 0x0000000085a00000, 0x0000000085a00000| Untracked 
|  41|0x0000000085b00000, 0x0000000085b00000, 0x0000000085c00000|  0%| F|  |TAMS 0x0000000085b00000, 0x0000000085b00000| Untracked 
|  42|0x0000000085c00000, 0x0000000085c00000, 0x0000000085d00000|  0%| F|  |TAMS 0x0000000085c00000, 0x0000000085c00000| Untracked 
|  43|0x0000000085d00000, 0x0000000085d00000, 0x0000000085e00000|  0%| F|  |TAMS 0x0000000085d00000, 0x0000000085d00000| Untracked 
|  44|0x0000000085e00000, 0x0000000085e00000, 0x0000000085f00000|  0%| F|  |TAMS 0x0000000085e00000, 0x0000000085e00000| Untracked 
|  45|0x0000000085f00000, 0x0000000085f00000, 0x0000000086000000|  0%| F|  |TAMS 0x0000000085f00000, 0x0000000085f00000| Untracked 
|  46|0x0000000086000000, 0x0000000086000000, 0x0000000086100000|  0%| F|  |TAMS 0x0000000086000000, 0x0000000086000000| Untracked 
|  47|0x0000000086100000, 0x0000000086100000, 0x0000000086200000|  0%| F|  |TAMS 0x0000000086100000, 0x0000000086100000| Untracked 
|  48|0x0000000086200000, 0x0000000086200000, 0x0000000086300000|  0%| F|  |TAMS 0x0000000086200000, 0x0000000086200000| Untracked 
|  49|0x0000000086300000, 0x0000000086300000, 0x0000000086400000|  0%| F|  |TAMS 0x0000000086300000, 0x0000000086300000| Untracked 
|  50|0x0000000086400000, 0x0000000086400000, 0x0000000086500000|  0%| F|  |TAMS 0x0000000086400000, 0x0000000086400000| Untracked 
|  51|0x0000000086500000, 0x0000000086500000, 0x0000000086600000|  0%| F|  |TAMS 0x0000000086500000, 0x0000000086500000| Untracked 
|  52|0x0000000086600000, 0x0000000086600000, 0x0000000086700000|  0%| F|  |TAMS 0x0000000086600000, 0x0000000086600000| Untracked 
|  53|0x0000000086700000, 0x0000000086700000, 0x0000000086800000|  0%| F|  |TAMS 0x0000000086700000, 0x0000000086700000| Untracked 
|  54|0x0000000086800000, 0x0000000086800000, 0x0000000086900000|  0%| F|  |TAMS 0x0000000086800000, 0x0000000086800000| Untracked 
|  55|0x0000000086900000, 0x0000000086900000, 0x0000000086a00000|  0%| F|  |TAMS 0x0000000086900000, 0x0000000086900000| Untracked 
|  56|0x0000000086a00000, 0x0000000086a00000, 0x0000000086b00000|  0%| F|  |TAMS 0x0000000086a00000, 0x0000000086a00000| Untracked 
|  57|0x0000000086b00000, 0x0000000086b00000, 0x0000000086c00000|  0%| F|  |TAMS 0x0000000086b00000, 0x0000000086b00000| Untracked 
|  58|0x0000000086c00000, 0x0000000086c00000, 0x0000000086d00000|  0%| F|  |TAMS 0x0000000086c00000, 0x0000000086c00000| Untracked 
|  59|0x0000000086d00000, 0x0000000086d00000, 0x0000000086e00000|  0%| F|  |TAMS 0x0000000086d00000, 0x0000000086d00000| Untracked 
|  60|0x0000000086e00000, 0x0000000086e00000, 0x0000000086f00000|  0%| F|  |TAMS 0x0000000086e00000, 0x0000000086e00000| Untracked 
|  61|0x0000000086f00000, 0x0000000086f00000, 0x0000000087000000|  0%| F|  |TAMS 0x0000000086f00000, 0x0000000086f00000| Untracked 
|  62|0x0000000087000000, 0x0000000087000000, 0x0000000087100000|  0%| F|  |TAMS 0x0000000087000000, 0x0000000087000000| Untracked 
|  63|0x0000000087100000, 0x0000000087100000, 0x0000000087200000|  0%| F|  |TAMS 0x0000000087100000, 0x0000000087100000| Untracked 
|  64|0x0000000087200000, 0x0000000087200000, 0x0000000087300000|  0%| F|  |TAMS 0x0000000087200000, 0x0000000087200000| Untracked 
|  65|0x0000000087300000, 0x0000000087300000, 0x0000000087400000|  0%| F|  |TAMS 0x0000000087300000, 0x0000000087300000| Untracked 
|  66|0x0000000087400000, 0x0000000087400000, 0x0000000087500000|  0%| F|  |TAMS 0x0000000087400000, 0x0000000087400000| Untracked 
|  67|0x0000000087500000, 0x0000000087500000, 0x0000000087600000|  0%| F|  |TAMS 0x0000000087500000, 0x0000000087500000| Untracked 
|  68|0x0000000087600000, 0x0000000087600000, 0x0000000087700000|  0%| F|  |TAMS 0x0000000087600000, 0x0000000087600000| Untracked 
|  69|0x0000000087700000, 0x0000000087700000, 0x0000000087800000|  0%| F|  |TAMS 0x0000000087700000, 0x0000000087700000| Untracked 
|  70|0x0000000087800000, 0x0000000087800000, 0x0000000087900000|  0%| F|  |TAMS 0x0000000087800000, 0x0000000087800000| Untracked 
|  71|0x0000000087900000, 0x0000000087900000, 0x0000000087a00000|  0%| F|  |TAMS 0x0000000087900000, 0x0000000087900000| Untracked 
|  72|0x0000000087a00000, 0x0000000087a00000, 0x0000000087b00000|  0%| F|  |TAMS 0x0000000087a00000, 0x0000000087a00000| Untracked 
|  73|0x0000000087b00000, 0x0000000087b00000, 0x0000000087c00000|  0%| F|  |TAMS 0x0000000087b00000, 0x0000000087b00000| Untracked 
|  74|0x0000000087c00000, 0x0000000087c00000, 0x0000000087d00000|  0%| F|  |TAMS 0x0000000087c00000, 0x0000000087c00000| Untracked 
|  75|0x0000000087d00000, 0x0000000087d00000, 0x0000000087e00000|  0%| F|  |TAMS 0x0000000087d00000, 0x0000000087d00000| Untracked 
|  76|0x0000000087e00000, 0x0000000087e00000, 0x0000000087f00000|  0%| F|  |TAMS 0x0000000087e00000, 0x0000000087e00000| Untracked 
|  77|0x0000000087f00000, 0x0000000087f00000, 0x0000000088000000|  0%| F|  |TAMS 0x0000000087f00000, 0x0000000087f00000| Untracked 
|  78|0x0000000088000000, 0x0000000088000000, 0x0000000088100000|  0%| F|  |TAMS 0x0000000088000000, 0x0000000088000000| Untracked 
|  79|0x0000000088100000, 0x0000000088100000, 0x0000000088200000|  0%| F|  |TAMS 0x0000000088100000, 0x0000000088100000| Untracked 
|  80|0x0000000088200000, 0x0000000088200000, 0x0000000088300000|  0%| F|  |TAMS 0x0000000088200000, 0x0000000088200000| Untracked 
|  81|0x0000000088300000, 0x0000000088300000, 0x0000000088400000|  0%| F|  |TAMS 0x0000000088300000, 0x0000000088300000| Untracked 
|  82|0x0000000088400000, 0x0000000088400000, 0x0000000088500000|  0%| F|  |TAMS 0x0000000088400000, 0x0000000088400000| Untracked 
|  83|0x0000000088500000, 0x0000000088500000, 0x0000000088600000|  0%| F|  |TAMS 0x0000000088500000, 0x0000000088500000| Untracked 
|  84|0x0000000088600000, 0x0000000088600000, 0x0000000088700000|  0%| F|  |TAMS 0x0000000088600000, 0x0000000088600000| Untracked 
|  85|0x0000000088700000, 0x0000000088700000, 0x0000000088800000|  0%| F|  |TAMS 0x0000000088700000, 0x0000000088700000| Untracked 
|  86|0x0000000088800000, 0x0000000088800000, 0x0000000088900000|  0%| F|  |TAMS 0x0000000088800000, 0x0000000088800000| Untracked 
|  87|0x0000000088900000, 0x0000000088900000, 0x0000000088a00000|  0%| F|  |TAMS 0x0000000088900000, 0x0000000088900000| Untracked 
|  88|0x0000000088a00000, 0x0000000088a00000, 0x0000000088b00000|  0%| F|  |TAMS 0x0000000088a00000, 0x0000000088a00000| Untracked 
|  89|0x0000000088b00000, 0x0000000088b00000, 0x0000000088c00000|  0%| F|  |TAMS 0x0000000088b00000, 0x0000000088b00000| Untracked 
|  90|0x0000000088c00000, 0x0000000088c00000, 0x0000000088d00000|  0%| F|  |TAMS 0x0000000088c00000, 0x0000000088c00000| Untracked 
|  91|0x0000000088d00000, 0x0000000088d00000, 0x0000000088e00000|  0%| F|  |TAMS 0x0000000088d00000, 0x0000000088d00000| Untracked 
|  92|0x0000000088e00000, 0x0000000088e00000, 0x0000000088f00000|  0%| F|  |TAMS 0x0000000088e00000, 0x0000000088e00000| Untracked 
|  93|0x0000000088f00000, 0x0000000088f00000, 0x0000000089000000|  0%| F|  |TAMS 0x0000000088f00000, 0x0000000088f00000| Untracked 
|  94|0x0000000089000000, 0x0000000089000000, 0x0000000089100000|  0%| F|  |TAMS 0x0000000089000000, 0x0000000089000000| Untracked 
|  95|0x0000000089100000, 0x0000000089100000, 0x0000000089200000|  0%| F|  |TAMS 0x0000000089100000, 0x0000000089100000| Untracked 
|  96|0x0000000089200000, 0x0000000089200000, 0x0000000089300000|  0%| F|  |TAMS 0x0000000089200000, 0x0000000089200000| Untracked 
|  97|0x0000000089300000, 0x0000000089300000, 0x0000000089400000|  0%| F|  |TAMS 0x0000000089300000, 0x0000000089300000| Untracked 
|  98|0x0000000089400000, 0x0000000089400000, 0x0000000089500000|  0%| F|  |TAMS 0x0000000089400000, 0x0000000089400000| Untracked 
|  99|0x0000000089500000, 0x0000000089500000, 0x0000000089600000|  0%| F|  |TAMS 0x0000000089500000, 0x0000000089500000| Untracked 
| 100|0x0000000089600000, 0x0000000089700000, 0x0000000089700000|100%| S|CS|TAMS 0x0000000089600000, 0x0000000089600000| Complete 
| 101|0x0000000089700000, 0x0000000089800000, 0x0000000089800000|100%| S|CS|TAMS 0x0000000089700000, 0x0000000089700000| Complete 
| 102|0x0000000089800000, 0x0000000089900000, 0x0000000089900000|100%| S|CS|TAMS 0x0000000089800000, 0x0000000089800000| Complete 
| 103|0x0000000089900000, 0x0000000089900000, 0x0000000089a00000|  0%| F|  |TAMS 0x0000000089900000, 0x0000000089900000| Untracked 
| 104|0x0000000089a00000, 0x0000000089a80800, 0x0000000089b00000| 50%| E|  |TAMS 0x0000000089a00000, 0x0000000089a00000| Complete 
| 105|0x0000000089b00000, 0x0000000089c00000, 0x0000000089c00000|100%| E|CS|TAMS 0x0000000089b00000, 0x0000000089b00000| Complete 
| 106|0x0000000089c00000, 0x0000000089d00000, 0x0000000089d00000|100%| E|CS|TAMS 0x0000000089c00000, 0x0000000089c00000| Complete 
| 107|0x0000000089d00000, 0x0000000089e00000, 0x0000000089e00000|100%| E|CS|TAMS 0x0000000089d00000, 0x0000000089d00000| Complete 
| 108|0x0000000089e00000, 0x0000000089f00000, 0x0000000089f00000|100%| E|CS|TAMS 0x0000000089e00000, 0x0000000089e00000| Complete 
| 109|0x0000000089f00000, 0x000000008a000000, 0x000000008a000000|100%| E|CS|TAMS 0x0000000089f00000, 0x0000000089f00000| Complete 
| 110|0x000000008a000000, 0x000000008a100000, 0x000000008a100000|100%| E|CS|TAMS 0x000000008a000000, 0x000000008a000000| Complete 
| 111|0x000000008a100000, 0x000000008a200000, 0x000000008a200000|100%| E|CS|TAMS 0x000000008a100000, 0x000000008a100000| Complete 
| 112|0x000000008a200000, 0x000000008a300000, 0x000000008a300000|100%| E|CS|TAMS 0x000000008a200000, 0x000000008a200000| Complete 
| 113|0x000000008a300000, 0x000000008a400000, 0x000000008a400000|100%| E|CS|TAMS 0x000000008a300000, 0x000000008a300000| Complete 
| 114|0x000000008a400000, 0x000000008a500000, 0x000000008a500000|100%| E|CS|TAMS 0x000000008a400000, 0x000000008a400000| Complete 
| 115|0x000000008a500000, 0x000000008a600000, 0x000000008a600000|100%| E|CS|TAMS 0x000000008a500000, 0x000000008a500000| Complete 
| 116|0x000000008a600000, 0x000000008a700000, 0x000000008a700000|100%| E|CS|TAMS 0x000000008a600000, 0x000000008a600000| Complete 
| 117|0x000000008a700000, 0x000000008a800000, 0x000000008a800000|100%| E|CS|TAMS 0x000000008a700000, 0x000000008a700000| Complete 
| 118|0x000000008a800000, 0x000000008a900000, 0x000000008a900000|100%| E|CS|TAMS 0x000000008a800000, 0x000000008a800000| Complete 
| 119|0x000000008a900000, 0x000000008aa00000, 0x000000008aa00000|100%| E|CS|TAMS 0x000000008a900000, 0x000000008a900000| Complete 
| 120|0x000000008aa00000, 0x000000008ab00000, 0x000000008ab00000|100%| E|CS|TAMS 0x000000008aa00000, 0x000000008aa00000| Complete 
| 121|0x000000008ab00000, 0x000000008ac00000, 0x000000008ac00000|100%| E|CS|TAMS 0x000000008ab00000, 0x000000008ab00000| Complete 
| 122|0x000000008ac00000, 0x000000008ad00000, 0x000000008ad00000|100%| E|CS|TAMS 0x000000008ac00000, 0x000000008ac00000| Complete 
| 123|0x000000008ad00000, 0x000000008ae00000, 0x000000008ae00000|100%| E|CS|TAMS 0x000000008ad00000, 0x000000008ad00000| Complete 
| 124|0x000000008ae00000, 0x000000008af00000, 0x000000008af00000|100%| E|CS|TAMS 0x000000008ae00000, 0x000000008ae00000| Complete 
| 125|0x000000008af00000, 0x000000008b000000, 0x000000008b000000|100%| E|CS|TAMS 0x000000008af00000, 0x000000008af00000| Complete 

Card table byte_map: [0x000002b8f3280000,0x000002b8f3670000] _byte_map_base: 0x000002b8f2e67000

Marking Bits (Prev, Next): (CMBitMap*) 0x000002b8ed7ce8e0, (CMBitMap*) 0x000002b8ed7ce920
 Prev Bits: [0x000002b8f3a60000, 0x000002b8f5998000)
 Next Bits: [0x000002b8f59a0000, 0x000002b8f78d8000)

Polling page: 0x000002b8ed620000

Metaspace:

Usage:
  Non-class:     15.96 MB used.
      Class:      2.06 MB used.
       Both:     18.03 MB used.

Virtual space:
  Non-class space:       24.00 MB reserved,      16.06 MB ( 67%) committed,  3 nodes.
      Class space:        1.00 GB reserved,       2.19 MB ( <1%) committed,  1 nodes.
             Both:        1.02 GB reserved,      18.25 MB (  2%) committed. 

Chunk freelists:
   Non-Class:  3.97 MB
       Class:  1.72 MB
        Both:  5.69 MB

MaxMetaspaceSize: unlimited
CompressedClassSpaceSize: 1.00 GB
Initial GC threshold: 21.00 MB
Current GC threshold: 21.00 MB
CDS: off
MetaspaceReclaimPolicy: balanced
 - commit_granule_bytes: 65536.
 - commit_granule_words: 8192.
 - virtual_space_node_default_size: 1048576.
 - enlarge_chunks_in_place: 1.
 - new_chunks_are_fully_committed: 0.
 - uncommit_free_chunks: 1.
 - use_allocation_guard: 0.
 - handle_deallocations: 1.


Internal statistics:

num_allocs_failed_limit: 0.
num_arena_births: 96.
num_arena_deaths: 0.
num_vsnodes_births: 4.
num_vsnodes_deaths: 0.
num_space_committed: 292.
num_space_uncommitted: 0.
num_chunks_returned_to_freelist: 0.
num_chunks_taken_from_freelist: 353.
num_chunk_merges: 0.
num_chunk_splits: 222.
num_chunks_enlarged: 180.
num_purges: 0.
num_inconsistent_stats: 0.

CodeHeap 'non-profiled nmethods': size=120000Kb used=612Kb max_used=612Kb free=119387Kb
 bounds [0x000002b887ad0000, 0x000002b887d40000, 0x000002b88f000000]
CodeHeap 'profiled nmethods': size=120000Kb used=2978Kb max_used=2978Kb free=117021Kb
 bounds [0x000002b880000000, 0x000002b8802f0000, 0x000002b887530000]
CodeHeap 'non-nmethods': size=5760Kb used=1188Kb max_used=1203Kb free=4571Kb
 bounds [0x000002b887530000, 0x000002b8877a0000, 0x000002b887ad0000]
 total_blobs=2026 nmethods=1549 adapters=390
 compilation: enabled
              stopped_count=0, restarted_count=0
 full_count=0

Compilation events (20 events):
Event: 28.816 Thread 0x000002b8fac3c920 1539       3       org.gradle.internal.logging.text.AbstractLineChoppingStyledTextOutput$StateContext::setState (10 bytes)
Event: 28.816 Thread 0x000002b8fac3c920 nmethod 1539 0x000002b8802e3710 code [0x000002b8802e38c0, 0x000002b8802e3a78]
Event: 28.816 Thread 0x000002b8fac3c920 1540       3       org.gradle.internal.logging.text.AbstractLineChoppingStyledTextOutput::access$402 (7 bytes)
Event: 28.816 Thread 0x000002b8fac3c920 nmethod 1540 0x000002b8802e3b90 code [0x000002b8802e3d20, 0x000002b8802e3e58]
Event: 28.816 Thread 0x000002b8fac3c920 1545       3       org.gradle.internal.logging.text.AbstractLineChoppingStyledTextOutput::access$800 (4 bytes)
Event: 28.816 Thread 0x000002b8fac3c920 nmethod 1545 0x000002b8802e3f10 code [0x000002b8802e40a0, 0x000002b8802e4198]
Event: 28.816 Thread 0x000002b8fac3c920 1541       3       org.gradle.internal.logging.text.AbstractLineChoppingStyledTextOutput$1::execute (9 bytes)
Event: 28.817 Thread 0x000002b8fac3c920 nmethod 1541 0x000002b8802e4210 code [0x000002b8802e43c0, 0x000002b8802e45e8]
Event: 28.817 Thread 0x000002b8fac3c920 1542       3       org.gradle.internal.logging.text.AbstractLineChoppingStyledTextOutput$1::execute (140 bytes)
Event: 28.818 Thread 0x000002b8fac3c920 nmethod 1542 0x000002b8802e4690 code [0x000002b8802e49e0, 0x000002b8802e5d38]
Event: 28.818 Thread 0x000002b8fac3c920 1543       3       org.gradle.internal.logging.text.AbstractLineChoppingStyledTextOutput$SeenFromEol::all (18 bytes)
Event: 28.818 Thread 0x000002b8fac3c920 nmethod 1543 0x000002b8802e6510 code [0x000002b8802e66a0, 0x000002b8802e6818]
Event: 28.818 Thread 0x000002b8fac3c920 1544       3       org.gradle.internal.logging.text.AbstractLineChoppingStyledTextOutput$SeenFromEol::none (13 bytes)
Event: 28.818 Thread 0x000002b8fac3c920 nmethod 1544 0x000002b8802e6910 code [0x000002b8802e6aa0, 0x000002b8802e6c18]
Event: 28.819 Thread 0x000002b8fac3c920 1546       3       org.gradle.internal.logging.text.AbstractLineChoppingStyledTextOutput$2::execute (9 bytes)
Event: 28.819 Thread 0x000002b8fac3c920 nmethod 1546 0x000002b8802e6c90 code [0x000002b8802e6e40, 0x000002b8802e7068]
Event: 28.819 Thread 0x000002b8fac3c920 1547       3       org.gradle.internal.logging.text.AbstractLineChoppingStyledTextOutput$2::execute (77 bytes)
Event: 28.820 Thread 0x000002b8fac3c920 nmethod 1547 0x000002b8802e7110 code [0x000002b8802e73e0, 0x000002b8802e8148]
Event: 28.823 Thread 0x000002b8fac3c920 1551       3       java.lang.invoke.MethodHandleNatives::refKindHasReceiver (33 bytes)
Event: 28.823 Thread 0x000002b8fac3c920 nmethod 1551 0x000002b8802e8710 code [0x000002b8802e88a0, 0x000002b8802e89f8]

GC Heap History (2 events):
Event: 1.378 GC heap before
{Heap before GC invocations=0 (full 0):
 garbage-first heap   total 129024K, used 28672K [0x0000000083200000, 0x0000000100000000)
  region size 1024K, 23 young (23552K), 0 survivors (0K)
 Metaspace       used 11184K, committed 11392K, reserved 1064960K
  class space    used 1176K, committed 1280K, reserved 1048576K
}
Event: 1.386 GC heap after
{Heap after GC invocations=1 (full 0):
 garbage-first heap   total 129024K, used 9387K [0x0000000083200000, 0x0000000100000000)
  region size 1024K, 3 young (3072K), 3 survivors (3072K)
 Metaspace       used 11184K, committed 11392K, reserved 1064960K
  class space    used 1176K, committed 1280K, reserved 1048576K
}

Dll operation events (2 events):
Event: 0.010 Loaded shared library C:\Program Files\Android\Android Studio\jbr\bin\java.dll
Event: 0.277 Loaded shared library C:\Program Files\Android\Android Studio\jbr\bin\verify.dll

Deoptimization events (20 events):
Event: 6.736 Thread 0x000002b8ed775a10 Uncommon trap: trap_request=0xffffffc6 fr.pc=0x000002b887b4fd5c relative=0x00000000000011bc
Event: 6.736 Thread 0x000002b8ed775a10 Uncommon trap: reason=bimorphic_or_optimized_type_check action=maybe_recompile pc=0x000002b887b4fd5c method=java.util.HashMap.putVal(ILjava/lang/Object;Ljava/lang/Object;ZZ)Ljava/lang/Object; @ 203 c2
Event: 6.736 Thread 0x000002b8ed775a10 DEOPT PACKING pc=0x000002b887b4fd5c sp=0x000000c9542f9730
Event: 6.736 Thread 0x000002b8ed775a10 DEOPT UNPACKING pc=0x000002b88758a1a3 sp=0x000000c9542f96c0 mode 2
Event: 6.736 Thread 0x000002b8ed775a10 Uncommon trap: trap_request=0xffffffc6 fr.pc=0x000002b887b4fd5c relative=0x00000000000011bc
Event: 6.736 Thread 0x000002b8ed775a10 Uncommon trap: reason=bimorphic_or_optimized_type_check action=maybe_recompile pc=0x000002b887b4fd5c method=java.util.HashMap.putVal(ILjava/lang/Object;Ljava/lang/Object;ZZ)Ljava/lang/Object; @ 203 c2
Event: 6.736 Thread 0x000002b8ed775a10 DEOPT PACKING pc=0x000002b887b4fd5c sp=0x000000c9542f9730
Event: 6.736 Thread 0x000002b8ed775a10 DEOPT UNPACKING pc=0x000002b88758a1a3 sp=0x000000c9542f96c0 mode 2
Event: 6.737 Thread 0x000002b8ed775a10 Uncommon trap: trap_request=0xffffffc6 fr.pc=0x000002b887b4fd5c relative=0x00000000000011bc
Event: 6.737 Thread 0x000002b8ed775a10 Uncommon trap: reason=bimorphic_or_optimized_type_check action=maybe_recompile pc=0x000002b887b4fd5c method=java.util.HashMap.putVal(ILjava/lang/Object;Ljava/lang/Object;ZZ)Ljava/lang/Object; @ 203 c2
Event: 6.737 Thread 0x000002b8ed775a10 DEOPT PACKING pc=0x000002b887b4fd5c sp=0x000000c9542f9730
Event: 6.737 Thread 0x000002b8ed775a10 DEOPT UNPACKING pc=0x000002b88758a1a3 sp=0x000000c9542f96c0 mode 2
Event: 6.739 Thread 0x000002b8ed775a10 Uncommon trap: trap_request=0xffffffc6 fr.pc=0x000002b887b4fd5c relative=0x00000000000011bc
Event: 6.740 Thread 0x000002b8ed775a10 Uncommon trap: reason=bimorphic_or_optimized_type_check action=maybe_recompile pc=0x000002b887b4fd5c method=java.util.HashMap.putVal(ILjava/lang/Object;Ljava/lang/Object;ZZ)Ljava/lang/Object; @ 203 c2
Event: 6.740 Thread 0x000002b8ed775a10 DEOPT PACKING pc=0x000002b887b4fd5c sp=0x000000c9542f9730
Event: 6.740 Thread 0x000002b8ed775a10 DEOPT UNPACKING pc=0x000002b88758a1a3 sp=0x000000c9542f96c0 mode 2
Event: 28.820 Thread 0x000002b8ed775a10 Uncommon trap: trap_request=0xffffff45 fr.pc=0x000002b887b50b64 relative=0x00000000000001c4
Event: 28.820 Thread 0x000002b8ed775a10 Uncommon trap: reason=unstable_if action=reinterpret pc=0x000002b887b50b64 method=java.net.URI$Parser.scan(IILjava/lang/String;)I @ 26 c2
Event: 28.820 Thread 0x000002b8ed775a10 DEOPT PACKING pc=0x000002b887b50b64 sp=0x000000c9542fc3f0
Event: 28.820 Thread 0x000002b8ed775a10 DEOPT UNPACKING pc=0x000002b88758a1a3 sp=0x000000c9542fc380 mode 2

Classes unloaded (0 events):
No events

Classes redefined (0 events):
No events

Internal exceptions (20 events):
Event: 1.329 Thread 0x000002b8ed775a10 Exception <a 'java/lang/NoSuchMethodError'{0x0000000089950fa8}: 'void java.lang.invoke.DelegatingMethodHandle$Holder.delegate(java.lang.Object, java.lang.Object, int, java.lang.Object)'> (0x0000000089950fa8) 
thrown [s\src\hotspot\share\interpreter\linkResolver.cpp, line 771]
Event: 1.329 Thread 0x000002b8ed775a10 Exception <a 'java/lang/NoSuchMethodError'{0x00000000899550f0}: 'int java.lang.invoke.DirectMethodHandle$Holder.invokeSpecial(java.lang.Object, java.lang.Object, java.lang.Object)'> (0x00000000899550f0) 
thrown [s\src\hotspot\share\interpreter\linkResolver.cpp, line 771]
Event: 1.337 Thread 0x000002b8ed775a10 Exception <a 'java/lang/NoSuchMethodError'{0x00000000899682a8}: 'java.lang.Object java.lang.invoke.Invokers$Holder.invokeExact_MT(java.lang.Object, java.lang.Object, java.lang.Object, java.lang.Object)'> (0x00000000899682a8) 
thrown [s\src\hotspot\share\interpreter\linkResolver.cpp, line 771]
Event: 1.489 Thread 0x000002b8ed775a10 Exception <a 'java/lang/NoSuchMethodError'{0x000000008acca0d8}: 'java.lang.Object java.lang.invoke.DirectMethodHandle$Holder.invokeInterface(java.lang.Object, java.lang.Object, java.lang.Object)'> (0x000000008acca0d8) 
thrown [s\src\hotspot\share\interpreter\linkResolver.cpp, line 771]
Event: 1.494 Thread 0x000002b8ed775a10 Exception <a 'java/lang/NoSuchMethodError'{0x000000008aceba28}: 'void java.lang.invoke.DirectMethodHandle$Holder.invokeSpecial(java.lang.Object, java.lang.Object, java.lang.Object)'> (0x000000008aceba28) 
thrown [s\src\hotspot\share\interpreter\linkResolver.cpp, line 771]
Event: 1.512 Thread 0x000002b8ed775a10 Implicit null exception at 0x000002b887b2258a to 0x000002b887b22b04
Event: 1.513 Thread 0x000002b8ed775a10 Implicit null exception at 0x000002b887b26c0c to 0x000002b887b27008
Event: 1.560 Thread 0x000002b8ed775a10 Exception <a 'java/lang/NoSuchMethodError'{0x000000008aa8b1c8}: 'java.lang.Object java.lang.invoke.DirectMethodHandle$Holder.invokeStaticInit(java.lang.Object)'> (0x000000008aa8b1c8) 
thrown [s\src\hotspot\share\interpreter\linkResolver.cpp, line 771]
Event: 1.745 Thread 0x000002b8ed775a10 Exception <a 'java/lang/NoSuchMethodError'{0x000000008a681150}: 'java.lang.Object java.lang.invoke.DirectMethodHandle$Holder.invokeStaticInit(java.lang.Object, int, int, int, int)'> (0x000000008a681150) 
thrown [s\src\hotspot\share\interpreter\linkResolver.cpp, line 771]
Event: 1.916 Thread 0x000002b8ed775a10 Exception <a 'java/lang/NoSuchMethodError'{0x000000008a6d5770}: 'java.lang.Object java.lang.invoke.DirectMethodHandle$Holder.invokeStaticInit(java.lang.Object, java.lang.Object, int, int, int, int)'> (0x000000008a6d5770) 
thrown [s\src\hotspot\share\interpreter\linkResolver.cpp, line 771]
Event: 2.378 Thread 0x000002b8ed775a10 Exception <a 'java/lang/NoSuchMethodError'{0x000000008a505a20}: 'void java.lang.invoke.DirectMethodHandle$Holder.invokeStatic(java.lang.Object, java.lang.Object, java.lang.Object)'> (0x000000008a505a20) 
thrown [s\src\hotspot\share\interpreter\linkResolver.cpp, line 771]
Event: 2.517 Thread 0x000002b8ed775a10 Exception <a 'java/lang/NoSuchMethodError'{0x000000008a364568}: 'java.lang.Object java.lang.invoke.DirectMethodHandle$Holder.invokeStaticInit(java.lang.Object, int)'> (0x000000008a364568) 
thrown [s\src\hotspot\share\interpreter\linkResolver.cpp, line 771]
Event: 2.720 Thread 0x000002b8fc882b60 Exception <a 'java/lang/NoSuchMethodError'{0x0000000089e8b228}: 'void java.lang.invoke.DirectMethodHandle$Holder.invokeStatic(java.lang.Object, long)'> (0x0000000089e8b228) 
thrown [s\src\hotspot\share\interpreter\linkResolver.cpp, line 771]
Event: 2.721 Thread 0x000002b8fc882b60 Exception <a 'java/lang/NoSuchMethodError'{0x0000000089e908d8}: 'java.lang.Object java.lang.invoke.DirectMethodHandle$Holder.newInvokeSpecial(java.lang.Object, long)'> (0x0000000089e908d8) 
thrown [s\src\hotspot\share\interpreter\linkResolver.cpp, line 771]
Event: 2.724 Thread 0x000002b8fc882b60 Exception <a 'java/lang/NoSuchMethodError'{0x0000000089e9b480}: 'java.lang.Object java.lang.invoke.DirectMethodHandle$Holder.invokeStaticInit(java.lang.Object, java.lang.Object, long, java.lang.Object)'> (0x0000000089e9b480) 
thrown [s\src\hotspot\share\interpreter\linkResolver.cpp, line 771]
Event: 2.725 Thread 0x000002b8fc882b60 Exception <a 'java/lang/NoSuchMethodError'{0x0000000089ea1ff0}: 'java.lang.Object java.lang.invoke.DirectMethodHandle$Holder.newInvokeSpecial(java.lang.Object, java.lang.Object, long)'> (0x0000000089ea1ff0) 
thrown [s\src\hotspot\share\interpreter\linkResolver.cpp, line 771]
Event: 2.726 Thread 0x000002b8fc882b60 Exception <a 'java/lang/NoSuchMethodError'{0x0000000089ea62e0}: 'java.lang.Object java.lang.invoke.Invokers$Holder.linkToTargetMethod(java.lang.Object, long, java.lang.Object)'> (0x0000000089ea62e0) 
thrown [s\src\hotspot\share\interpreter\linkResolver.cpp, line 771]
Event: 28.809 Thread 0x000002b8ed775a10 Exception <a 'sun/net/ConnectionResetException'{0x0000000089bde500}: Connection reset> (0x0000000089bde500) 
thrown [s\src\hotspot\share\prims\jni.cpp, line 536]
Event: 28.818 Thread 0x000002b8ed775a10 Exception <a 'java/lang/NoSuchMethodError'{0x0000000089a1f648}: 'int java.lang.invoke.DirectMethodHandle$Holder.invokeVirtual(java.lang.Object, java.lang.Object)'> (0x0000000089a1f648) 
thrown [s\src\hotspot\share\interpreter\linkResolver.cpp, line 771]
Event: 28.821 Thread 0x000002b8fc8a1030 Exception <a 'java/io/IOException'{0x0000000089b82958}: Connection reset by peer> (0x0000000089b82958) 
thrown [s\src\hotspot\share\prims\jni.cpp, line 536]

VM Operations (20 events):
Event: 2.759 Executing VM operation: HandshakeAllThreads
Event: 2.759 Executing VM operation: HandshakeAllThreads done
Event: 3.767 Executing VM operation: Cleanup
Event: 3.767 Executing VM operation: Cleanup done
Event: 6.731 Executing VM operation: HandshakeAllThreads
Event: 6.731 Executing VM operation: HandshakeAllThreads done
Event: 6.731 Executing VM operation: Cleanup
Event: 6.732 Executing VM operation: Cleanup done
Event: 7.747 Executing VM operation: Cleanup
Event: 7.747 Executing VM operation: Cleanup done
Event: 11.786 Executing VM operation: Cleanup
Event: 11.786 Executing VM operation: Cleanup done
Event: 21.861 Executing VM operation: Cleanup
Event: 21.861 Executing VM operation: Cleanup done
Event: 23.873 Executing VM operation: Cleanup
Event: 23.873 Executing VM operation: Cleanup done
Event: 26.897 Executing VM operation: Cleanup
Event: 26.897 Executing VM operation: Cleanup done
Event: 27.901 Executing VM operation: Cleanup
Event: 27.901 Executing VM operation: Cleanup done

Events (20 events):
Event: 11.820 loading class jdk/internal/reflect/ByteVectorImpl done
Event: 11.820 loading class jdk/internal/reflect/ClassFileAssembler
Event: 11.821 loading class jdk/internal/reflect/ClassFileAssembler done
Event: 11.821 loading class jdk/internal/reflect/UTF8
Event: 11.821 loading class jdk/internal/reflect/UTF8 done
Event: 11.822 loading class jdk/internal/reflect/Label
Event: 11.822 loading class jdk/internal/reflect/Label done
Event: 11.822 loading class jdk/internal/reflect/Label$PatchInfo
Event: 11.822 loading class jdk/internal/reflect/Label$PatchInfo done
Event: 11.823 loading class jdk/internal/reflect/MethodAccessorGenerator$1
Event: 11.823 loading class jdk/internal/reflect/MethodAccessorGenerator$1 done
Event: 11.823 loading class jdk/internal/reflect/ClassDefiner
Event: 11.823 loading class jdk/internal/reflect/ClassDefiner done
Event: 11.823 loading class jdk/internal/reflect/ClassDefiner$1
Event: 11.823 loading class jdk/internal/reflect/ClassDefiner$1 done
Event: 28.808 loading class sun/net/ConnectionResetException
Event: 28.809 loading class sun/net/ConnectionResetException done
Event: 28.821 Thread 0x000002b8fc8a1030 Thread exited: 0x000002b8fc8a1030
Event: 28.822 loading class java/util/concurrent/ConcurrentLinkedQueue$Itr
Event: 28.822 loading class java/util/concurrent/ConcurrentLinkedQueue$Itr done


Dynamic libraries:
0x00007ff673910000 - 0x00007ff67391a000 	C:\Program Files\Android\Android Studio\jbr\bin\java.exe
0x00007ffac1bf0000 - 0x00007ffac1de8000 	C:\WINDOWS\SYSTEM32\ntdll.dll
0x00007ffac0ca0000 - 0x00007ffac0d5d000 	C:\WINDOWS\System32\KERNEL32.DLL
0x00007ffabf4d0000 - 0x00007ffabf7c6000 	C:\WINDOWS\System32\KERNELBASE.dll
0x00007ffabf3d0000 - 0x00007ffabf4d0000 	C:\WINDOWS\System32\ucrtbase.dll
0x00007ffab7ca0000 - 0x00007ffab7cb7000 	C:\Program Files\Android\Android Studio\jbr\bin\jli.dll
0x00007ffab7cc0000 - 0x00007ffab7cdb000 	C:\Program Files\Android\Android Studio\jbr\bin\VCRUNTIME140.dll
0x00007ffac01a0000 - 0x00007ffac033f000 	C:\WINDOWS\System32\USER32.dll
0x00007ffabfa70000 - 0x00007ffabfa92000 	C:\WINDOWS\System32\win32u.dll
0x00007ffac0110000 - 0x00007ffac013b000 	C:\WINDOWS\System32\GDI32.dll
0x00007ffabf2b0000 - 0x00007ffabf3c7000 	C:\WINDOWS\System32\gdi32full.dll
0x00007ffabf980000 - 0x00007ffabfa1d000 	C:\WINDOWS\System32\msvcp_win.dll
0x00007ffaac370000 - 0x00007ffaac60a000 	C:\WINDOWS\WinSxS\amd64_microsoft.windows.common-controls_6595b64144ccf1df_6.0.19041.4355_none_60b8b9eb71f62e16\COMCTL32.dll
0x00007ffac05c0000 - 0x00007ffac065e000 	C:\WINDOWS\System32\msvcrt.dll
0x00007ffac0340000 - 0x00007ffac036f000 	C:\WINDOWS\System32\IMM32.DLL
0x00007ffabb3b0000 - 0x00007ffabb3bc000 	C:\Program Files\Android\Android Studio\jbr\bin\vcruntime140_1.dll
0x00007ffa9f6e0000 - 0x00007ffa9f76d000 	C:\Program Files\Android\Android Studio\jbr\bin\msvcp140.dll
0x00007ffa7b790000 - 0x00007ffa7c3fe000 	C:\Program Files\Android\Android Studio\jbr\bin\server\jvm.dll
0x00007ffac10e0000 - 0x00007ffac1190000 	C:\WINDOWS\System32\ADVAPI32.dll
0x00007ffac0d70000 - 0x00007ffac0e10000 	C:\WINDOWS\System32\sechost.dll
0x00007ffac0e80000 - 0x00007ffac0fa3000 	C:\WINDOWS\System32\RPCRT4.dll
0x00007ffabfaa0000 - 0x00007ffabfac7000 	C:\WINDOWS\System32\bcrypt.dll
0x00007ffaa4da0000 - 0x00007ffaa4da9000 	C:\WINDOWS\SYSTEM32\WSOCK32.dll
0x00007ffac00a0000 - 0x00007ffac010b000 	C:\WINDOWS\System32\WS2_32.dll
0x00007ffabda50000 - 0x00007ffabda77000 	C:\WINDOWS\SYSTEM32\WINMM.dll
0x00007ffab5a80000 - 0x00007ffab5a8a000 	C:\WINDOWS\SYSTEM32\VERSION.dll
0x00007ffabdac0000 - 0x00007ffabdad2000 	C:\WINDOWS\SYSTEM32\kernel.appcore.dll
0x00007ffab9d00000 - 0x00007ffab9d0a000 	C:\Program Files\Android\Android Studio\jbr\bin\jimage.dll
0x00007ffabd5f0000 - 0x00007ffabd7d4000 	C:\WINDOWS\SYSTEM32\DBGHELP.DLL
0x00007ffaac310000 - 0x00007ffaac344000 	C:\WINDOWS\SYSTEM32\dbgcore.DLL
0x00007ffabf840000 - 0x00007ffabf8c2000 	C:\WINDOWS\System32\bcryptPrimitives.dll
0x00007ffaaa5f0000 - 0x00007ffaaa615000 	C:\Program Files\Android\Android Studio\jbr\bin\java.dll
0x00007ffab4cb0000 - 0x00007ffab4cc8000 	C:\Program Files\Android\Android Studio\jbr\bin\zip.dll
0x00007ffac11b0000 - 0x00007ffac191c000 	C:\WINDOWS\System32\SHELL32.dll
0x00007ffabc4f0000 - 0x00007ffabcc8d000 	C:\WINDOWS\SYSTEM32\windows.storage.dll
0x00007ffac0860000 - 0x00007ffac0bb3000 	C:\WINDOWS\System32\combase.dll
0x00007ffabecd0000 - 0x00007ffabecfe000 	C:\WINDOWS\SYSTEM32\Wldp.dll
0x00007ffac0bc0000 - 0x00007ffac0c8d000 	C:\WINDOWS\System32\OLEAUT32.dll
0x00007ffac07b0000 - 0x00007ffac085d000 	C:\WINDOWS\System32\SHCORE.dll
0x00007ffac0750000 - 0x00007ffac07a5000 	C:\WINDOWS\System32\shlwapi.dll
0x00007ffabf1e0000 - 0x00007ffabf204000 	C:\WINDOWS\SYSTEM32\profapi.dll
0x00007ffaaa5d0000 - 0x00007ffaaa5e9000 	C:\Program Files\Android\Android Studio\jbr\bin\net.dll
0x00007ffaba340000 - 0x00007ffaba44a000 	C:\WINDOWS\SYSTEM32\WINHTTP.dll
0x00007ffabea30000 - 0x00007ffabea9a000 	C:\WINDOWS\system32\mswsock.dll
0x00007ffaa4d60000 - 0x00007ffaa4d76000 	C:\Program Files\Android\Android Studio\jbr\bin\nio.dll
0x00007ffab7c90000 - 0x00007ffab7ca0000 	C:\Program Files\Android\Android Studio\jbr\bin\verify.dll
0x00007ffaa35b0000 - 0x00007ffaa35d7000 	C:\Users\zeoon\.gradle\native\e1d6ef7f7dcc3fd88c89a11ec53ec762bb8ba0a96d01ffa2cd45eb1d1d8dd5c5\windows-amd64\native-platform.dll
0x00007ffab7c10000 - 0x00007ffab7c19000 	C:\Program Files\Android\Android Studio\jbr\bin\management.dll
0x00007ffaaa5c0000 - 0x00007ffaaa5cb000 	C:\Program Files\Android\Android Studio\jbr\bin\management_ext.dll
0x00007ffac0d60000 - 0x00007ffac0d68000 	C:\WINDOWS\System32\PSAPI.DLL
0x00007ffabec20000 - 0x00007ffabec38000 	C:\WINDOWS\SYSTEM32\CRYPTSP.dll
0x00007ffabe2e0000 - 0x00007ffabe314000 	C:\WINDOWS\system32\rsaenh.dll
0x00007ffabf190000 - 0x00007ffabf1be000 	C:\WINDOWS\SYSTEM32\USERENV.dll
0x00007ffabec40000 - 0x00007ffabec4c000 	C:\WINDOWS\SYSTEM32\CRYPTBASE.dll
0x00007ffabe6c0000 - 0x00007ffabe6fb000 	C:\WINDOWS\SYSTEM32\IPHLPAPI.DLL
0x00007ffac0e10000 - 0x00007ffac0e18000 	C:\WINDOWS\System32\NSI.dll
0x00007ffab70b0000 - 0x00007ffab70c7000 	C:\WINDOWS\SYSTEM32\dhcpcsvc6.DLL
0x00007ffab7060000 - 0x00007ffab707d000 	C:\WINDOWS\SYSTEM32\dhcpcsvc.DLL
0x00007ffabe700000 - 0x00007ffabe7ca000 	C:\WINDOWS\SYSTEM32\DNSAPI.dll
0x00007ffa29360000 - 0x00007ffa29367000 	C:\WINDOWS\system32\wshunix.dll

dbghelp: loaded successfully - version: 4.0.5 - missing functions: none
symbol engine: initialized successfully - sym options: 0x614 - pdb path: .;C:\Program Files\Android\Android Studio\jbr\bin;C:\WINDOWS\SYSTEM32;C:\WINDOWS\WinSxS\amd64_microsoft.windows.common-controls_6595b64144ccf1df_6.0.19041.4355_none_60b8b9eb71f62e16;C:\Program Files\Android\Android Studio\jbr\bin\server;C:\Users\zeoon\.gradle\native\e1d6ef7f7dcc3fd88c89a11ec53ec762bb8ba0a96d01ffa2cd45eb1d1d8dd5c5\windows-amd64

VM Arguments:
jvm_args: -Dorg.gradle.appname=gradlew 
java_command: org.gradle.wrapper.GradleWrapperMain -q -Ptarget-platform=android-arm64 -Ptarget=D:\GitHub\McQueenCourier\lib\main.dart -Pbase-application-name=android.app.Application -Pdart-defines=RkxVVFRFUl9XRUJfQVVUT19ERVRFQ1Q9dHJ1ZQ==,RkxVVFRFUl9XRUJfQ0FOVkFTS0lUX1VSTD1odHRwczovL3d3dy5nc3RhdGljLmNvbS9mbHV0dGVyLWNhbnZhc2tpdC8wNDgxN2M5OWM5ZmQ0OTU2ZjI3NTA1MjA0ZjdlMzQ0MzM1ODEwYWVkLw== -Pdart-obfuscation=false -Ptrack-widget-creation=true -Ptree-shake-icons=false -Pfilesystem-scheme=org-dartlang-root assembleDebug
java_class_path (initial): D:\GitHub\McQueenCourier\android\\gradle\wrapper\gradle-wrapper.jar
Launcher Type: SUN_STANDARD

[Global flags]
     intx CICompilerCount                          = 4                                         {product} {ergonomic}
     uint ConcGCThreads                            = 2                                         {product} {ergonomic}
     uint G1ConcRefinementThreads                  = 8                                         {product} {ergonomic}
   size_t G1HeapRegionSize                         = 1048576                                   {product} {ergonomic}
    uintx GCDrainStackTargetSize                   = 64                                        {product} {ergonomic}
   size_t InitialHeapSize                          = 132120576                                 {product} {ergonomic}
   size_t MarkStackSize                            = 4194304                                   {product} {ergonomic}
   size_t MaxHeapSize                              = 2095054848                                {product} {ergonomic}
   size_t MaxNewSize                               = 1256194048                                {product} {ergonomic}
   size_t MinHeapDeltaBytes                        = 1048576                                   {product} {ergonomic}
   size_t MinHeapSize                              = 8388608                                   {product} {ergonomic}
    uintx NonNMethodCodeHeapSize                   = 5839372                                {pd product} {ergonomic}
    uintx NonProfiledCodeHeapSize                  = 122909434                              {pd product} {ergonomic}
    uintx ProfiledCodeHeapSize                     = 122909434                              {pd product} {ergonomic}
    uintx ReservedCodeCacheSize                    = 251658240                              {pd product} {ergonomic}
     bool SegmentedCodeCache                       = true                                      {product} {ergonomic}
   size_t SoftMaxHeapSize                          = 2095054848                             {manageable} {ergonomic}
     bool UseCompressedClassPointers               = true                           {product lp64_product} {ergonomic}
     bool UseCompressedOops                        = true                           {product lp64_product} {ergonomic}
     bool UseG1GC                                  = true                                      {product} {ergonomic}
     bool UseLargePagesIndividualAllocation        = false                                  {pd product} {ergonomic}

Logging:
Log output configuration:
 #0: stdout all=warning uptime,level,tags
 #1: stderr all=off uptime,level,tags

Environment Variables:
JAVA_HOME=C:\Program Files\Android\Android Studio\jbr
CLASSPATH=D:\GitHub\McQueenCourier\android\\gradle\wrapper\gradle-wrapper.jar
PATH=C:\Program Files\Android\Android Studio\jbr\bin;C:\Python312\Scripts\;C:\Python312\;D:\src\flutter\bin;C:\Program Files\dotnet\;C:\ProgramData\chocolatey\bin;D:\MATRIKS;D:\MATRIKS\System32\;D:\Git\cmd;C:\Windows\System32;C:\Users\zeoon\AppData\Local\Android\Sdk\platform-tools;D:\src\flutter\bin;C:\Users\zeoon\.dotnet\tools;C:\Users\zeoon\AppData\Local\Programs\Microsoft VS Code\bin;C:\Users\zeoon\AppData\Local\GitHubDesktop\bin;D:\src\flutter\bin\mingit\cmd;D:\src\flutter\bin\mingit\cmd
USERNAME=zeoon
OS=Windows_NT
PROCESSOR_IDENTIFIER=Intel64 Family 6 Model 140 Stepping 1, GenuineIntel
TMP=C:\Users\zeoon\AppData\Local\Temp
TEMP=C:\Users\zeoon\AppData\Local\Temp


JNI global refs:
JNI global refs: 20, weak refs: 0

JNI global refs memory usage: 843, weak refs: 209


---------------  S Y S T E M  ---------------

OS:
 Windows 10 , 64 bit Build 19041 (10.0.19041.3636)
OS uptime: 0 days 0:27 hours

CPU: total 8 (initial active 8) (4 cores per cpu, 2 threads per core) family 6 model 140 stepping 1 microcode 0x8a, cx8, cmov, fxsr, ht, mmx, 3dnowpref, sse, sse2, sse3, ssse3, sse4.1, sse4.2, popcnt, lzcnt, tsc, tscinvbit, avx, avx2, aes, erms, clmul, bmi1, bmi2, adx, avx512f, avx512dq, avx512cd, avx512bw, avx512vl, sha, fma, vzeroupper, avx512_vpopcntdq, avx512_vpclmulqdq, avx512_vaes, avx512_vnni, clflush, clflushopt, clwb, avx512_vbmi2, avx512_vbmi

Memory: 4k page, system-wide physical 7991M (606M free)
TotalPageFile size 15649M (AvailPageFile size 384M)
current process WorkingSet (physical memory assigned to process): 97M, peak: 102M
current process commit charge ("private bytes"): 229M, peak: 233M

vm_info: OpenJDK 64-Bit Server VM (17.0.6+0-b2043.56-10027231) for windows-amd64 JRE (17.0.6+0-b2043.56-10027231), built on Apr 28 2023 00:43:19 by "androidbuild" with MS VC++ 16.10 / 16.11 (VS2019)

END.
