#
# There is insufficient memory for the Java Runtime Environment to continue.
# Native memory allocation (mmap) failed to map 65536 bytes for Failed to commit metaspace.
# Possible reasons:
#   The system is out of physical RAM or swap space
#   The process is running with CompressedOops enabled, and the Java Heap may be blocking the growth of the native heap
# Possible solutions:
#   Reduce memory load on the system
#   Increase physical memory or swap space
#   Check if swap backing store is full
#   Decrease Java heap size (-Xmx/-Xms)
#   Decrease number of Java threads
#   Decrease Java thread stack sizes (-Xss)
#   Set larger code cache with -XX:ReservedCodeCacheSize=
#   JVM is running with Unscaled Compressed Oops mode in which the Java heap is
#     placed in the first 4GB address space. The Java Heap base address is the
#     maximum limit for the native heap growth. Please use -XX:HeapBaseMinAddress
#     to set the Java Heap base and to place the Java Heap above 4GB virtual address.
# This output file may be truncated or incomplete.
#
#  Out of Memory Error (virtualSpaceNode.cpp:110), pid=12888, tid=13180
#
# JRE version: OpenJDK Runtime Environment (17.0.6) (build 17.0.6+0-b2043.56-10027231)
# Java VM: OpenJDK 64-Bit Server VM (17.0.6+0-b2043.56-10027231, mixed mode, tiered, compressed oops, compressed class ptrs, g1 gc, windows-amd64)
# No core dump will be written. Minidumps are not enabled by default on client versions of Windows
#

---------------  S U M M A R Y ------------

Command Line: -Dorg.gradle.appname=gradlew org.gradle.wrapper.GradleWrapperMain -q -Ptarget-platform=android-x64 -Ptarget=D:\GitHub\McQueenCourier\lib\main.dart -Pbase-application-name=android.app.Application -Pdart-defines=RkxVVFRFUl9XRUJfQVVUT19ERVRFQ1Q9dHJ1ZQ==,RkxVVFRFUl9XRUJfQ0FOVkFTS0lUX1VSTD1odHRwczovL3d3dy5nc3RhdGljLmNvbS9mbHV0dGVyLWNhbnZhc2tpdC8wNDgxN2M5OWM5ZmQ0OTU2ZjI3NTA1MjA0ZjdlMzQ0MzM1ODEwYWVkLw== -Pdart-obfuscation=false -Ptrack-widget-creation=true -Ptree-shake-icons=false -Pfilesystem-scheme=org-dartlang-root assembleDebug

Host: 11th Gen Intel(R) Core(TM) i5-1135G7 @ 2.40GHz, 8 cores, 7G,  Windows 10 , 64 bit Build 19041 (10.0.19041.3636)
Time: Fri Jun  7 19:24:28 2024 Türkiye Standart Saati elapsed time: 1.209701 seconds (0d 0h 0m 1s)

---------------  T H R E A D  ---------------

Current thread (0x0000016c8d2752d0):  JavaThread "main" [_thread_in_vm, id=13180, stack(0x0000002fc1900000,0x0000002fc1a00000)]

Stack: [0x0000002fc1900000,0x0000002fc1a00000]
Native frames: (J=compiled Java code, j=interpreted, Vv=VM code, C=native code)
V  [jvm.dll+0x683c9a]
V  [jvm.dll+0x8427a4]
V  [jvm.dll+0x843f9e]
V  [jvm.dll+0x844603]
V  [jvm.dll+0x249b75]
V  [jvm.dll+0x83e7fb]
V  [jvm.dll+0x628006]
V  [jvm.dll+0x1c194e]
V  [jvm.dll+0x62a941]
V  [jvm.dll+0x6289a6]
V  [jvm.dll+0x23ef80]
V  [jvm.dll+0x1ee40d]
V  [jvm.dll+0x1e3dcc]
V  [jvm.dll+0x547fed]
V  [jvm.dll+0x7bd3d5]
V  [jvm.dll+0x7bd4ee]
V  [jvm.dll+0x41182a]
V  [jvm.dll+0x4179a9]
C  [java.dll+0x17ec]

Java frames: (J=compiled Java code, j=interpreted, Vv=VM code)
J 738  java.lang.ClassLoader.defineClass1(Ljava/lang/ClassLoader;Ljava/lang/String;[BIILjava/security/ProtectionDomain;Ljava/lang/String;)Ljava/lang/Class; java.base@17.0.6 (0 bytes) @ 0x0000016c9824d25b [0x0000016c9824d1a0+0x00000000000000bb]
j  java.lang.ClassLoader.defineClass(Ljava/lang/String;[BIILjava/security/ProtectionDomain;)Ljava/lang/Class;+27 java.base@17.0.6
J 836 c1 java.security.SecureClassLoader.defineClass(Ljava/lang/String;[BIILjava/security/CodeSource;)Ljava/lang/Class; java.base@17.0.6 (16 bytes) @ 0x0000016c908c6c0c [0x0000016c908c6b40+0x00000000000000cc]
J 769 c1 java.net.URLClassLoader.defineClass(Ljava/lang/String;Ljdk/internal/loader/Resource;)Ljava/lang/Class; java.base@17.0.6 (224 bytes) @ 0x0000016c908974a4 [0x0000016c90895ac0+0x00000000000019e4]
J 735 c1 java.net.URLClassLoader$1.run()Ljava/lang/Class; java.base@17.0.6 (81 bytes) @ 0x0000016c908856e4 [0x0000016c90884aa0+0x0000000000000c44]
J 689 c1 java.net.URLClassLoader$1.run()Ljava/lang/Object; java.base@17.0.6 (5 bytes) @ 0x0000016c9086c7c4 [0x0000016c9086c740+0x0000000000000084]
J 633 c1 java.security.AccessController.doPrivileged(Ljava/security/PrivilegedExceptionAction;Ljava/security/AccessControlContext;)Ljava/lang/Object; java.base@17.0.6 (26 bytes) @ 0x0000016c90846274 [0x0000016c908460a0+0x00000000000001d4]
J 687 c1 java.net.URLClassLoader.findClass(Ljava/lang/String;)Ljava/lang/Class; java.base@17.0.6 (47 bytes) @ 0x0000016c9086ba94 [0x0000016c9086b900+0x0000000000000194]
J 590 c1 java.lang.ClassLoader.loadClass(Ljava/lang/String;Z)Ljava/lang/Class; java.base@17.0.6 (121 bytes) @ 0x0000016c9083265c [0x0000016c908320c0+0x000000000000059c]
J 581 c1 java.lang.ClassLoader.loadClass(Ljava/lang/String;)Ljava/lang/Class; java.base@17.0.6 (7 bytes) @ 0x0000016c9082ad3c [0x0000016c9082ac40+0x00000000000000fc]
v  ~StubRoutines::call_stub
J 738  java.lang.ClassLoader.defineClass1(Ljava/lang/ClassLoader;Ljava/lang/String;[BIILjava/security/ProtectionDomain;Ljava/lang/String;)Ljava/lang/Class; java.base@17.0.6 (0 bytes) @ 0x0000016c9824d25b [0x0000016c9824d1a0+0x00000000000000bb]
j  java.lang.ClassLoader.defineClass(Ljava/lang/String;[BIILjava/security/ProtectionDomain;)Ljava/lang/Class;+27 java.base@17.0.6
J 836 c1 java.security.SecureClassLoader.defineClass(Ljava/lang/String;[BIILjava/security/CodeSource;)Ljava/lang/Class; java.base@17.0.6 (16 bytes) @ 0x0000016c908c6c0c [0x0000016c908c6b40+0x00000000000000cc]
J 769 c1 java.net.URLClassLoader.defineClass(Ljava/lang/String;Ljdk/internal/loader/Resource;)Ljava/lang/Class; java.base@17.0.6 (224 bytes) @ 0x0000016c908974a4 [0x0000016c90895ac0+0x00000000000019e4]
J 735 c1 java.net.URLClassLoader$1.run()Ljava/lang/Class; java.base@17.0.6 (81 bytes) @ 0x0000016c908856e4 [0x0000016c90884aa0+0x0000000000000c44]
J 689 c1 java.net.URLClassLoader$1.run()Ljava/lang/Object; java.base@17.0.6 (5 bytes) @ 0x0000016c9086c7c4 [0x0000016c9086c740+0x0000000000000084]
J 633 c1 java.security.AccessController.doPrivileged(Ljava/security/PrivilegedExceptionAction;Ljava/security/AccessControlContext;)Ljava/lang/Object; java.base@17.0.6 (26 bytes) @ 0x0000016c90846274 [0x0000016c908460a0+0x00000000000001d4]
J 687 c1 java.net.URLClassLoader.findClass(Ljava/lang/String;)Ljava/lang/Class; java.base@17.0.6 (47 bytes) @ 0x0000016c9086ba94 [0x0000016c9086b900+0x0000000000000194]
J 590 c1 java.lang.ClassLoader.loadClass(Ljava/lang/String;Z)Ljava/lang/Class; java.base@17.0.6 (121 bytes) @ 0x0000016c9083265c [0x0000016c908320c0+0x000000000000059c]
J 581 c1 java.lang.ClassLoader.loadClass(Ljava/lang/String;)Ljava/lang/Class; java.base@17.0.6 (7 bytes) @ 0x0000016c9082ad3c [0x0000016c9082ac40+0x00000000000000fc]
v  ~StubRoutines::call_stub
j  org.gradle.internal.logging.console.StyledTextOutputBackedRenderer.<init>(Lorg/gradle/internal/logging/text/StyledTextOutput;)V+5
j  org.gradle.internal.logging.sink.OutputEventRenderer.addPlainConsole(Ljava/io/OutputStream;Ljava/io/OutputStream;)V+19
j  org.gradle.internal.logging.sink.ConsoleConfigureAction.configureAutoConsole(Lorg/gradle/internal/logging/sink/OutputEventRenderer;Lorg/gradle/internal/nativeintegration/console/ConsoleMetaData;Ljava/io/OutputStream;Ljava/io/OutputStream;)V+106
j  org.gradle.internal.logging.sink.ConsoleConfigureAction.execute(Lorg/gradle/internal/logging/sink/OutputEventRenderer;Lorg/gradle/api/logging/configuration/ConsoleOutput;Lorg/gradle/internal/nativeintegration/console/ConsoleMetaData;Ljava/io/OutputStream;Ljava/io/OutputStream;)V+12
j  org.gradle.internal.logging.sink.ConsoleConfigureAction.execute(Lorg/gradle/internal/logging/sink/OutputEventRenderer;Lorg/gradle/api/logging/configuration/ConsoleOutput;)V+13
j  org.gradle.internal.logging.sink.OutputEventRenderer.attachProcessConsole(Lorg/gradle/api/logging/configuration/ConsoleOutput;)V+9
j  org.gradle.internal.logging.services.DefaultLoggingManager$ProcessConsoleAttachment.run()V+8
j  org.gradle.internal.logging.services.DefaultLoggingManager$StartableLoggingRouter.addConsoleAttachement(Ljava/lang/Runnable;)V+37
j  org.gradle.internal.logging.services.DefaultLoggingManager$StartableLoggingRouter.attachProcessConsole(Lorg/gradle/api/logging/configuration/ConsoleOutput;)V+13
j  org.gradle.internal.logging.services.DefaultLoggingManager.attachProcessConsole(Lorg/gradle/api/logging/configuration/ConsoleOutput;)V+5
j  org.gradle.launcher.cli.NativeServicesInitializingAction.execute(Lorg/gradle/launcher/bootstrap/ExecutionListener;)V+25
j  org.gradle.launcher.cli.NativeServicesInitializingAction.execute(Ljava/lang/Object;)V+5
j  org.gradle.launcher.cli.ExceptionReportingAction.execute(Lorg/gradle/launcher/bootstrap/ExecutionListener;)V+5
j  org.gradle.launcher.cli.ExceptionReportingAction.execute(Ljava/lang/Object;)V+5
j  org.gradle.launcher.cli.DefaultCommandLineActionFactory$WithLogging.execute(Lorg/gradle/launcher/bootstrap/ExecutionListener;)V+299
j  org.gradle.launcher.Main.doAction([Ljava/lang/String;Lorg/gradle/launcher/bootstrap/ExecutionListener;)V+14
j  org.gradle.launcher.bootstrap.EntryPoint.run([Ljava/lang/String;)V+12
v  ~StubRoutines::call_stub
j  jdk.internal.reflect.NativeMethodAccessorImpl.invoke0(Ljava/lang/reflect/Method;Ljava/lang/Object;[Ljava/lang/Object;)Ljava/lang/Object;+0 java.base@17.0.6
j  jdk.internal.reflect.NativeMethodAccessorImpl.invoke(Ljava/lang/Object;[Ljava/lang/Object;)Ljava/lang/Object;+133 java.base@17.0.6
j  jdk.internal.reflect.DelegatingMethodAccessorImpl.invoke(Ljava/lang/Object;[Ljava/lang/Object;)Ljava/lang/Object;+6 java.base@17.0.6
j  java.lang.reflect.Method.invoke(Ljava/lang/Object;[Ljava/lang/Object;)Ljava/lang/Object;+59 java.base@17.0.6
j  org.gradle.launcher.bootstrap.ProcessBootstrap.runNoExit(Ljava/lang/String;[Ljava/lang/String;)V+159
j  org.gradle.launcher.bootstrap.ProcessBootstrap.run(Ljava/lang/String;[Ljava/lang/String;)V+2
v  ~StubRoutines::call_stub
j  jdk.internal.reflect.NativeMethodAccessorImpl.invoke0(Ljava/lang/reflect/Method;Ljava/lang/Object;[Ljava/lang/Object;)Ljava/lang/Object;+0 java.base@17.0.6
j  jdk.internal.reflect.NativeMethodAccessorImpl.invoke(Ljava/lang/Object;[Ljava/lang/Object;)Ljava/lang/Object;+133 java.base@17.0.6
j  jdk.internal.reflect.DelegatingMethodAccessorImpl.invoke(Ljava/lang/Object;[Ljava/lang/Object;)Ljava/lang/Object;+6 java.base@17.0.6
j  java.lang.reflect.Method.invoke(Ljava/lang/Object;[Ljava/lang/Object;)Ljava/lang/Object;+59 java.base@17.0.6
j  org.gradle.launcher.GradleMain.main([Ljava/lang/String;)V+100
v  ~StubRoutines::call_stub
j  jdk.internal.reflect.NativeMethodAccessorImpl.invoke0(Ljava/lang/reflect/Method;Ljava/lang/Object;[Ljava/lang/Object;)Ljava/lang/Object;+0 java.base@17.0.6
j  jdk.internal.reflect.NativeMethodAccessorImpl.invoke(Ljava/lang/Object;[Ljava/lang/Object;)Ljava/lang/Object;+133 java.base@17.0.6
j  jdk.internal.reflect.DelegatingMethodAccessorImpl.invoke(Ljava/lang/Object;[Ljava/lang/Object;)Ljava/lang/Object;+6 java.base@17.0.6
j  java.lang.reflect.Method.invoke(Ljava/lang/Object;[Ljava/lang/Object;)Ljava/lang/Object;+59 java.base@17.0.6
j  org.gradle.wrapper.BootstrapMainStarter.start([Ljava/lang/String;Ljava/io/File;)V+82
j  org.gradle.wrapper.WrapperExecutor.execute([Ljava/lang/String;Lorg/gradle/wrapper/Install;Lorg/gradle/wrapper/BootstrapMainStarter;)V+14
j  org.gradle.wrapper.GradleWrapperMain.main([Ljava/lang/String;)V+190
v  ~StubRoutines::call_stub

---------------  P R O C E S S  ---------------

Threads class SMR info:
_java_thread_list=0x0000016ca79b5360, length=12, elements={
0x0000016c8d2752d0, 0x0000016ca6f1cfb0, 0x0000016ca7813410, 0x0000016ca6f41810,
0x0000016ca784b7a0, 0x0000016ca78413f0, 0x0000016ca7841cb0, 0x0000016ca7850ad0,
0x0000016ca786b3d0, 0x0000016ca6f4df90, 0x0000016ca79dfab0, 0x0000016ca79f2010
}

Java Threads: ( => current thread )
=>0x0000016c8d2752d0 JavaThread "main" [_thread_in_vm, id=13180, stack(0x0000002fc1900000,0x0000002fc1a00000)]
  0x0000016ca6f1cfb0 JavaThread "Reference Handler" daemon [_thread_blocked, id=3520, stack(0x0000002fc2000000,0x0000002fc2100000)]
  0x0000016ca7813410 JavaThread "Finalizer" daemon [_thread_blocked, id=12848, stack(0x0000002fc2100000,0x0000002fc2200000)]
  0x0000016ca6f41810 JavaThread "Signal Dispatcher" daemon [_thread_blocked, id=14612, stack(0x0000002fc2200000,0x0000002fc2300000)]
  0x0000016ca784b7a0 JavaThread "Attach Listener" daemon [_thread_blocked, id=1772, stack(0x0000002fc2300000,0x0000002fc2400000)]
  0x0000016ca78413f0 JavaThread "Service Thread" daemon [_thread_blocked, id=2268, stack(0x0000002fc2400000,0x0000002fc2500000)]
  0x0000016ca7841cb0 JavaThread "Monitor Deflation Thread" daemon [_thread_blocked, id=13480, stack(0x0000002fc2500000,0x0000002fc2600000)]
  0x0000016ca7850ad0 JavaThread "C2 CompilerThread0" daemon [_thread_blocked, id=1616, stack(0x0000002fc2600000,0x0000002fc2700000)]
  0x0000016ca786b3d0 JavaThread "C1 CompilerThread0" daemon [_thread_blocked, id=11420, stack(0x0000002fc2700000,0x0000002fc2800000)]
  0x0000016ca6f4df90 JavaThread "Sweeper thread" daemon [_thread_blocked, id=8632, stack(0x0000002fc2800000,0x0000002fc2900000)]
  0x0000016ca79dfab0 JavaThread "Notification Thread" daemon [_thread_blocked, id=12208, stack(0x0000002fc2900000,0x0000002fc2a00000)]
  0x0000016ca79f2010 JavaThread "Common-Cleaner" daemon [_thread_blocked, id=16592, stack(0x0000002fc2b00000,0x0000002fc2c00000)]

Other Threads:
  0x0000016ca6f1b500 VMThread "VM Thread" [stack: 0x0000002fc1f00000,0x0000002fc2000000] [id=11100]
  0x0000016ca7979b30 WatcherThread [stack: 0x0000002fc2a00000,0x0000002fc2b00000] [id=2912]
  0x0000016c8d2cdc80 GCTaskThread "GC Thread#0" [stack: 0x0000002fc1a00000,0x0000002fc1b00000] [id=10320]
  0x0000016ca7d5a2f0 GCTaskThread "GC Thread#1" [stack: 0x0000002fc2c00000,0x0000002fc2d00000] [id=19160]
  0x0000016ca925fed0 GCTaskThread "GC Thread#2" [stack: 0x0000002fc2d00000,0x0000002fc2e00000] [id=12916]
  0x0000016ca7edf430 GCTaskThread "GC Thread#3" [stack: 0x0000002fc2e00000,0x0000002fc2f00000] [id=11692]
  0x0000016ca7ff8440 GCTaskThread "GC Thread#4" [stack: 0x0000002fc2f00000,0x0000002fc3000000] [id=5992]
  0x0000016c8d2de490 ConcurrentGCThread "G1 Main Marker" [stack: 0x0000002fc1b00000,0x0000002fc1c00000] [id=8976]
  0x0000016c8d2df550 ConcurrentGCThread "G1 Conc#0" [stack: 0x0000002fc1c00000,0x0000002fc1d00000] [id=14860]
  0x0000016c8d3364b0 ConcurrentGCThread "G1 Refine#0" [stack: 0x0000002fc1d00000,0x0000002fc1e00000] [id=13076]
  0x0000016ca6d820c0 ConcurrentGCThread "G1 Service" [stack: 0x0000002fc1e00000,0x0000002fc1f00000] [id=19124]

Threads with active compile tasks:

VM state: not at safepoint (normal execution)

VM Mutex/Monitor currently owned by a thread:  ([mutex/lock_event])
[0x0000016c8b11a760] Metaspace_lock - owner thread: 0x0000016c8d2752d0

Heap address: 0x0000000083200000, size: 1998 MB, Compressed Oops mode: 32-bit

CDS archive(s) not mapped
Compressed class space mapped at: 0x0000000100000000-0x0000000140000000, reserved size: 1073741824
Narrow klass base: 0x0000000000000000, Narrow klass shift: 3, Narrow klass range: 0x140000000

GC Precious Log:
 CPUs: 8 total, 8 available
 Memory: 7991M
 Large Page Support: Disabled
 NUMA Support: Disabled
 Compressed Oops: Enabled (32-bit)
 Heap Region Size: 1M
 Heap Min Capacity: 8M
 Heap Initial Capacity: 126M
 Heap Max Capacity: 1998M
 Pre-touch: Disabled
 Parallel Workers: 8
 Concurrent Workers: 2
 Concurrent Refinement Workers: 8
 Periodic GC: Disabled

Heap:
 garbage-first heap   total 129024K, used 9645K [0x0000000083200000, 0x0000000100000000)
  region size 1024K, 4 young (4096K), 3 survivors (3072K)
 Metaspace       used 11322K, committed 11456K, reserved 1064960K
  class space    used 1199K, committed 1280K, reserved 1048576K

Heap Regions: E=young(eden), S=young(survivor), O=old, HS=humongous(starts), HC=humongous(continues), CS=collection set, F=free, OA=open archive, CA=closed archive, TAMS=top-at-mark-start (previous, next)
|   0|0x0000000083200000, 0x0000000083200000, 0x0000000083300000|  0%| F|  |TAMS 0x0000000083200000, 0x0000000083200000| Untracked 
|   1|0x0000000083300000, 0x0000000083300000, 0x0000000083400000|  0%| F|  |TAMS 0x0000000083300000, 0x0000000083300000| Untracked 
|   2|0x0000000083400000, 0x0000000083400000, 0x0000000083500000|  0%| F|  |TAMS 0x0000000083400000, 0x0000000083400000| Untracked 
|   3|0x0000000083500000, 0x0000000083600000, 0x0000000083600000|100%|HS|  |TAMS 0x0000000083500000, 0x0000000083500000| Complete 
|   4|0x0000000083600000, 0x0000000083700000, 0x0000000083700000|100%|HC|  |TAMS 0x0000000083600000, 0x0000000083600000| Complete 
|   5|0x0000000083700000, 0x0000000083800000, 0x0000000083800000|100%|HC|  |TAMS 0x0000000083700000, 0x0000000083700000| Complete 
|   6|0x0000000083800000, 0x0000000083900000, 0x0000000083900000|100%| O|  |TAMS 0x0000000083800000, 0x0000000083800000| Untracked 
|   7|0x0000000083900000, 0x0000000083a00000, 0x0000000083a00000|100%| O|  |TAMS 0x0000000083900000, 0x0000000083900000| Untracked 
|   8|0x0000000083a00000, 0x0000000083b00000, 0x0000000083b00000|100%| O|  |TAMS 0x0000000083a00000, 0x0000000083a00000| Untracked 
|   9|0x0000000083b00000, 0x0000000083b6b600, 0x0000000083c00000| 41%| O|  |TAMS 0x0000000083b00000, 0x0000000083b00000| Untracked 
|  10|0x0000000083c00000, 0x0000000083c00000, 0x0000000083d00000|  0%| F|  |TAMS 0x0000000083c00000, 0x0000000083c00000| Untracked 
|  11|0x0000000083d00000, 0x0000000083d00000, 0x0000000083e00000|  0%| F|  |TAMS 0x0000000083d00000, 0x0000000083d00000| Untracked 
|  12|0x0000000083e00000, 0x0000000083e00000, 0x0000000083f00000|  0%| F|  |TAMS 0x0000000083e00000, 0x0000000083e00000| Untracked 
|  13|0x0000000083f00000, 0x0000000083f00000, 0x0000000084000000|  0%| F|  |TAMS 0x0000000083f00000, 0x0000000083f00000| Untracked 
|  14|0x0000000084000000, 0x0000000084000000, 0x0000000084100000|  0%| F|  |TAMS 0x0000000084000000, 0x0000000084000000| Untracked 
|  15|0x0000000084100000, 0x0000000084100000, 0x0000000084200000|  0%| F|  |TAMS 0x0000000084100000, 0x0000000084100000| Untracked 
|  16|0x0000000084200000, 0x0000000084200000, 0x0000000084300000|  0%| F|  |TAMS 0x0000000084200000, 0x0000000084200000| Untracked 
|  17|0x0000000084300000, 0x0000000084300000, 0x0000000084400000|  0%| F|  |TAMS 0x0000000084300000, 0x0000000084300000| Untracked 
|  18|0x0000000084400000, 0x0000000084400000, 0x0000000084500000|  0%| F|  |TAMS 0x0000000084400000, 0x0000000084400000| Untracked 
|  19|0x0000000084500000, 0x0000000084500000, 0x0000000084600000|  0%| F|  |TAMS 0x0000000084500000, 0x0000000084500000| Untracked 
|  20|0x0000000084600000, 0x0000000084600000, 0x0000000084700000|  0%| F|  |TAMS 0x0000000084600000, 0x0000000084600000| Untracked 
|  21|0x0000000084700000, 0x0000000084700000, 0x0000000084800000|  0%| F|  |TAMS 0x0000000084700000, 0x0000000084700000| Untracked 
|  22|0x0000000084800000, 0x0000000084800000, 0x0000000084900000|  0%| F|  |TAMS 0x0000000084800000, 0x0000000084800000| Untracked 
|  23|0x0000000084900000, 0x0000000084900000, 0x0000000084a00000|  0%| F|  |TAMS 0x0000000084900000, 0x0000000084900000| Untracked 
|  24|0x0000000084a00000, 0x0000000084a00000, 0x0000000084b00000|  0%| F|  |TAMS 0x0000000084a00000, 0x0000000084a00000| Untracked 
|  25|0x0000000084b00000, 0x0000000084b00000, 0x0000000084c00000|  0%| F|  |TAMS 0x0000000084b00000, 0x0000000084b00000| Untracked 
|  26|0x0000000084c00000, 0x0000000084c00000, 0x0000000084d00000|  0%| F|  |TAMS 0x0000000084c00000, 0x0000000084c00000| Untracked 
|  27|0x0000000084d00000, 0x0000000084d00000, 0x0000000084e00000|  0%| F|  |TAMS 0x0000000084d00000, 0x0000000084d00000| Untracked 
|  28|0x0000000084e00000, 0x0000000084e00000, 0x0000000084f00000|  0%| F|  |TAMS 0x0000000084e00000, 0x0000000084e00000| Untracked 
|  29|0x0000000084f00000, 0x0000000084f00000, 0x0000000085000000|  0%| F|  |TAMS 0x0000000084f00000, 0x0000000084f00000| Untracked 
|  30|0x0000000085000000, 0x0000000085000000, 0x0000000085100000|  0%| F|  |TAMS 0x0000000085000000, 0x0000000085000000| Untracked 
|  31|0x0000000085100000, 0x0000000085100000, 0x0000000085200000|  0%| F|  |TAMS 0x0000000085100000, 0x0000000085100000| Untracked 
|  32|0x0000000085200000, 0x0000000085200000, 0x0000000085300000|  0%| F|  |TAMS 0x0000000085200000, 0x0000000085200000| Untracked 
|  33|0x0000000085300000, 0x0000000085300000, 0x0000000085400000|  0%| F|  |TAMS 0x0000000085300000, 0x0000000085300000| Untracked 
|  34|0x0000000085400000, 0x0000000085400000, 0x0000000085500000|  0%| F|  |TAMS 0x0000000085400000, 0x0000000085400000| Untracked 
|  35|0x0000000085500000, 0x0000000085500000, 0x0000000085600000|  0%| F|  |TAMS 0x0000000085500000, 0x0000000085500000| Untracked 
|  36|0x0000000085600000, 0x0000000085600000, 0x0000000085700000|  0%| F|  |TAMS 0x0000000085600000, 0x0000000085600000| Untracked 
|  37|0x0000000085700000, 0x0000000085700000, 0x0000000085800000|  0%| F|  |TAMS 0x0000000085700000, 0x0000000085700000| Untracked 
|  38|0x0000000085800000, 0x0000000085800000, 0x0000000085900000|  0%| F|  |TAMS 0x0000000085800000, 0x0000000085800000| Untracked 
|  39|0x0000000085900000, 0x0000000085900000, 0x0000000085a00000|  0%| F|  |TAMS 0x0000000085900000, 0x0000000085900000| Untracked 
|  40|0x0000000085a00000, 0x0000000085a00000, 0x0000000085b00000|  0%| F|  |TAMS 0x0000000085a00000, 0x0000000085a00000| Untracked 
|  41|0x0000000085b00000, 0x0000000085b00000, 0x0000000085c00000|  0%| F|  |TAMS 0x0000000085b00000, 0x0000000085b00000| Untracked 
|  42|0x0000000085c00000, 0x0000000085c00000, 0x0000000085d00000|  0%| F|  |TAMS 0x0000000085c00000, 0x0000000085c00000| Untracked 
|  43|0x0000000085d00000, 0x0000000085d00000, 0x0000000085e00000|  0%| F|  |TAMS 0x0000000085d00000, 0x0000000085d00000| Untracked 
|  44|0x0000000085e00000, 0x0000000085e00000, 0x0000000085f00000|  0%| F|  |TAMS 0x0000000085e00000, 0x0000000085e00000| Untracked 
|  45|0x0000000085f00000, 0x0000000085f00000, 0x0000000086000000|  0%| F|  |TAMS 0x0000000085f00000, 0x0000000085f00000| Untracked 
|  46|0x0000000086000000, 0x0000000086000000, 0x0000000086100000|  0%| F|  |TAMS 0x0000000086000000, 0x0000000086000000| Untracked 
|  47|0x0000000086100000, 0x0000000086100000, 0x0000000086200000|  0%| F|  |TAMS 0x0000000086100000, 0x0000000086100000| Untracked 
|  48|0x0000000086200000, 0x0000000086200000, 0x0000000086300000|  0%| F|  |TAMS 0x0000000086200000, 0x0000000086200000| Untracked 
|  49|0x0000000086300000, 0x0000000086300000, 0x0000000086400000|  0%| F|  |TAMS 0x0000000086300000, 0x0000000086300000| Untracked 
|  50|0x0000000086400000, 0x0000000086400000, 0x0000000086500000|  0%| F|  |TAMS 0x0000000086400000, 0x0000000086400000| Untracked 
|  51|0x0000000086500000, 0x0000000086500000, 0x0000000086600000|  0%| F|  |TAMS 0x0000000086500000, 0x0000000086500000| Untracked 
|  52|0x0000000086600000, 0x0000000086600000, 0x0000000086700000|  0%| F|  |TAMS 0x0000000086600000, 0x0000000086600000| Untracked 
|  53|0x0000000086700000, 0x0000000086700000, 0x0000000086800000|  0%| F|  |TAMS 0x0000000086700000, 0x0000000086700000| Untracked 
|  54|0x0000000086800000, 0x0000000086800000, 0x0000000086900000|  0%| F|  |TAMS 0x0000000086800000, 0x0000000086800000| Untracked 
|  55|0x0000000086900000, 0x0000000086900000, 0x0000000086a00000|  0%| F|  |TAMS 0x0000000086900000, 0x0000000086900000| Untracked 
|  56|0x0000000086a00000, 0x0000000086a00000, 0x0000000086b00000|  0%| F|  |TAMS 0x0000000086a00000, 0x0000000086a00000| Untracked 
|  57|0x0000000086b00000, 0x0000000086b00000, 0x0000000086c00000|  0%| F|  |TAMS 0x0000000086b00000, 0x0000000086b00000| Untracked 
|  58|0x0000000086c00000, 0x0000000086c00000, 0x0000000086d00000|  0%| F|  |TAMS 0x0000000086c00000, 0x0000000086c00000| Untracked 
|  59|0x0000000086d00000, 0x0000000086d00000, 0x0000000086e00000|  0%| F|  |TAMS 0x0000000086d00000, 0x0000000086d00000| Untracked 
|  60|0x0000000086e00000, 0x0000000086e00000, 0x0000000086f00000|  0%| F|  |TAMS 0x0000000086e00000, 0x0000000086e00000| Untracked 
|  61|0x0000000086f00000, 0x0000000086f00000, 0x0000000087000000|  0%| F|  |TAMS 0x0000000086f00000, 0x0000000086f00000| Untracked 
|  62|0x0000000087000000, 0x0000000087000000, 0x0000000087100000|  0%| F|  |TAMS 0x0000000087000000, 0x0000000087000000| Untracked 
|  63|0x0000000087100000, 0x0000000087100000, 0x0000000087200000|  0%| F|  |TAMS 0x0000000087100000, 0x0000000087100000| Untracked 
|  64|0x0000000087200000, 0x0000000087200000, 0x0000000087300000|  0%| F|  |TAMS 0x0000000087200000, 0x0000000087200000| Untracked 
|  65|0x0000000087300000, 0x0000000087300000, 0x0000000087400000|  0%| F|  |TAMS 0x0000000087300000, 0x0000000087300000| Untracked 
|  66|0x0000000087400000, 0x0000000087400000, 0x0000000087500000|  0%| F|  |TAMS 0x0000000087400000, 0x0000000087400000| Untracked 
|  67|0x0000000087500000, 0x0000000087500000, 0x0000000087600000|  0%| F|  |TAMS 0x0000000087500000, 0x0000000087500000| Untracked 
|  68|0x0000000087600000, 0x0000000087600000, 0x0000000087700000|  0%| F|  |TAMS 0x0000000087600000, 0x0000000087600000| Untracked 
|  69|0x0000000087700000, 0x0000000087700000, 0x0000000087800000|  0%| F|  |TAMS 0x0000000087700000, 0x0000000087700000| Untracked 
|  70|0x0000000087800000, 0x0000000087800000, 0x0000000087900000|  0%| F|  |TAMS 0x0000000087800000, 0x0000000087800000| Untracked 
|  71|0x0000000087900000, 0x0000000087900000, 0x0000000087a00000|  0%| F|  |TAMS 0x0000000087900000, 0x0000000087900000| Untracked 
|  72|0x0000000087a00000, 0x0000000087a00000, 0x0000000087b00000|  0%| F|  |TAMS 0x0000000087a00000, 0x0000000087a00000| Untracked 
|  73|0x0000000087b00000, 0x0000000087b00000, 0x0000000087c00000|  0%| F|  |TAMS 0x0000000087b00000, 0x0000000087b00000| Untracked 
|  74|0x0000000087c00000, 0x0000000087c00000, 0x0000000087d00000|  0%| F|  |TAMS 0x0000000087c00000, 0x0000000087c00000| Untracked 
|  75|0x0000000087d00000, 0x0000000087d00000, 0x0000000087e00000|  0%| F|  |TAMS 0x0000000087d00000, 0x0000000087d00000| Untracked 
|  76|0x0000000087e00000, 0x0000000087e00000, 0x0000000087f00000|  0%| F|  |TAMS 0x0000000087e00000, 0x0000000087e00000| Untracked 
|  77|0x0000000087f00000, 0x0000000087f00000, 0x0000000088000000|  0%| F|  |TAMS 0x0000000087f00000, 0x0000000087f00000| Untracked 
|  78|0x0000000088000000, 0x0000000088000000, 0x0000000088100000|  0%| F|  |TAMS 0x0000000088000000, 0x0000000088000000| Untracked 
|  79|0x0000000088100000, 0x0000000088100000, 0x0000000088200000|  0%| F|  |TAMS 0x0000000088100000, 0x0000000088100000| Untracked 
|  80|0x0000000088200000, 0x0000000088200000, 0x0000000088300000|  0%| F|  |TAMS 0x0000000088200000, 0x0000000088200000| Untracked 
|  81|0x0000000088300000, 0x0000000088300000, 0x0000000088400000|  0%| F|  |TAMS 0x0000000088300000, 0x0000000088300000| Untracked 
|  82|0x0000000088400000, 0x0000000088400000, 0x0000000088500000|  0%| F|  |TAMS 0x0000000088400000, 0x0000000088400000| Untracked 
|  83|0x0000000088500000, 0x0000000088500000, 0x0000000088600000|  0%| F|  |TAMS 0x0000000088500000, 0x0000000088500000| Untracked 
|  84|0x0000000088600000, 0x0000000088600000, 0x0000000088700000|  0%| F|  |TAMS 0x0000000088600000, 0x0000000088600000| Untracked 
|  85|0x0000000088700000, 0x0000000088700000, 0x0000000088800000|  0%| F|  |TAMS 0x0000000088700000, 0x0000000088700000| Untracked 
|  86|0x0000000088800000, 0x0000000088800000, 0x0000000088900000|  0%| F|  |TAMS 0x0000000088800000, 0x0000000088800000| Untracked 
|  87|0x0000000088900000, 0x0000000088900000, 0x0000000088a00000|  0%| F|  |TAMS 0x0000000088900000, 0x0000000088900000| Untracked 
|  88|0x0000000088a00000, 0x0000000088a00000, 0x0000000088b00000|  0%| F|  |TAMS 0x0000000088a00000, 0x0000000088a00000| Untracked 
|  89|0x0000000088b00000, 0x0000000088b00000, 0x0000000088c00000|  0%| F|  |TAMS 0x0000000088b00000, 0x0000000088b00000| Untracked 
|  90|0x0000000088c00000, 0x0000000088c00000, 0x0000000088d00000|  0%| F|  |TAMS 0x0000000088c00000, 0x0000000088c00000| Untracked 
|  91|0x0000000088d00000, 0x0000000088d00000, 0x0000000088e00000|  0%| F|  |TAMS 0x0000000088d00000, 0x0000000088d00000| Untracked 
|  92|0x0000000088e00000, 0x0000000088e00000, 0x0000000088f00000|  0%| F|  |TAMS 0x0000000088e00000, 0x0000000088e00000| Untracked 
|  93|0x0000000088f00000, 0x0000000088f00000, 0x0000000089000000|  0%| F|  |TAMS 0x0000000088f00000, 0x0000000088f00000| Untracked 
|  94|0x0000000089000000, 0x0000000089000000, 0x0000000089100000|  0%| F|  |TAMS 0x0000000089000000, 0x0000000089000000| Untracked 
|  95|0x0000000089100000, 0x0000000089100000, 0x0000000089200000|  0%| F|  |TAMS 0x0000000089100000, 0x0000000089100000| Untracked 
|  96|0x0000000089200000, 0x0000000089200000, 0x0000000089300000|  0%| F|  |TAMS 0x0000000089200000, 0x0000000089200000| Untracked 
|  97|0x0000000089300000, 0x0000000089300000, 0x0000000089400000|  0%| F|  |TAMS 0x0000000089300000, 0x0000000089300000| Untracked 
|  98|0x0000000089400000, 0x0000000089400000, 0x0000000089500000|  0%| F|  |TAMS 0x0000000089400000, 0x0000000089400000| Untracked 
|  99|0x0000000089500000, 0x0000000089500000, 0x0000000089600000|  0%| F|  |TAMS 0x0000000089500000, 0x0000000089500000| Untracked 
| 100|0x0000000089600000, 0x0000000089700000, 0x0000000089700000|100%| S|CS|TAMS 0x0000000089600000, 0x0000000089600000| Complete 
| 101|0x0000000089700000, 0x0000000089800000, 0x0000000089800000|100%| S|CS|TAMS 0x0000000089700000, 0x0000000089700000| Complete 
| 102|0x0000000089800000, 0x0000000089900000, 0x0000000089900000|100%| S|CS|TAMS 0x0000000089800000, 0x0000000089800000| Complete 
| 103|0x0000000089900000, 0x0000000089900000, 0x0000000089a00000|  0%| F|  |TAMS 0x0000000089900000, 0x0000000089900000| Untracked 
| 104|0x0000000089a00000, 0x0000000089a00000, 0x0000000089b00000|  0%| F|  |TAMS 0x0000000089a00000, 0x0000000089a00000| Untracked 
| 105|0x0000000089b00000, 0x0000000089b00000, 0x0000000089c00000|  0%| F|  |TAMS 0x0000000089b00000, 0x0000000089b00000| Untracked 
| 106|0x0000000089c00000, 0x0000000089c00000, 0x0000000089d00000|  0%| F|  |TAMS 0x0000000089c00000, 0x0000000089c00000| Untracked 
| 107|0x0000000089d00000, 0x0000000089d00000, 0x0000000089e00000|  0%| F|  |TAMS 0x0000000089d00000, 0x0000000089d00000| Untracked 
| 108|0x0000000089e00000, 0x0000000089e00000, 0x0000000089f00000|  0%| F|  |TAMS 0x0000000089e00000, 0x0000000089e00000| Untracked 
| 109|0x0000000089f00000, 0x0000000089f00000, 0x000000008a000000|  0%| F|  |TAMS 0x0000000089f00000, 0x0000000089f00000| Untracked 
| 110|0x000000008a000000, 0x000000008a000000, 0x000000008a100000|  0%| F|  |TAMS 0x000000008a000000, 0x000000008a000000| Untracked 
| 111|0x000000008a100000, 0x000000008a100000, 0x000000008a200000|  0%| F|  |TAMS 0x000000008a100000, 0x000000008a100000| Untracked 
| 112|0x000000008a200000, 0x000000008a200000, 0x000000008a300000|  0%| F|  |TAMS 0x000000008a200000, 0x000000008a200000| Untracked 
| 113|0x000000008a300000, 0x000000008a300000, 0x000000008a400000|  0%| F|  |TAMS 0x000000008a300000, 0x000000008a300000| Untracked 
| 114|0x000000008a400000, 0x000000008a400000, 0x000000008a500000|  0%| F|  |TAMS 0x000000008a400000, 0x000000008a400000| Untracked 
| 115|0x000000008a500000, 0x000000008a500000, 0x000000008a600000|  0%| F|  |TAMS 0x000000008a500000, 0x000000008a500000| Untracked 
| 116|0x000000008a600000, 0x000000008a600000, 0x000000008a700000|  0%| F|  |TAMS 0x000000008a600000, 0x000000008a600000| Untracked 
| 117|0x000000008a700000, 0x000000008a700000, 0x000000008a800000|  0%| F|  |TAMS 0x000000008a700000, 0x000000008a700000| Untracked 
| 118|0x000000008a800000, 0x000000008a800000, 0x000000008a900000|  0%| F|  |TAMS 0x000000008a800000, 0x000000008a800000| Untracked 
| 119|0x000000008a900000, 0x000000008a900000, 0x000000008aa00000|  0%| F|  |TAMS 0x000000008a900000, 0x000000008a900000| Untracked 
| 120|0x000000008aa00000, 0x000000008aa00000, 0x000000008ab00000|  0%| F|  |TAMS 0x000000008aa00000, 0x000000008aa00000| Untracked 
| 121|0x000000008ab00000, 0x000000008ab00000, 0x000000008ac00000|  0%| F|  |TAMS 0x000000008ab00000, 0x000000008ab00000| Untracked 
| 122|0x000000008ac00000, 0x000000008ac00000, 0x000000008ad00000|  0%| F|  |TAMS 0x000000008ac00000, 0x000000008ac00000| Untracked 
| 123|0x000000008ad00000, 0x000000008ad00000, 0x000000008ae00000|  0%| F|  |TAMS 0x000000008ad00000, 0x000000008ad00000| Untracked 
| 124|0x000000008ae00000, 0x000000008ae00000, 0x000000008af00000|  0%| F|  |TAMS 0x000000008ae00000, 0x000000008ae00000| Untracked 
| 125|0x000000008af00000, 0x000000008af82010, 0x000000008b000000| 50%| E|  |TAMS 0x000000008af00000, 0x000000008af00000| Complete 

Card table byte_map: [0x0000016c9fe60000,0x0000016ca0250000] _byte_map_base: 0x0000016c9fa47000

Marking Bits (Prev, Next): (CMBitMap*) 0x0000016c8d2ce1a0, (CMBitMap*) 0x0000016c8d2ce1e0
 Prev Bits: [0x0000016ca0640000, 0x0000016ca2578000)
 Next Bits: [0x0000016ca2580000, 0x0000016ca44b8000)

Polling page: 0x0000016c8b250000

Metaspace:

Usage:
  Non-class:      9.89 MB used.
      Class:      1.17 MB used.
       Both:     11.06 MB used.

Virtual space:
  Non-class space:       16.00 MB reserved,       9.94 MB ( 62%) committed,  2 nodes.
      Class space:        1.00 GB reserved,       1.25 MB ( <1%) committed,  1 nodes.
             Both:        1.02 GB reserved,      11.19 MB (  1%) committed. 

Chunk freelists:
   Non-Class:  1.98 MB
       Class:  2.58 MB
        Both:  4.56 MB

MaxMetaspaceSize: unlimited
CompressedClassSpaceSize: 1.00 GB
Initial GC threshold: 21.00 MB
Current GC threshold: 21.00 MB
CDS: off
MetaspaceReclaimPolicy: balanced
 - commit_granule_bytes: 65536.
 - commit_granule_words: 8192.
 - virtual_space_node_default_size: 1048576.
 - enlarge_chunks_in_place: 1.
 - new_chunks_are_fully_committed: 0.
 - uncommit_free_chunks: 1.
 - use_allocation_guard: 0.
 - handle_deallocations: 1.


Internal statistics:

num_allocs_failed_limit: 0.
num_arena_births: 44.
num_arena_deaths: 0.
num_vsnodes_births: 3.
num_vsnodes_deaths: 0.
num_space_committed: 179.
num_space_uncommitted: 0.
num_chunks_returned_to_freelist: 0.
num_chunks_taken_from_freelist: 158.
num_chunk_merges: 0.
num_chunk_splits: 94.
num_chunks_enlarged: 77.
num_purges: 0.
num_inconsistent_stats: 0.

CodeHeap 'non-profiled nmethods': size=120000Kb used=313Kb max_used=313Kb free=119686Kb
 bounds [0x0000016c98210000, 0x0000016c98480000, 0x0000016c9f740000]
CodeHeap 'profiled nmethods': size=120000Kb used=1599Kb max_used=1599Kb free=118400Kb
 bounds [0x0000016c90740000, 0x0000016c909b0000, 0x0000016c97c70000]
CodeHeap 'non-nmethods': size=5760Kb used=1136Kb max_used=1161Kb free=4623Kb
 bounds [0x0000016c97c70000, 0x0000016c97ee0000, 0x0000016c98210000]
 total_blobs=1257 nmethods=848 adapters=322
 compilation: enabled
              stopped_count=0, restarted_count=0
 full_count=0

Compilation events (20 events):
Event: 1.193 Thread 0x0000016ca786b3d0  839   !   3       java.util.jar.JarFile$JarFileEntry::getCodeSigners (81 bytes)
Event: 1.193 Thread 0x0000016ca786b3d0 nmethod 839 0x0000016c908ca490 code [0x0000016c908ca6a0, 0x0000016c908cac68]
Event: 1.193 Thread 0x0000016ca786b3d0  840       3       java.security.SecureClassLoader$CodeSourceKey::<init> (10 bytes)
Event: 1.193 Thread 0x0000016ca786b3d0 nmethod 840 0x0000016c908cae90 code [0x0000016c908cb020, 0x0000016c908cb1d8]
Event: 1.193 Thread 0x0000016ca786b3d0  841       3       java.security.SecureClassLoader$1::<init> (15 bytes)
Event: 1.194 Thread 0x0000016ca786b3d0 nmethod 841 0x0000016c908cb290 code [0x0000016c908cb440, 0x0000016c908cb658]
Event: 1.194 Thread 0x0000016ca786b3d0  842       3       java.security.SecureClassLoader$CodeSourceKey::hashCode (21 bytes)
Event: 1.194 Thread 0x0000016ca786b3d0 nmethod 842 0x0000016c908cb710 code [0x0000016c908cb8c0, 0x0000016c908cbaa8]
Event: 1.194 Thread 0x0000016ca786b3d0  843       3       java.lang.ClassLoader::preDefineClass (118 bytes)
Event: 1.194 Thread 0x0000016ca7850ad0 nmethod 792 0x0000016c9825b890 code [0x0000016c9825ba40, 0x0000016c9825bc48]
Event: 1.194 Thread 0x0000016ca7850ad0  764       4       java.util.jar.JarFile::getEntry (35 bytes)
Event: 1.195 Thread 0x0000016ca786b3d0 nmethod 843 0x0000016c908cbb90 code [0x0000016c908cbf00, 0x0000016c908cd1b8]
Event: 1.195 Thread 0x0000016ca786b3d0  848       3       java.util.WeakHashMap$Entry::<init> (24 bytes)
Event: 1.195 Thread 0x0000016ca786b3d0 nmethod 848 0x0000016c908cd890 code [0x0000016c908cda40, 0x0000016c908cde38]
Event: 1.195 Thread 0x0000016ca786b3d0  844       3       java.lang.ClassLoader::checkCerts (121 bytes)
Event: 1.202 Thread 0x0000016ca786b3d0 nmethod 844 0x0000016c908cdf90 code [0x0000016c908ce280, 0x0000016c908cf0a8]
Event: 1.202 Thread 0x0000016ca786b3d0  845       3       java.lang.ClassLoader::defineClassSourceLocation (28 bytes)
Event: 1.202 Thread 0x0000016ca7850ad0 nmethod 764 0x0000016c9825bf10 code [0x0000016c9825c0c0, 0x0000016c9825c250]
Event: 1.202 Thread 0x0000016ca7850ad0  795   !   4       jdk.internal.loader.URLClassPath$JarLoader::getResource (65 bytes)
Event: 1.202 Thread 0x0000016ca786b3d0 nmethod 845 0x0000016c908cf610 code [0x0000016c908cf7e0, 0x0000016c908cfb68]

GC Heap History (2 events):
Event: 1.196 GC heap before
{Heap before GC invocations=0 (full 0):
 garbage-first heap   total 129024K, used 28672K [0x0000000083200000, 0x0000000100000000)
  region size 1024K, 23 young (23552K), 0 survivors (0K)
 Metaspace       used 11315K, committed 11456K, reserved 1064960K
  class space    used 1198K, committed 1280K, reserved 1048576K
}
Event: 1.202 GC heap after
{Heap after GC invocations=1 (full 0):
 garbage-first heap   total 129024K, used 9645K [0x0000000083200000, 0x0000000100000000)
  region size 1024K, 3 young (3072K), 3 survivors (3072K)
 Metaspace       used 11315K, committed 11456K, reserved 1064960K
  class space    used 1198K, committed 1280K, reserved 1048576K
}

Dll operation events (2 events):
Event: 0.005 Loaded shared library C:\Program Files\Android\Android Studio\jbr\bin\java.dll
Event: 0.116 Loaded shared library C:\Program Files\Android\Android Studio\jbr\bin\verify.dll

Deoptimization events (20 events):
Event: 1.120 Thread 0x0000016c8d2752d0 Uncommon trap: trap_request=0xffffffde fr.pc=0x0000016c9822d2ec relative=0x000000000000038c
Event: 1.120 Thread 0x0000016c8d2752d0 Uncommon trap: reason=class_check action=maybe_recompile pc=0x0000016c9822d2ec method=java.util.regex.Matcher.match(II)Z @ 121 c2
Event: 1.120 Thread 0x0000016c8d2752d0 DEOPT PACKING pc=0x0000016c9822d2ec sp=0x0000002fc19fcf30
Event: 1.120 Thread 0x0000016c8d2752d0 DEOPT UNPACKING pc=0x0000016c97cca1a3 sp=0x0000002fc19fced8 mode 2
Event: 1.120 Thread 0x0000016c8d2752d0 Uncommon trap: trap_request=0xffffffde fr.pc=0x0000016c9822d2ec relative=0x000000000000038c
Event: 1.120 Thread 0x0000016c8d2752d0 Uncommon trap: reason=class_check action=maybe_recompile pc=0x0000016c9822d2ec method=java.util.regex.Matcher.match(II)Z @ 121 c2
Event: 1.120 Thread 0x0000016c8d2752d0 DEOPT PACKING pc=0x0000016c9822d2ec sp=0x0000002fc19fcdb0
Event: 1.120 Thread 0x0000016c8d2752d0 DEOPT UNPACKING pc=0x0000016c97cca1a3 sp=0x0000002fc19fcd58 mode 2
Event: 1.120 Thread 0x0000016c8d2752d0 Uncommon trap: trap_request=0xffffffde fr.pc=0x0000016c9822d2ec relative=0x000000000000038c
Event: 1.120 Thread 0x0000016c8d2752d0 Uncommon trap: reason=class_check action=maybe_recompile pc=0x0000016c9822d2ec method=java.util.regex.Matcher.match(II)Z @ 121 c2
Event: 1.120 Thread 0x0000016c8d2752d0 DEOPT PACKING pc=0x0000016c9822d2ec sp=0x0000002fc19fcdb0
Event: 1.120 Thread 0x0000016c8d2752d0 DEOPT UNPACKING pc=0x0000016c97cca1a3 sp=0x0000002fc19fcd58 mode 2
Event: 1.138 Thread 0x0000016c8d2752d0 DEOPT PACKING pc=0x0000016c90827647 sp=0x0000002fc19f8c30
Event: 1.138 Thread 0x0000016c8d2752d0 DEOPT UNPACKING pc=0x0000016c97ccace3 sp=0x0000002fc19f8090 mode 0
Event: 1.173 Thread 0x0000016c8d2752d0 Uncommon trap: trap_request=0xffffff45 fr.pc=0x0000016c9822a954 relative=0x0000000000000714
Event: 1.173 Thread 0x0000016c8d2752d0 Uncommon trap: reason=unstable_if action=reinterpret pc=0x0000016c9822a954 method=java.lang.StringLatin1.toLowerCase(Ljava/lang/String;[BLjava/util/Locale;)Ljava/lang/String; @ 73 c2
Event: 1.173 Thread 0x0000016c8d2752d0 DEOPT PACKING pc=0x0000016c9822a954 sp=0x0000002fc19fcc50
Event: 1.173 Thread 0x0000016c8d2752d0 DEOPT UNPACKING pc=0x0000016c97cca1a3 sp=0x0000002fc19fcbf0 mode 2
Event: 1.183 Thread 0x0000016c8d2752d0 DEOPT PACKING pc=0x0000016c9084fa2c sp=0x0000002fc19fba20
Event: 1.183 Thread 0x0000016c8d2752d0 DEOPT UNPACKING pc=0x0000016c97ccace3 sp=0x0000002fc19faed0 mode 0

Classes unloaded (0 events):
No events

Classes redefined (0 events):
No events

Internal exceptions (9 events):
Event: 0.275 Thread 0x0000016c8d2752d0 Exception <a 'java/lang/NoSuchMethodError'{0x000000008ac26d90}: 'int java.lang.invoke.DirectMethodHandle$Holder.invokeStaticInit(java.lang.Object, java.lang.Object)'> (0x000000008ac26d90) 
thrown [s\src\hotspot\share\interpreter\linkResolver.cpp, line 771]
Event: 1.125 Thread 0x0000016c8d2752d0 Exception <a 'java/lang/NoSuchMethodError'{0x0000000089ba5e38}: 'void java.lang.invoke.DirectMethodHandle$Holder.invokeStatic(java.lang.Object, java.lang.Object)'> (0x0000000089ba5e38) 
thrown [s\src\hotspot\share\interpreter\linkResolver.cpp, line 771]
Event: 1.144 Thread 0x0000016c8d2752d0 Exception <a 'java/lang/NoClassDefFoundError'{0x0000000089a2c688}: org/slf4j/impl/StaticMarkerBinder> (0x0000000089a2c688) 
thrown [s\src\hotspot\share\classfile\systemDictionary.cpp, line 245]
Event: 1.158 Thread 0x0000016c8d2752d0 Exception <a 'java/lang/NoSuchMethodError'{0x0000000089ac77d0}: 'java.lang.Object java.lang.invoke.DirectMethodHandle$Holder.invokeVirtual(java.lang.Object, java.lang.Object, java.lang.Object, java.lang.Object, java.lang.Object, java.lang.Object, java.lang.Object)'> (0x0000000089ac77d0) 
thrown [s\src\hotspot\share\interpreter\linkResolver.cpp, line 771]
Event: 1.160 Thread 0x0000016c8d2752d0 Exception <a 'java/lang/NoSuchMethodError'{0x0000000089ad9330}: 'java.lang.Object java.lang.invoke.Invokers$Holder.invoker(java.lang.Object, java.lang.Object, java.lang.Object)'> (0x0000000089ad9330) 
thrown [s\src\hotspot\share\interpreter\linkResolver.cpp, line 771]
Event: 1.163 Thread 0x0000016c8d2752d0 Exception <a 'java/lang/NoSuchMethodError'{0x0000000089ae23d8}: 'java.lang.Object java.lang.invoke.DirectMethodHandle$Holder.invokeStatic(java.lang.Object, java.lang.Object, int)'> (0x0000000089ae23d8) 
thrown [s\src\hotspot\share\interpreter\linkResolver.cpp, line 771]
Event: 1.164 Thread 0x0000016c8d2752d0 Exception <a 'java/lang/NoSuchMethodError'{0x0000000089aee5e0}: 'void java.lang.invoke.DelegatingMethodHandle$Holder.delegate(java.lang.Object, java.lang.Object, int, java.lang.Object)'> (0x0000000089aee5e0) 
thrown [s\src\hotspot\share\interpreter\linkResolver.cpp, line 771]
Event: 1.165 Thread 0x0000016c8d2752d0 Exception <a 'java/lang/NoSuchMethodError'{0x0000000089af2728}: 'int java.lang.invoke.DirectMethodHandle$Holder.invokeSpecial(java.lang.Object, java.lang.Object, java.lang.Object)'> (0x0000000089af2728) 
thrown [s\src\hotspot\share\interpreter\linkResolver.cpp, line 771]
Event: 1.167 Thread 0x0000016c8d2752d0 Exception <a 'java/lang/NoSuchMethodError'{0x0000000089905d70}: 'java.lang.Object java.lang.invoke.Invokers$Holder.invokeExact_MT(java.lang.Object, java.lang.Object, java.lang.Object, java.lang.Object)'> (0x0000000089905d70) 
thrown [s\src\hotspot\share\interpreter\linkResolver.cpp, line 771]

VM Operations (10 events):
Event: 0.110 Executing VM operation: HandshakeAllThreads
Event: 0.111 Executing VM operation: HandshakeAllThreads done
Event: 1.026 Executing VM operation: HandshakeAllThreads
Event: 1.026 Executing VM operation: HandshakeAllThreads done
Event: 1.162 Executing VM operation: HandshakeAllThreads
Event: 1.162 Executing VM operation: HandshakeAllThreads done
Event: 1.162 Executing VM operation: Cleanup
Event: 1.163 Executing VM operation: Cleanup done
Event: 1.195 Executing VM operation: G1CollectForAllocation
Event: 1.202 Executing VM operation: G1CollectForAllocation done

Events (20 events):
Event: 1.162 loading class java/lang/invoke/MethodHandleImpl$ArrayAccessor$1 done
Event: 1.162 loading class java/lang/ClassValue$ClassValueMap
Event: 1.162 loading class java/lang/ClassValue$ClassValueMap done
Event: 1.166 loading class java/lang/invoke/BoundMethodHandle$Species_LLL
Event: 1.166 loading class java/lang/invoke/BoundMethodHandle$Species_LLL done
Event: 1.173 loading class java/lang/ConditionalSpecialCasing
Event: 1.174 loading class java/lang/ConditionalSpecialCasing done
Event: 1.174 loading class java/lang/ConditionalSpecialCasing$Entry
Event: 1.174 loading class java/lang/ConditionalSpecialCasing$Entry done
Event: 1.174 loading class java/lang/UnsatisfiedLinkError
Event: 1.175 loading class java/lang/UnsatisfiedLinkError done
Event: 1.177 loading class java/nio/channels/spi/AbstractInterruptibleChannel$1
Event: 1.177 loading class sun/nio/ch/Interruptible
Event: 1.177 loading class sun/nio/ch/Interruptible done
Event: 1.177 loading class java/nio/channels/spi/AbstractInterruptibleChannel$1 done
Event: 1.181 Loaded shared library C:\Users\zeoon\.gradle\native\e1d6ef7f7dcc3fd88c89a11ec53ec762bb8ba0a96d01ffa2cd45eb1d1d8dd5c5\windows-amd64\native-platform.dll
Event: 1.181 loading class jdk/internal/loader/NativeLibraries$Unloader
Event: 1.181 loading class jdk/internal/loader/NativeLibraries$Unloader done
Event: 1.182 loading class java/util/RegularEnumSet$EnumSetIterator
Event: 1.182 loading class java/util/RegularEnumSet$EnumSetIterator done


Dynamic libraries:
0x00007ff7ca1f0000 - 0x00007ff7ca1fa000 	C:\Program Files\Android\Android Studio\jbr\bin\java.exe
0x00007ffe4dcd0000 - 0x00007ffe4dec8000 	C:\WINDOWS\SYSTEM32\ntdll.dll
0x00007ffe4c9b0000 - 0x00007ffe4ca6d000 	C:\WINDOWS\System32\KERNEL32.DLL
0x00007ffe4b950000 - 0x00007ffe4bc46000 	C:\WINDOWS\System32\KERNELBASE.dll
0x00007ffe4b380000 - 0x00007ffe4b480000 	C:\WINDOWS\System32\ucrtbase.dll
0x00007ffe0ce90000 - 0x00007ffe0ceab000 	C:\Program Files\Android\Android Studio\jbr\bin\VCRUNTIME140.dll
0x00007ffe097e0000 - 0x00007ffe097f7000 	C:\Program Files\Android\Android Studio\jbr\bin\jli.dll
0x00007ffe4daf0000 - 0x00007ffe4dc8f000 	C:\WINDOWS\System32\USER32.dll
0x00007ffe4b8d0000 - 0x00007ffe4b8f2000 	C:\WINDOWS\System32\win32u.dll
0x00007ffe33910000 - 0x00007ffe33baa000 	C:\WINDOWS\WinSxS\amd64_microsoft.windows.common-controls_6595b64144ccf1df_6.0.19041.4355_none_60b8b9eb71f62e16\COMCTL32.dll
0x00007ffe4d270000 - 0x00007ffe4d29b000 	C:\WINDOWS\System32\GDI32.dll
0x00007ffe4c710000 - 0x00007ffe4c7ae000 	C:\WINDOWS\System32\msvcrt.dll
0x00007ffe4b550000 - 0x00007ffe4b667000 	C:\WINDOWS\System32\gdi32full.dll
0x00007ffe4b480000 - 0x00007ffe4b51d000 	C:\WINDOWS\System32\msvcp_win.dll
0x00007ffe4ca70000 - 0x00007ffe4caa2000 	C:\WINDOWS\System32\IMM32.DLL
0x00007ffe43110000 - 0x00007ffe4311c000 	C:\Program Files\Android\Android Studio\jbr\bin\vcruntime140_1.dll
0x00007ffde2ec0000 - 0x00007ffde2f4d000 	C:\Program Files\Android\Android Studio\jbr\bin\msvcp140.dll
0x00007ffd8a490000 - 0x00007ffd8b0fe000 	C:\Program Files\Android\Android Studio\jbr\bin\server\jvm.dll
0x00007ffe4cab0000 - 0x00007ffe4cb60000 	C:\WINDOWS\System32\ADVAPI32.dll
0x00007ffe4bd60000 - 0x00007ffe4be00000 	C:\WINDOWS\System32\sechost.dll
0x00007ffe4cb60000 - 0x00007ffe4cc83000 	C:\WINDOWS\System32\RPCRT4.dll
0x00007ffe4b520000 - 0x00007ffe4b547000 	C:\WINDOWS\System32\bcrypt.dll
0x00007ffe2ef30000 - 0x00007ffe2ef39000 	C:\WINDOWS\SYSTEM32\WSOCK32.dll
0x00007ffe41610000 - 0x00007ffe4161a000 	C:\WINDOWS\SYSTEM32\VERSION.dll
0x00007ffe49350000 - 0x00007ffe49377000 	C:\WINDOWS\SYSTEM32\WINMM.dll
0x00007ffe4cc90000 - 0x00007ffe4ccfb000 	C:\WINDOWS\System32\WS2_32.dll
0x00007ffe49b90000 - 0x00007ffe49ba2000 	C:\WINDOWS\SYSTEM32\kernel.appcore.dll
0x00007ffe21040000 - 0x00007ffe2104a000 	C:\Program Files\Android\Android Studio\jbr\bin\jimage.dll
0x00007ffe48da0000 - 0x00007ffe48f84000 	C:\WINDOWS\SYSTEM32\DBGHELP.DLL
0x00007ffe395a0000 - 0x00007ffe395d4000 	C:\WINDOWS\SYSTEM32\dbgcore.DLL
0x00007ffe4b840000 - 0x00007ffe4b8c2000 	C:\WINDOWS\System32\bcryptPrimitives.dll
0x00007ffdf5cc0000 - 0x00007ffdf5ce5000 	C:\Program Files\Android\Android Studio\jbr\bin\java.dll
0x00007ffde2ea0000 - 0x00007ffde2eb8000 	C:\Program Files\Android\Android Studio\jbr\bin\zip.dll
0x00007ffe4d380000 - 0x00007ffe4daeb000 	C:\WINDOWS\System32\SHELL32.dll
0x00007ffe493e0000 - 0x00007ffe49b7d000 	C:\WINDOWS\SYSTEM32\windows.storage.dll
0x00007ffe4cf10000 - 0x00007ffe4d263000 	C:\WINDOWS\System32\combase.dll
0x00007ffe4ada0000 - 0x00007ffe4adce000 	C:\WINDOWS\SYSTEM32\Wldp.dll
0x00007ffe4c7c0000 - 0x00007ffe4c88d000 	C:\WINDOWS\System32\OLEAUT32.dll
0x00007ffe4be60000 - 0x00007ffe4bf0d000 	C:\WINDOWS\System32\SHCORE.dll
0x00007ffe4bd00000 - 0x00007ffe4bd55000 	C:\WINDOWS\System32\shlwapi.dll
0x00007ffe4b2b0000 - 0x00007ffe4b2d4000 	C:\WINDOWS\SYSTEM32\profapi.dll
0x00007ffde2e50000 - 0x00007ffde2e69000 	C:\Program Files\Android\Android Studio\jbr\bin\net.dll
0x00007ffe45c40000 - 0x00007ffe45d4a000 	C:\WINDOWS\SYSTEM32\WINHTTP.dll
0x00007ffe4ab00000 - 0x00007ffe4ab6a000 	C:\WINDOWS\system32\mswsock.dll
0x00007ffde2e30000 - 0x00007ffde2e46000 	C:\Program Files\Android\Android Studio\jbr\bin\nio.dll
0x00007ffe20d90000 - 0x00007ffe20da0000 	C:\Program Files\Android\Android Studio\jbr\bin\verify.dll
0x00007ffe0ca00000 - 0x00007ffe0ca27000 	C:\Users\zeoon\.gradle\native\e1d6ef7f7dcc3fd88c89a11ec53ec762bb8ba0a96d01ffa2cd45eb1d1d8dd5c5\windows-amd64\native-platform.dll

dbghelp: loaded successfully - version: 4.0.5 - missing functions: none
symbol engine: initialized successfully - sym options: 0x614 - pdb path: .;C:\Program Files\Android\Android Studio\jbr\bin;C:\WINDOWS\SYSTEM32;C:\WINDOWS\WinSxS\amd64_microsoft.windows.common-controls_6595b64144ccf1df_6.0.19041.4355_none_60b8b9eb71f62e16;C:\Program Files\Android\Android Studio\jbr\bin\server;C:\Users\zeoon\.gradle\native\e1d6ef7f7dcc3fd88c89a11ec53ec762bb8ba0a96d01ffa2cd45eb1d1d8dd5c5\windows-amd64

VM Arguments:
jvm_args: -Dorg.gradle.appname=gradlew 
java_command: org.gradle.wrapper.GradleWrapperMain -q -Ptarget-platform=android-x64 -Ptarget=D:\GitHub\McQueenCourier\lib\main.dart -Pbase-application-name=android.app.Application -Pdart-defines=RkxVVFRFUl9XRUJfQVVUT19ERVRFQ1Q9dHJ1ZQ==,RkxVVFRFUl9XRUJfQ0FOVkFTS0lUX1VSTD1odHRwczovL3d3dy5nc3RhdGljLmNvbS9mbHV0dGVyLWNhbnZhc2tpdC8wNDgxN2M5OWM5ZmQ0OTU2ZjI3NTA1MjA0ZjdlMzQ0MzM1ODEwYWVkLw== -Pdart-obfuscation=false -Ptrack-widget-creation=true -Ptree-shake-icons=false -Pfilesystem-scheme=org-dartlang-root assembleDebug
java_class_path (initial): D:\GitHub\McQueenCourier\android\\gradle\wrapper\gradle-wrapper.jar
Launcher Type: SUN_STANDARD

[Global flags]
     intx CICompilerCount                          = 4                                         {product} {ergonomic}
     uint ConcGCThreads                            = 2                                         {product} {ergonomic}
     uint G1ConcRefinementThreads                  = 8                                         {product} {ergonomic}
   size_t G1HeapRegionSize                         = 1048576                                   {product} {ergonomic}
    uintx GCDrainStackTargetSize                   = 64                                        {product} {ergonomic}
   size_t InitialHeapSize                          = 132120576                                 {product} {ergonomic}
   size_t MarkStackSize                            = 4194304                                   {product} {ergonomic}
   size_t MaxHeapSize                              = 2095054848                                {product} {ergonomic}
   size_t MaxNewSize                               = 1256194048                                {product} {ergonomic}
   size_t MinHeapDeltaBytes                        = 1048576                                   {product} {ergonomic}
   size_t MinHeapSize                              = 8388608                                   {product} {ergonomic}
    uintx NonNMethodCodeHeapSize                   = 5839372                                {pd product} {ergonomic}
    uintx NonProfiledCodeHeapSize                  = 122909434                              {pd product} {ergonomic}
    uintx ProfiledCodeHeapSize                     = 122909434                              {pd product} {ergonomic}
    uintx ReservedCodeCacheSize                    = 251658240                              {pd product} {ergonomic}
     bool SegmentedCodeCache                       = true                                      {product} {ergonomic}
   size_t SoftMaxHeapSize                          = 2095054848                             {manageable} {ergonomic}
     bool UseCompressedClassPointers               = true                           {product lp64_product} {ergonomic}
     bool UseCompressedOops                        = true                           {product lp64_product} {ergonomic}
     bool UseG1GC                                  = true                                      {product} {ergonomic}
     bool UseLargePagesIndividualAllocation        = false                                  {pd product} {ergonomic}

Logging:
Log output configuration:
 #0: stdout all=warning uptime,level,tags
 #1: stderr all=off uptime,level,tags

Environment Variables:
JAVA_HOME=C:\Program Files\Android\Android Studio\jbr
CLASSPATH=D:\GitHub\McQueenCourier\android\\gradle\wrapper\gradle-wrapper.jar
PATH=C:\Program Files\Android\Android Studio\jbr\bin;C:\Python312\Scripts\;C:\Python312\;D:\src\flutter\bin;C:\Program Files\dotnet\;C:\ProgramData\chocolatey\bin;D:\MATRIKS;D:\MATRIKS\System32\;D:\Git\cmd;C:\Windows\System32;C:\Users\zeoon\AppData\Local\Android\Sdk\platform-tools;D:\src\flutter\bin;C:\Users\zeoon\.dotnet\tools;C:\Users\zeoon\AppData\Local\Programs\Microsoft VS Code\bin;C:\Users\zeoon\AppData\Local\GitHubDesktop\bin;D:\src\flutter\bin\mingit\cmd;D:\src\flutter\bin\mingit\cmd
USERNAME=zeoon
OS=Windows_NT
PROCESSOR_IDENTIFIER=Intel64 Family 6 Model 140 Stepping 1, GenuineIntel
TMP=C:\Users\zeoon\AppData\Local\Temp
TEMP=C:\Users\zeoon\AppData\Local\Temp


JNI global refs:
JNI global refs: 9, weak refs: 0

JNI global refs memory usage: 843, weak refs: 209


---------------  S Y S T E M  ---------------

OS:
 Windows 10 , 64 bit Build 19041 (10.0.19041.3636)
OS uptime: 0 days 0:52 hours

CPU: total 8 (initial active 8) (4 cores per cpu, 2 threads per core) family 6 model 140 stepping 1 microcode 0x8a, cx8, cmov, fxsr, ht, mmx, 3dnowpref, sse, sse2, sse3, ssse3, sse4.1, sse4.2, popcnt, lzcnt, tsc, tscinvbit, avx, avx2, aes, erms, clmul, bmi1, bmi2, adx, avx512f, avx512dq, avx512cd, avx512bw, avx512vl, sha, fma, vzeroupper, avx512_vpopcntdq, avx512_vpclmulqdq, avx512_vaes, avx512_vnni, clflush, clflushopt, clwb, avx512_vbmi2, avx512_vbmi

Memory: 4k page, system-wide physical 7991M (212M free)
TotalPageFile size 18142M (AvailPageFile size 8M)
current process WorkingSet (physical memory assigned to process): 86M, peak: 86M
current process commit charge ("private bytes"): 221M, peak: 222M

vm_info: OpenJDK 64-Bit Server VM (17.0.6+0-b2043.56-10027231) for windows-amd64 JRE (17.0.6+0-b2043.56-10027231), built on Apr 28 2023 00:43:19 by "androidbuild" with MS VC++ 16.10 / 16.11 (VS2019)

END.
